IQ-TREE multicore version 2.4.0 for MacOS Intel 64-bit built Feb 12 2025
Developed by Bui Quang Minh, Nguyen Lam Tung, Olga Chernomor, Heiko Schmidt,
Dominik Schrempf, Michael Woodhams, Ly Trong Nhan, Thomas Wong

Host:    S31-9YFL2JH7 (SSE4.2, 48 GB RAM)
Command: iqtree -s ../../alignments/USUV_2025Jun24_alldata_aligned_formatted_noFLI_NFLG.fasta -g USUV_2025Jun24_alldata_aligned_formatted_noFLI_NFLG_subsampled.fasta.treefile -m GTR+F -czb -B 1000 -T AUTO
Seed:    497372 (Using SPRNG - Scalable Parallel Random Number Generator)
Time:    Fri Jul  4 12:01:10 2025
Kernel:  SSE2 - auto-detect threads (16 CPU cores detected)

Reading alignment file ../../alignments/USUV_2025Jun24_alldata_aligned_formatted_noFLI_NFLG.fasta ... Fasta format detected
Reading fasta file: done in 0.0788002 secs using 92.56% CPU
Alignment most likely contains DNA/RNA sequences
Alignment has 694 sequences with 10305 columns, 3875 distinct patterns
2265 parsimony-informative, 1005 singleton sites, 7035 constant sites
                                                                                         Gap/Ambiguity  Composition  p-value
Analyzing sequences: done in 0.00153399 secs using 1256% CPU
   1  NA|20VIR5077|turdus_merula|IT|2020-08-21                                                   0.00%    passed     99.81%
   2  NA|23VIR9300|turdus_merula|IT|2023-10-01                                                   0.00%    passed     99.50%
   3  NA|23pool2067_23RS1943-143|culex_pipiens|IT|2023-08-24                                     0.00%    passed     99.60%
   4  NA|23pool1901_23RS1909-300|culex_pipiens|IT|2023-08-16                                     0.00%    passed     99.61%
   5  NA|23VIR8708|columbidae_sp|IT|2023-09-01                                                   0.01%    passed     99.23%
   6  MW164662|13pool5744|culex_pipiens|IT|2013-08-13                                            0.01%    passed     99.79%
   7  MW164683|14pool895|culex_pipiens|IT|2014-07-22                                             0.03%    passed     99.77%
   8  MW164681|14pool1703|culex_pipiens|IT|2014-09-23                                            0.03%    passed     99.75%
   9  MW164690|15pool1564|culex_pipiens|IT|2015-08-17                                            0.00%    passed     99.78%
  10  MW164692|15pool1759|culex_pipiens|IT|2015-09-02                                            0.00%    passed     99.78%
  11  MW164697|16pool1634|culex_pipiens|IT|2016-07-20                                            0.00%    passed     99.86%
  12  MW164701|16pool2021|culex_pipiens|IT|2016-08-08                                            0.02%    passed     99.89%
  13  MW164693|15pool1939|culex_pipiens|IT|2015-09-21                                            0.00%    passed     99.95%
  14  MW164700|16pool1870|culex_pipiens|IT|2016-08-01                                            0.00%    passed     99.95%
  15  MW164706|16pool2355|culex_pipiens|IT|2016-08-29                                            0.00%    passed     99.93%
  16  MW164704|16pool2311|culex_pipiens|IT|2016-08-24                                            0.00%    passed     99.91%
  17  MW164731|18pool1018|culex_pipiens|IT|2018-07-10                                            0.00%    passed     99.94%
  18  MW164749|18pool1506|culex_pipiens|IT|2018-07-31                                            0.00%    passed     99.97%
  19  MW164710|17pool1250|culex_pipiens|IT|2017-07-19                                            0.02%    passed     99.82%
  20  MW164725|17pool1729|culex_pipiens|IT|2017-08-21                                            0.00%    passed     99.86%
  21  MW164729|17VIR8655-3|larus_michahellis|IT|2017-09-18                                       0.00%    passed     99.92%
  22  MW164748|18pool1442|culex_pipiens|IT|2018-07-31                                            0.01%    passed     99.89%
  23  MW164727|17VIR7761-4|sturnus_vulgaris|IT|2017-09-01                                        0.00%    passed     99.94%
  24  MW164728|17VIR7838-4|turdus_merula|IT|2017-08-30                                           0.00%    passed     99.94%
  25  MW164722|17pool1671|culex_pipiens|IT|2017-08-16                                            0.00%    passed     99.98%
  26  MW164709|17pool1191|culex_pipiens|IT|2017-07-17                                            0.01%    passed     99.83%
  27  MW164761|18pool1662|culex_pipiens|IT|2018-08-14                                            0.00%    passed     99.87%
  28  MW164686|15pool1335|culex_pipiens|IT|2015-08-03                                            0.00%    passed     99.72%
  29  MW164703|16pool2117|culex_pipiens|IT|2016-08-16                                            0.03%    passed     99.53%
  30  MW164734|18pool1141|culex_pipiens|IT|2018-07-17                                            0.00%    passed     99.71%
  31  MW164712|17pool1309|culex_pipiens|IT|2017-07-24                                            0.00%    passed     99.97%
  32  MW164723|17pool1688|culex_pipiens|IT|2017-08-16                                            0.00%    passed     99.97%
  33  MW164716|17pool1544|culex_pipiens|IT|2017-08-07                                            0.01%    passed     99.97%
  34  MW164730|18pool1009|culex_pipiens|IT|2018-07-10                                            0.00%    passed     99.95%
  35  MW164754|18pool1556|culex_pipiens|IT|2018-08-07                                            0.00%    passed     99.97%
  36  MW164759|18pool1649|culex_pipiens|IT|2018-08-14                                            0.00%    passed     99.96%
  37  MW164746|18pool1405|culex_pipiens|IT|2018-07-26                                            0.00%    passed    100.00%
  38  MW164766|18pool1965|culex_pipiens|IT|2018-09-06                                            0.01%    passed     99.98%
  39  MW164715|17pool1525|culex_pipiens|IT|2017-08-07                                            0.00%    passed     99.86%
  40  MW164747|18pool1430|culex_pipiens|IT|2018-07-31                                            0.00%    passed     99.86%
  41  MW164760|18pool1660|culex_pipiens|IT|2018-08-14                                            0.01%    passed     99.95%
  42  MW164687|15pool1419|culex_pipiens|IT|2015-08-05                                            0.00%    passed     99.88%
  43  MW164691|15pool1751|culex_pipiens|IT|2015-09-02                                            0.00%    passed     99.99%
  44  MW164694|15VIR4781-31|turdus_iliacus|IT|2015-09-15                                         0.00%    passed     99.98%
  45  MW164743|18pool1267|culex_pipiens|IT|2018-07-19                                            0.00%    passed     99.98%
  46  MW164699|16pool1839|culex_pipiens|IT|2016-08-01                                            0.00%    passed     99.61%
  47  MW164737|18pool1229|culex_pipiens|IT|2018-07-19                                            0.28%    passed     99.40%
  48  MW164742|18pool1264|culex_pipiens|IT|2018-07-19                                            0.01%    passed     99.81%
  49  NA|20VIR4951|serinus_canaria|IT|2020-08-19                                                 0.00%    passed     99.89%
  50  MW164769|18pool948|culex_pipiens|IT|2018-07-06                                             0.00%    passed     99.73%
  51  MW164732|18pool108G|culex_pipiens|IT|2018-09-06                                            0.01%    passed     99.53%
  52  MW164757|18pool1614|culex_pipiens|IT|2018-08-09                                            0.00%    passed     99.59%
  53  MW164770|18VIR7808-6|ciconia_ciconia|IT|2018-09-07                                         0.00%    passed     99.99%
  54  MW164713|17pool1488|culex_pipiens|IT|2017-08-02                                            0.00%    passed     99.53%
  55  MW164735|18pool1163|culex_pipiens|IT|2018-07-17                                            0.09%    passed     99.58%
  56  MW164726|17pool1923|culex_pipiens|IT|2017-09-11                                            0.00%    passed     99.91%
  57  MW164739|18pool1261|culex_pipiens|IT|2018-07-19                                            0.01%    passed     99.98%
  58  MW164750|18pool1509|culex_pipiens|IT|2018-07-31                                            0.40%    passed     98.96%
  59  MW164717|17pool1609|culex_pipiens|IT|2017-08-16                                            0.30%    passed     99.76%
  60  MW164765|18pool1832|culex_pipiens|IT|2018-08-28                                            0.00%    passed     99.61%
  61  NA|22VIR7086-3|turdus_merula|IT|2022-07-18                                                 0.00%    passed     99.85%
  62  NA|23pool1280_23RS1633-583|culex_pipiens|IT|2023-07-05                                     0.00%    passed     99.96%
  63  NA|23VIR8795|turdus_merula|IT|2023-08-23                                                   0.00%    passed     99.95%
  64  NA|23pool2138_23RS2497-1|culex_pipiens|IT|2023-11-13                                       0.00%    passed    100.00%
  65  ON032478|ITA2018_18638|turdus_merula|IT|2018-09-03                                         0.00%    passed     99.77%
  66  NA|20VIR4811|serinus_canaria|IT|2020-08-10                                                 0.00%    passed     99.87%
  67  MW164762|18pool1712|culex_pipiens|IT|2018-08-17                                            0.01%    passed     99.95%
  68  MW164753|18pool1523|culex_pipiens|IT|2018-08-02                                            0.16%    passed     99.92%
  69  MW164634|11pool1743|culex_pipiens|IT|2011-08-09                                            0.00%    passed     99.75%
  70  MW164635|11pool1805|culex_pipiens|IT|2011-08-09                                            0.01%    passed     99.53%
  71  MW164636|11pool1941|culex_pipiens|IT|2011-08-16                                            0.00%    passed     99.45%
  72  MW164639|11pool2135|culex_pipiens|IT|2011-08-30                                            0.00%    passed     99.59%
  73  MW164641|12pool1898|culex_pipiens|IT|2012-07-24                                            0.05%    passed     99.68%
  74  MW164642|12pool1948|culex_pipiens|IT|2012-07-24                                            0.01%    passed     99.61%
  75  MW164669|13pool6471|culex_pipiens|IT|2013-09-05                                            0.00%    passed     99.77%
  76  MW164670|13pool6472|culex_pipiens|IT|2013-09-05                                            0.00%    passed     99.54%
  77  MW164658|13pool5009|culex_pipiens|IT|2013-07-31                                            0.01%    passed     99.42%
  78  MW164678|14pool1494|culex_pipiens|IT|2014-09-02                                            0.00%    passed     99.62%
  79  MW164679|14pool1511|culex_pipiens|IT|2014-09-03                                            0.01%    passed     99.14%
  80  MW164640|11pool2444|culex_pipiens|IT|2011-09-21                                            0.01%    passed     99.73%
  81  MW164648|12pool2316|culex_pipiens|IT|2012-08-22                                            0.00%    passed     99.30%
  82  MW164654|12VIR6777-9|turdus_pilaris|IT|2012-09-05                                          0.00%    passed     99.43%
  83  MW164652|12pool2628|culex_pipiens|IT|2012-09-05                                            0.00%    passed     99.88%
  84  MW164663|13pool5778|culex_pipiens|IT|2013-08-13                                            0.01%    passed     99.68%
  85  MW164668|13pool6465|culex_pipiens|IT|2013-09-05                                            0.01%    passed     99.77%
  86  MW164676|14pool1478|culex_pipiens|IT|2014-09-02                                            0.01%    passed     98.58%
  87  MW164672|14pool1388|culex_pipiens|IT|2014-08-22                                            0.14%    passed     99.57%
  88  MW164671|14pool1366|culex_pipiens|IT|2014-08-20                                            0.00%    passed     99.81%
  89  MW164682|14pool857|culex_pipiens|IT|2014-07-22                                             0.02%    passed     99.54%
  90  MW164673|14pool1394|culex_pipiens|IT|2014-08-26                                            0.01%    passed     99.85%
  91  MW164684|14VIR5467-8|NA|IT|2014-09-02                                                      0.00%    passed     99.81%
  92  MW164685|15pool1187|culex_pipiens|IT|2015-07-22                                            0.02%    passed     99.53%
  93  MW164711|17pool1252|culex_pipiens|IT|2017-07-19                                            0.02%    passed     99.18%
  94  MW164740|18pool1262|culex_pipiens|IT|2018-07-19                                            0.00%    passed     99.03%
  95  MW164751|18pool1519|culex_pipiens|IT|2018-08-02                                            0.00%    passed     99.15%
  96  MW164752|18pool1522|culex_pipiens|IT|2018-08-02                                            0.04%    passed     99.42%
  97  MW164755|18pool1575|culex_pipiens|IT|2018-08-07                                            0.00%    passed     99.03%
  98  MW164744|18pool1347|culex_pipiens|IT|2018-07-24                                            0.01%    passed     98.79%
  99  MW164768|18pool78G|culex_pipiens|IT|2018-08-09                                             0.01%    passed     99.38%
 100  MW164756|18pool1610|culex_pipiens|IT|2018-08-09                                            0.00%    passed     99.43%
 101  MW164767|18pool2042|culex_pipiens|IT|2018-09-13                                            0.00%    passed     99.59%
 102  MW164736|18pool1219|culex_pipiens|IT|2018-07-17                                            0.00%    passed     99.33%
 103  MW164707|16pool2571|culex_pipiens|IT|2016-09-14                                            0.01%    passed     99.80%
 104  MW164719|17pool1647|culex_pipiens|IT|2017-08-16                                            0.03%    passed     99.96%
 105  MW164764|18pool1795|culex_pipiens|IT|2018-08-23                                            0.00%    passed    100.00%
 106  MW164758|18pool1617|culex_pipiens|IT|2018-08-09                                            0.00%    passed     99.99%
 107  MW164745|18pool1398|culex_pipiens|IT|2018-07-26                                            0.02%    passed     99.99%
 108  MW164708|17pool103G|culex_pipiens|IT|2017-08-30                                            0.00%    passed     99.86%
 109  MW164771|18VIR7859-4|turdus_merula|IT|2018-09-07                                           0.00%    passed     99.89%
 110  MW164733|18pool1124|culex_pipiens|IT|2018-07-12                                            0.17%    passed     99.40%
 111  MW164714|17pool1493|culex_pipiens|IT|2017-08-02                                            0.00%    passed     99.55%
 112  MW164720|17pool1653|culex_pipiens|IT|2017-08-16                                            0.04%    passed     99.49%
 113  MW164688|15pool1426|culex_pipiens|IT|2015-08-06                                            0.00%    passed     99.59%
 114  MW164741|18pool1263|culex_pipiens|IT|2018-07-19                                            0.00%    passed     99.91%
 115  MW164724|17pool1709|culex_pipiens|IT|2017-08-17                                            0.38%    passed     99.63%
 116  KU573070|216606/2013|culex_pipiens|IT|2013                                                 0.00%    passed     99.94%
 117  KX816647|208576-8/2011|culex_pipiens|IT|2011-08                                            0.07%    passed     99.73%
 118  KX816648|220921-2/2011|culex_pipiens|IT|2011-09                                            0.88%    passed     97.32%
 119  KX816649|231247/2011|turdus_merula|IT|2011-09                                              0.00%    passed     99.27%
 120  MW164660|13pool5678|culex_pipiens|IT|2013-08-08                                            0.03%    passed    100.00%
 121  MW164661|13pool5687|culex_pipiens|IT|2013-08-08                                            0.00%    passed     99.98%
 122  MW164664|13pool5827|culex_pipiens|IT|2013-08-13                                            0.01%    passed    100.00%
 123  KX816651|211204-8/2012|culex_pipiens|IT|2012-08                                            0.00%    passed     99.94%
 124  KX816650|211984-4/2012|culex_pipiens|IT|2012-08                                            0.00%    passed     99.96%
 125  KU573075|201602-24/2014|culex_pipiens|IT|2014                                              0.00%    passed     99.95%
 126  KX816652|211204-7/2012|culex_pipiens|IT|2012-08                                            0.00%    passed     99.66%
 127  ON032479|ITA2010_12543|turdus_merula|IT|2010                                               0.00%    passed     99.85%
 128  KX555624|NA|turdus_merula|IT|2010                                                          0.00%    passed     99.85%
 129  KX555626|NA|turdus_merula|IT|2010                                                          0.00%    passed     99.94%
 130  KX555625|NA|turdus_merula|IT|2010                                                          0.00%    passed     99.91%
 131  HM569263|NA|homo_sapiens|IT|2009-09-24                                                     0.00%    passed     99.67%
 132  KX268471|ITA-055|culex_modestus|IT|2011                                                    0.00%    passed     99.43%
 133  MF991886|BD1/17-AT|homo_sapiens|AT|2017-07-24                                              0.00%    passed     99.97%
 134  KX555627|NA|turdus_merula|IT|2010                                                          0.00%    passed     99.95%
 135  KX555628|NA|turdus_merula|IT|2010                                                          0.00%    passed     99.99%
 136  KU573071|218200/2013|culex_pipiens|IT|2013                                                 5.19%    passed     98.12%
 137  KU573072|221034-3/2013|culex_pipiens|IT|2013                                               0.01%    passed     98.66%
 138  ON032477|ITA2018_17495|turdus_merula|IT|2018-08-17                                         0.00%    passed     99.94%
 139  OP734256|NA|culex_pipiens|IT|2022-07-29                                                    0.00%    passed     99.99%
 140  MF063042|AT-N211/16|turdus_merula|AT|2016-09-29                                            0.00%    passed     99.87%
 141  MF063043|HU-47540/16|turdus_merula|HU|2016-09-26                                           0.00%    passed     99.99%
 142  MW164637|11pool1989|culex_pipiens|IT|2011-08-23                                            0.04%    passed     99.74%
 143  MW164638|11pool2109|culex_pipiens|IT|2011-08-24                                            0.00%    passed     99.81%
 144  MW164643|12pool2046|culex_pipiens|IT|2012-07-24                                            0.00%    passed     98.89%
 145  MW164644|12pool2194|culex_pipiens|IT|2012-08-09                                            0.00%    passed     99.49%
 146  MW164645|12pool2214|culex_pipiens|IT|2012-08-07                                            0.04%    passed     99.51%
 147  MW164665|13pool5873|culex_pipiens|IT|2013-08-13                                            0.00%    passed     99.63%
 148  MW164650|12pool2586|culex_pipiens|IT|2012-08-23                                            0.01%    passed     99.82%
 149  MW164667|13pool6009|culex_pipiens|IT|2013-08-21                                            0.00%    passed     99.41%
 150  MW164656|12VIR6787-11|alauda_arvensis|IT|2012-09-03                                        0.00%    passed     99.85%
 151  MW164655|12VIR6787-10|alauda_arvensis|IT|2012-09-03                                        0.00%    passed     99.92%
 152  MW164657|12VIR6787-9|alauda_arvensis|IT|2012-09-03                                         0.00%    passed     99.91%
 153  MW164646|12pool2249|culex_pipiens|IT|2012-08-07                                            0.00%    passed     99.71%
 154  MW164659|13pool5600|culex_pipiens|IT|2013-08-07                                            0.02%    passed     99.94%
 155  MW164649|12pool2412|culex_pipiens|IT|2012-08-22                                            0.00%    passed     99.59%
 156  MW164674|14pool1419|culex_pipiens|IT|2014-08-26                                            0.00%    passed     99.84%
 157  MW164680|14pool1698|culex_pipiens|IT|2014-09-23                                            0.00%    passed     99.76%
 158  MW164698|16pool1777|culex_pipiens|IT|2016-07-25                                            0.00%    passed     99.76%
 159  MW164695|15VIR4781-42|turdus_merula|IT|2015-09-15                                          0.00%    passed     99.97%
 160  MW164696|15VIR4781-43|turdus_merula|IT|2015-09-15                                          0.00%    passed     99.97%
 161  MW164705|16pool2336|culex_pipiens|IT|2016-08-29                                            0.01%    passed     99.70%
 162  MW164689|15pool1503|culex_pipiens|IT|2015-08-10                                            0.00%    passed     99.91%
 163  MW164702|16pool2106|culex_pipiens|IT|2016-08-16                                            0.00%    passed     99.99%
 164  MW164647|12pool2262|culex_pipiens|IT|2012-08-07                                            0.06%    passed     99.61%
 165  MW164653|12pool2653|culex_pipiens|IT|2012-09-05                                            0.00%    passed     99.49%
 166  MW164677|14pool1489|culex_pipiens|IT|2014-09-02                                            0.00%    passed     99.31%
 167  MW164651|12pool2626|culex_pipiens|IT|2012-09-05                                            0.00%    passed     99.91%
 168  MW164666|13pool5999|culex_pipiens|IT|2013-08-21                                            0.02%    passed     99.95%
 169  JF266698|NA|turdus_merula|IT|2009                                                          0.00%    passed     99.71%
 170  JQ219843|NA|cyanistes_caeruleus|AT|2002-08-29                                              0.01%    passed     98.62%
 171  EF206350|Budapest|turdus_merula|HU|2005                                                    0.00%    passed     99.70%
 172  AY453411|NA|NA|AT|2001                                                                     0.00%    passed     98.55%
 173  MW164721|17pool1664|culex_pipiens|IT|2017-08-16                                            0.02%    passed     99.99%
 174  MT784898|NA|turdus_iliacus|IT|2017                                                         0.00%    passed     99.99%
 175  PP104383|TE2518012|culex_pipiens|IT|2023-08-02                                             0.00%    passed     99.87%
 176  OP734260|NA|culex_pipiens|IT|2022-07-08                                                    0.00%    passed    100.00%
 177  ON032482|ITA2021_304421|larus_michahellis|IT|2021-09-08                                    0.00%    passed    100.00%
 178  OR757492|17404213|culex_pipiens|IT|2023-07-24                                              0.00%    passed     99.96%
 179  OR757494|17404220|turdus_merula|IT|2023-07-24                                              0.02%    passed     99.95%
 180  MT784899|NA|turdus_merula|IT|2017                                                          0.03%    passed     99.78%
 181  PP104387|TE2518512|sturnus_vulgaris|IT|2023-09-13                                          0.00%    passed     99.96%
 182  PP104388|TE2518612|turdus_merula|IT|2023-09-22                                             0.00%    passed     99.95%
 183  NA|23VIR9292|turdus_merula|IT|2023-10-01                                                   0.00%    passed     99.92%
 184  PP104391|TE2518912|turdus_merula|IT|2023-09-07                                             0.00%    passed     99.87%
 185  OR921102|2023TE1908911|culex_pipiens|IT|2023-09-15                                         0.00%    passed     99.60%
 186  OP734250|NA|culex_pipiens|IT|2022-07-29                                                    0.00%    passed     99.95%
 187  OP734253|NA|culex_pipiens|IT|2022-08-05                                                    0.02%    passed     99.98%
 188  ON813234|ITA2021_299815|turdus_merula|IT|2021                                              0.01%    passed    100.00%
 189  ON032481|ITA2021_302715|turdus_merula|IT|2021-09-02                                        0.00%    passed     99.99%
 190  ON032487|ITA2021_299813|turdus_merula|IT|2021                                              0.00%    passed    100.00%
 191  ON032483|ITA2021_301597|turdus_merula|IT|2021-08-19                                        0.15%    passed     99.88%
 192  ON032480|ITA2021_305818|turdus_merula|IT|2021-09-30                                        0.00%    passed     99.93%
 193  ON032485|ITA2021_302331|turdus_merula|IT|2021                                              0.00%    passed     99.98%
 194  ON032474|ITA2020_115108|culex_pipiens|IT|2020                                              0.00%    passed    100.00%
 195  ON032475|ITA2020_123828|muscicapa_striata|IT|2020                                          0.00%    passed    100.00%
 196  MW164738|18pool1258|culex_pipiens|IT|2018-07-19                                            0.00%    passed     99.99%
 197  ON032476|ITA2020_155885|turdus_merula|IT|2020                                              0.01%    passed     99.98%
 198  ON032486|ITA2021_310782|turdus_merula|IT|2021                                              0.00%    passed     99.90%
 199  ON032484|ITA2021_305812|columba_palumbus|IT|2021-09-10                                     0.25%    passed     99.98%
 200  OR921103|2023TE1683411|culex_pipiens|IT|2023-08-11                                         0.85%    passed     99.82%
 201  OP734254|NA|NA|IT|2022-08-08                                                               0.00%    passed     99.81%
 202  OR757493|17404216|culex_pipiens|IT|2023-07-15                                              0.00%    passed     99.85%
 203  OP734246|NA|culex_pipiens|IT|2022-07-29                                                    0.00%    passed    100.00%
 204  OR757497|1740425|culex_pipiens|IT|2023-07-16                                               0.01%    passed     99.97%
 205  OP734251|NA|culex_pipiens|IT|2022-08-01                                                    0.27%    passed     99.95%
 206  NA|22VIR8404-2|turdus_merula|IT|2022-09-01                                                 0.00%    passed     99.93%
 207  MN989418|Usutu/Goose/Italy/17917/2018|anatidae__duck_sp_|IT|2018-08-20                     0.00%    passed     99.88%
 208  NA|USUV-GR1439/2024|homo_sapiens|EL|2024-09-16                                             0.00%    passed     99.93%
 209  OP734252|NA|culex_pipiens|IT|2022-08-01                                                    0.67%    passed     99.92%
 210  OR573992|AS201700144|branta_ruficollis|NL|2017-08-15                                       0.00%    passed     97.83%
 211  NA|AS201700144|branta_ruficollis|NL|2017-08-14                                             0.00%    passed     97.83%
 212  OR573993|AS201700147|branta_ruficollis|NL|2017-08-15                                       0.00%    passed     98.28%
 213  NA|AS201700147|branta_ruficollis|NL|2017-08-14                                             0.00%    passed     98.28%
 214  NA|AS20190530|turdus_merula|NL|2019-08-19                                                  0.00%    passed     98.78%
 215  MN122166|AS201600133|turdus_merula|NL|2016-09-23                                           0.00%    passed     98.56%
 216  MN122190|AS201700080|turdus_merula|NL|2017-07-05                                           0.00%    passed     98.96%
 217  MK796168|AS201600070|strix_nebulosa|NL|2016-09-13                                          0.00%    passed     99.12%
 218  MN122213|AS201700248|turdus_merula|NL|2017-09-20                                           0.00%    passed     98.71%
 219  KY315178|Gracula_religiosa/U1609393/Belgium/2016|gracula_religiosa|BE|2016-10-03           0.00%    passed     98.78%
 220  NA|AS20221798|turdus_merula|NL|2022-08-30                                                  0.00%    passed     99.54%
 221  MT133690|UV/BlackBird/Sweden/SVA190801SZ0368/VLT001567/2019|turdus_merula|SE|2019-08-01    0.00%    passed     99.40%
 222  KX977447|NA|turdus_merula|BE|2016-09                                                       0.61%    passed     99.28%
 223  KY263626|NA|turdus_merula|BE|2016-09                                                       0.00%    passed     99.35%
 224  MN122152|AS201600060|turdus_merula|NL|2016-09-12                                           0.00%    passed     98.77%
 225  MN122196|AS201700103|turdus_merula|NL|2017-07-19                                           0.00%    passed     97.50%
 226  MN122203|AS201700127|turdus_merula|NL|2017-07-30                                           0.00%    passed     99.08%
 227  MN122158|AS201600104|turdus_merula|NL|2016-09-22                                           0.00%    passed     98.04%
 228  MN122235|AS201800112|turdus_merula|NL|2018-08-14                                           0.00%    passed     97.96%
 229  MN122177|AS201600253|turdus_merula|NL|2016-09-27                                           0.00%    passed     99.46%
 230  MN122174|AS201600241|turdus_merula|NL|2016-09-27                                           0.00%    passed     98.73%
 231  MN122188|AS201700024|turdus_merula|NL|2017-04-11                                           0.00%    passed     99.08%
 232  MN122189|AS201700077|turdus_merula|NL|2017-07-03                                           0.00%    passed     97.71%
 233  MN122192|AS201700086|turdus_merula|NL|2017-07-11                                           0.00%    passed     99.13%
 234  MN122198|AS201700109|turdus_merula|NL|2017-07-25                                           0.00%    passed     98.88%
 235  NA|20TV2299|turdus_merula|NL|2020-08-29                                                    0.00%    passed     98.88%
 236  MN122215|AS201800038|turdus_merula|NL|2017-09-11                                           0.00%    passed     97.98%
 237  KJ438764|NA|turdus_merula|DE|2012-07-17                                                    0.00%    passed     98.72%
 238  KY426753|NA|turdus_merula|DE|2015-08-18                                                    0.00%    passed     98.55%
 239  KY426750|NA|turdus_merula|DE|2015-10-07                                                    0.00%    passed     98.29%
 240  KY426752|NA|turdus_merula|DE|2015-08-18                                                    0.00%    passed     98.06%
 241  HE599647|BH65/11-02-03|turdus_merula|DE|2011-09-10                                         0.00%    passed     98.77%
 242  OP555958|NA|turdus_merula|BE|2017-08-07                                                    0.00%    passed     98.31%
 243  KY426755|NA|turdus_merula|DE|2016-09-19                                                    0.00%    passed     98.94%
 244  OP555957|NA|turdus_merula|BE|2017-07-24                                                    0.01%    passed     99.40%
 245  KY426756|NA|turdus_merula|DE|2016-09-23                                                    0.00%    passed     98.34%
 246  KY426759|NA|turdus_merula|DE|2016-09-12                                                    0.00%    passed     98.29%
 247  KJ438759|NA|turdus_merula|DE|2011-09-28                                                    0.00%    passed     99.40%
 248  KJ438705|NA|culex_pipiens|DE|2010-07-14                                                    0.00%    passed     98.04%
 249  KJ438706|NA|culex_pipiens|DE|2011-07-05                                                    0.00%    passed     98.33%
 250  KJ438707|NA|culex_pipiens|DE|2011-07-07                                                    0.00%    passed     98.33%
 251  KJ438708|NA|culex_pipiens|DE|2011-08-08                                                    0.00%    passed     98.77%
 252  KJ438709|NA|culex_pipiens|DE|2012-08-15                                                    0.00%    passed     97.54%
 253  KJ438710|NA|turdus_merula|DE|2011-09-11                                                    0.00%    passed     98.32%
 254  KJ438711|NA|turdus_merula|DE|2011-09-15                                                    0.00%    passed     98.06%
 255  KJ438712|NA|turdus_merula|DE|2011-09-19                                                    0.00%    passed     98.34%
 256  KJ438713|NA|turdus_merula|DE|2011-08-30                                                    0.00%    passed     98.57%
 257  KJ438714|NA|turdus_merula|DE|2011-09-15                                                    0.00%    passed     98.06%
 258  KJ438715|NA|passer_domesticus|DE|2011-09-19                                                0.00%    passed     98.77%
 259  KJ438731|NA|turdus_merula|DE|2011-09-15                                                    0.00%    passed     98.57%
 260  KJ859683|BAT2USUTU-BNI|pipistrellus_pipistrellus|DE|2013-10-05                             0.00%    passed     98.33%
 261  KJ438716|NA|culex_pipiens|DE|2012-07-09                                                    0.00%    passed     98.28%
 262  KJ438717|NA|turdus_merula|DE|2012-08-23                                                    0.00%    passed     98.28%
 263  KJ438719|NA|turdus_merula|DE|2011-09-02                                                    0.00%    passed     98.77%
 264  KJ438720|NA|turdus_merula|DE|2011-09-29                                                    0.00%    passed     98.96%
 265  KJ438723|NA|turdus_merula|DE|2011-09-11                                                    0.00%    passed     98.55%
 266  KJ438724|NA|turdus_merula|DE|2011-09-19                                                    0.00%    passed     98.32%
 267  KJ438725|NA|turdus_merula|DE|2011-09-14                                                    0.00%    passed     98.33%
 268  KJ438726|NA|turdus_merula|DE|2011-09-15                                                    0.00%    passed     98.33%
 269  KJ438727|NA|turdus_merula|DE|2011-09-21                                                    0.00%    passed     99.09%
 270  KJ438721|NA|culex_sp|DE|2011-08-08                                                         0.00%    passed     98.10%
 271  KJ438722|NA|turdus_merula|DE|2012-08-23                                                    0.00%    passed     97.52%
 272  KJ438728|NA|turdus_merula|DE|2011-09-26                                                    0.00%    passed     97.54%
 273  KJ438734|NA|sturnus_vulgaris|DE|2011-09-29                                                 0.00%    passed     97.13%
 274  KJ438735|NA|turdus_merula|DE|2012-07-24                                                    0.00%    passed     98.96%
 275  KJ438732|NA|turdus_merula|DE|2011-09-15                                                    0.00%    passed     98.34%
 276  KJ438733|NA|turdus_merula|DE|2012-09-13                                                    0.00%    passed     98.06%
 277  KJ438730|NA|turdus_merula|DE|2011-09-14                                                    0.00%    passed     98.76%
 278  KJ438737|NA|culex_sp|DE|2011-08-21                                                         0.00%    passed     97.43%
 279  KJ438736|NA|culex_sp|DE|2012-09-01                                                         0.00%    passed     98.29%
 280  KJ438729|NA|turdus_merula|DE|2012-07-18                                                    0.00%    passed     98.49%
 281  KJ438738|NA|turdus_merula|DE|2011-09-16                                                    0.00%    passed     99.12%
 282  KJ438739|NA|turdus_merula|DE|2013-09-10                                                    0.00%    passed     98.76%
 283  KJ438740|NA|turdus_merula|DE|2011-09-16                                                    0.00%    passed     97.84%
 284  KJ438741|NA|turdus_merula|DE|2013-08-26                                                    0.00%    passed     97.21%
 285  KJ859682|BAT1USUTU-BNI|pipistrellus_pipistrellus|DE|2013-09-21                             0.00%    passed     98.94%
 286  KJ438742|NA|turdus_merula|DE|2013-09-23                                                    0.00%    passed     98.57%
 287  KJ438743|NA|turdus_merula|DE|2011-09-13                                                    0.00%    passed     97.77%
 288  KJ438744|NA|turdus_merula|DE|2012-06-23                                                    0.00%    passed     98.47%
 289  KJ438745|NA|turdus_merula|DE|2011-09-16                                                    0.00%    passed     99.08%
 290  KJ438746|NA|turdus_merula|DE|2011-09-27                                                    0.00%    passed     98.94%
 291  KJ438747|NA|turdus_merula|DE|2012-07-17                                                    0.00%    passed     99.23%
 292  KJ438748|NA|turdus_merula|DE|2012-07-23                                                    0.00%    passed     98.57%
 293  KJ438749|NA|turdus_merula|DE|2012-07-18                                                    0.00%    passed     98.94%
 294  KJ438750|NA|turdus_merula|DE|2011-09-14                                                    0.00%    passed     98.54%
 295  KJ438751|NA|turdus_merula|DE|2011-09-15                                                    0.00%    passed     99.39%
 296  KJ438752|NA|turdus_merula|DE|2011-09-15                                                    0.00%    passed     98.72%
 297  KJ438753|NA|turdus_merula|DE|2011-09-16                                                    0.00%    passed     98.03%
 298  KJ438754|NA|turdus_merula|DE|2012-09-18                                                    0.00%    passed     98.63%
 299  KJ438755|NA|turdidae_sp|DE|2011-09-15                                                      0.00%    passed     98.55%
 300  KJ438756|NA|turdus_merula|DE|2011-09-26                                                    0.00%    passed     98.34%
 301  KJ438757|NA|turdus_merula|DE|2013-08-26                                                    0.00%    passed     98.78%
 302  KJ438758|NA|turdus_merula|DE|2013-08-13                                                    0.00%    passed     98.55%
 303  KJ438761|NA|turdus_merula|DE|2011-09-15                                                    0.00%    passed     99.11%
 304  KJ438762|NA|turdus_merula|DE|2011-09-18                                                    0.00%    passed     98.74%
 305  KJ438763|NA|turdus_merula|DE|2012-07-17                                                    0.00%    passed     98.68%
 306  KJ438760|NA|turdus_merula|DE|2011-09-16                                                    0.00%    passed     97.23%
 307  MK230890|Villers/2017|turdus_merula|BE|2017-08                                             0.00%    passed     98.69%
 308  MN122154|AS201600089|turdus_merula|NL|2016-09-20                                           0.00%    passed     99.23%
 309  MN122170|AS201600197|turdus_merula|NL|2016-10-11                                           0.00%    passed     98.96%
 310  MN122176|AS201600247|turdus_merula|NL|2016-09-30                                           0.00%    passed     98.78%
 311  KY426766|NA|turdus_merula|DE|2016-10-11                                                    0.00%    passed     98.54%
 312  KY263624|NA|turdus_merula|BE|2016-10                                                       0.00%    passed     98.39%
 313  KY426770|NA|turdus_merula|DE|2016-09-20                                                    0.00%    passed     99.36%
 314  KY426769|NA|turdus_merula|DE|2016-09-20                                                    0.00%    passed     98.84%
 315  KY199558|NA|turdus_merula|DE|2016                                                          0.00%    passed     97.56%
 316  KJ438769|NA|turdus_merula|DE|2011-09-15                                                    0.00%    passed     98.78%
 317  KJ438770|NA|turdus_merula|DE|2011-09-15                                                    0.00%    passed     99.40%
 318  KJ438771|NA|turdus_merula|DE|2013-05-05                                                    0.00%    passed     98.77%
 319  KJ438772|NA|turdus_merula|DE|2011-09-18                                                    0.00%    passed     98.47%
 320  KJ438773|NA|turdus_merula|DE|2011-09-29                                                    0.00%    passed     98.78%
 321  KJ438774|NA|turdus_merula|DE|2012-09-04                                                    0.00%    passed     97.64%
 322  KJ438775|NA|turdus_merula|DE|2011-09-16                                                    0.00%    passed     98.17%
 323  KJ438776|NA|turdus_merula|DE|2011-09-14                                                    0.00%    passed     98.29%
 324  KJ438777|NA|turdus_merula|DE|2011-09-14                                                    0.00%    passed     99.39%
 325  KJ438778|NA|turdus_merula|DE|2011-09-19                                                    0.00%    passed     98.96%
 326  KJ438768|NA|culex_sp|DE|2013-08-22                                                         0.00%    passed     97.24%
 327  KJ438767|NA|culex_sp|DE|2011-09-08                                                         0.00%    passed     98.67%
 328  KJ438779|NA|turdus_merula|DE|2012-07-12                                                    0.00%    passed     98.58%
 329  KY426751|NA|turdus_pilaris|DE|2015-09-01                                                   0.00%    passed     97.85%
 330  KY426762|NA|turdus_merula|DE|2016-09-26                                                    0.00%    passed     99.48%
 331  KY426763|NA|turdus_merula|DE|2016-09-24                                                    0.00%    passed     99.12%
 332  KY426760|NA|turdus_merula|DE|2016-09-29                                                    0.00%    passed     99.56%
 333  KJ438780|NA|turdus_merula|DE|2011-09-14                                                    0.00%    passed     98.55%
 334  KJ438781|NA|turdus_merula|DE|2011-09-26                                                    0.00%    passed     97.10%
 335  KJ438766|NA|turdus_merula|DE|2012-09-19                                                    0.00%    passed     97.50%
 336  MK230892|Richelle/2017|turdus_merula|BE|2017-08                                            0.00%    passed     98.94%
 337  KJ438718|NA|culex_sp|DE|2011-06-11                                                         0.00%    passed     98.77%
 338  KJ438765|NA|turdus_merula|DE|2011-09-15                                                    0.00%    passed     98.88%
 339  MN122172|AS201600221|turdus_merula|NL|2016-09-22                                           0.00%    passed     98.90%
 340  MN122181|AS201600277|turdus_merula|NL|2016-09-27                                           0.00%    passed     98.72%
 341  MK796169|AS201600083|strix_nebulosa|NL|2016-09-20                                          0.00%    passed     98.50%
 342  MN122179|AS201600268|turdus_merula|NL|2016-09-30                                           0.00%    passed     98.50%
 343  KX601691|USUV-HautRhin7316/France/2015|turdus_merula|FR|2015-08-05                         0.00%    passed     97.43%
 344  KX601690|USUV-HautRhin7315/France/2015|turdus_merula|FR|2015-08-10                         0.00%    passed     98.91%
 345  OP555956|NA|strix_nebulosa|BE|2017-07-10                                                   0.00%    passed     99.69%
 346  NA|17TV1446|turdus_merula|NL|2017-09-07                                                    0.00%    passed     98.34%
 347  KY426767|NA|turdus_merula|DE|2016-10-14                                                    0.00%    passed     98.29%
 348  KY426768|NA|turdus_merula|DE|2016-10-12                                                    0.00%    passed     97.77%
 349  KY128481|Snebulosa-7890/Fra/2016|strix_nebulosa|FR|2016-09-22                              0.06%    passed     99.61%
 350  MT580899|NA|strix_nebulosa|DE|2018                                                         0.00%    passed     99.37%
 351  KX816653|206795-3/2012|culex_pipiens|IT|2012-09                                            0.00%    passed     99.84%
 352  KU573073|229615-1/2013|culex_pipiens|IT|2013                                               0.00%    passed     99.48%
 353  KX555629|NA|turdus_merula|IT|2015                                                          0.00%    passed     98.77%
 354  MG888044|NA|culex_pipiens|RS|2014-08                                                       0.00%    passed     99.91%
 355  OR921100|2023TE1837011|culex_pipiens|IT|2023-09-08                                         1.18%    passed     98.28%
 356  MK230893|Grivegnee/2017|turdus_merula|BE|2017-08                                           0.00%    passed     99.72%
 357  MG461306|USUV_269m_Israel15_USUTU_|culex_perexiguus|IL|2015-06-30                          0.00%    passed    100.00%
 358  MG461307|USUV_569m_Israel15_USUTU_|culex_pipiens|IL|2015-09-08                             0.00%    passed     99.98%
 359  MG461308|USUV_593m_Israel15_USUTU_|aedes_albopictus|IL|2015-09-21                          0.00%    passed     99.97%
 360  MG461313|USUV_550m_Israel15_USUTU_|culex_perexiguus|IL|2015-09-08                          0.00%    passed     99.98%
 361  KC754957|ArD192495|culex_neavei|SN|2007                                                    0.00%    passed     99.70%
 362  MT241508|UG09615|culex_univittatus|UG|2012-02                                              0.00%    passed     97.24%
 363  MN813491|UG09615|culex_univittatus|UG|2012                                                 0.00%    passed     96.94%
 364  MG461309|USUV_100m_Israel04_USUTU_|culex_pipiens|IL|2004-07-14                             0.00%    passed     99.19%
 365  MG461310|USUV_269m_Israel04_USUTU_|culex_perexiguus|IL|2004-08-24                          0.00%    passed     99.22%
 366  MG461312|USUV_355m_Israel04_USUTU_|culex_perexiguus|IL|2004-09-27                          0.00%    passed     99.43%
 367  MG461311|USUV_341m_Israel04_USUTU_|culex_pipiens|IL|2004-09-23                             0.00%    passed     99.35%
 368  KC754955|HB81P08|homo_sapiens|CF|1981                                                      0.00%    passed     96.43%
 369  KC754956|ArD101291|culex_univittatus|SN|1993                                               0.00%    passed     93.39%
 370  ON813227|SN2005_ArD_171185|culex_neavei|SN|2005                                            0.14%    passed     97.37%
 371  ON813228|SN2005_ArD_173775|culex_neavei|SN|2005                                            0.00%    passed     98.49%
 372  MN813492|SARR1776|culex_neavei|ZA|1959                                                     0.00%    passed     98.75%
 373  MH727238|ROD_259466|mastomys_natalensis|SN|2013-10-23                                      0.00%    passed     99.28%
 374  MH727239|ROD_259496|mastomys_natalensis|SN|2013-10-23                                      0.00%    passed     98.32%
 375  MH727240|CROC_259520|soricidae_sp|SN|2013-10-23                                            0.00%    passed     99.10%
 376  MH727241|ROD_259524|mastomys_natalensis|SN|2013-10-24                                      0.00%    passed     98.75%
 377  MH727242|ROD_259552|rattus_rattus|SN|2013-10-24                                            0.00%    passed     98.91%
 378  MN813488|DakPM173701|culex_neavei|SN|2003                                                  0.01%    passed     99.18%
 379  KC754954|ArD19848|culex_perfuscus|SN|1974                                                  0.00%    passed     98.95%
 380  KX268472|HU10279_09|culex_perexiguus|ES|2009                                               0.00%    passed     95.94%
 381  MN813489|HU10279-09|culex_perexiguus|ES|2009                                               0.00%    passed     96.57%
 382  KY426758|NA|turdus_merula|DE|2016-09-25                                                    0.00%    passed     97.86%
 383  KU664608|Usutu_Berlin|strix_nebulosa|DE|2015-08-21                                         0.00%    passed     98.79%
 384  KY199556|NA|strix_nebulosa|DE|2016                                                         0.00%    passed     95.53%
 385  KF573410|NA|culex_pipiens|ES|2006-08-22                                                    0.00%    passed     97.86%
 386  KX601692|USUV-Rhone2705/France/2015|turdus_merula|FR|2015-09-23                            0.00%    passed     96.08%
 387  PP482816|Cx1-batch2_Zen-Pets-Res_2023-08-03|culex_pipiens|FR|2023-08-03                    6.29%    passed     89.37%
 388  KY501101|NA|homo_sapiens|DE|2016-09-26                                                    40.63%    passed     71.86%
 389  MN122229|AS201800097|turdus_merula|NL|2018-08-03                                           0.99%    passed     98.23%
 390  NA|18TV0937|turdus_merula|NL|2018-09-10                                                   17.06%    passed     92.36%
 391  MN122171|AS201600203|turdus_merula|NL|2016-10-05                                          12.33%    passed     92.12%
 392  PQ677887|Ar2|alectoris_rufa|PT|2023-11-05                                                  0.00%    passed     99.27%
 393  PP482815|AeDet2-batch3_Nansouty_2023-08-18|culex_sp|FR|2023-08-18                          0.00%    passed     99.63%
 394  KY294723|S-1238|turdus_merula|DE|2016                                                      0.00%    passed     99.61%
 395  KY294722|S-1232|turdus_merula|DE|2016                                                      0.00%    passed     99.79%
 396  KY199557|NA|turdus_merula|DE|2016                                                          0.00%    passed     99.93%
 397  MN122238|AS201800115|turdus_merula|NL|2018-08-15                                           0.00%    passed     99.44%
 398  MT863562|HauteVienne4997/France/2018|turdus_merula|FR|2018-07-24                           0.00%    passed     99.90%
 399  MK419834|USU-BE-Scoter/2018|melanitta_nigra|BE|2018-08                                     0.00%    passed     98.39%
 400  PQ041659|USUV_TM_Netherlands_2016|NA|NL|2020                                               0.00%    passed     97.15%
 401  MT188658|NA|turdus_merula|NL|2016                                                          0.00%    passed     96.80%
 402  MH891847|AS201600045|turdus_merula|NL|2016-09-07                                           0.01%    passed     96.99%
 403  MN813490|TMNetherlands|turdus_merula|NL|2016                                               0.00%    passed     97.45%
 404  NA|AS201800175|turdus_merula|NL|2018-08-22                                                 0.00%    passed     98.20%
 405  NA|16TV1045|turdus_merula|NL|2017-08-02                                                    0.00%    passed     99.00%
 406  NA|AS20190490|turdus_merula|NL|2019-08-27                                                  0.00%    passed     94.66%
 407  NA|AS20190438|gracula_religiosa|NL|2019-09-12                                              0.00%    passed     97.41%
 408  NA|18TV0475|turdus_merula|NL|2018-08-18                                                    0.00%    passed     96.65%
 409  NA|AS201700148|strix_nebulosa|NL|2017-07-31                                                0.00%    passed     98.27%
 410  MT795154|NA|turdus_merula|DE|2016-09-30                                                    0.00%    passed     97.40%
 411  KM659877|NA|turdus_merula|DE|2014-09-11                                                    0.00%    passed     98.70%
 412  KY426761|NA|turdus_merula|DE|2016-09-04                                                    0.00%    passed     98.51%
 413  MN122182|AS201600280|turdus_merula|NL|2016-09-26                                           0.00%    passed     98.38%
 414  MN122231|AS201800100|turdus_merula|NL|2018-08-07                                           0.00%    passed     99.03%
 415  MN122232|AS201800101|turdus_merula|NL|2018-08-07                                           0.00%    passed     99.33%
 416  MN122145|AS201600034|turdus_merula|NL|2016-09-01                                           0.00%    passed     97.98%
 417  MN122156|AS201600098|turdus_merula|NL|2016-09-21                                           0.00%    passed     97.40%
 418  MN122185|AS201600284|turdus_merula|NL|2016-10-03                                           0.00%    passed     97.40%
 419  MN122236|AS201800113|turdus_merula|NL|2018-08-14                                           0.00%    passed     97.68%
 420  MN122164|AS201600124|turdus_merula|NL|2016-09-23                                           0.00%    passed     96.65%
 421  MN122162|AS201600118|turdus_merula|NL|2016-09-22                                           0.00%    passed     96.63%
 422  MN122187|AS201600287|turdus_merula|NL|2016-09-27                                           0.00%    passed     97.70%
 423  MN122211|AS201700186|turdus_merula|NL|2017-09-13                                           0.00%    passed     96.65%
 424  MN122175|AS201600244|turdus_merula|NL|2016-09-27                                           0.00%    passed     97.40%
 425  MN122249|AS201800129|turdus_merula|NL|2018-08-23                                           0.00%    passed     96.63%
 426  MN122148|AS201600045|turdus_merula|NL|2016-09-07                                           0.00%    passed     96.37%
 427  MN122230|AS201800099|turdus_merula|NL|2018-08-07                                           0.00%    passed     96.80%
 428  MN122224|AS201800091|turdus_merula|NL|2018-08-02                                           0.00%    passed     96.36%
 429  MN122227|AS201800094|turdus_merula|NL|2018-08-03                                           0.00%    passed     98.20%
 430  MN122254|AS201800155|turdus_merula|NL|2018-08-31                                           0.00%    passed     95.19%
 431  MN122186|AS201600286|turdus_merula|NL|2016-09-28                                           0.00%    passed     98.11%
 432  MN122201|AS201700121|turdus_merula|NL|2017-08-01                                           0.00%    passed     98.66%
 433  MN122240|AS201800118|turdus_merula|NL|2018-08-16                                           0.00%    passed     99.35%
 434  MN122214|AS201700254|turdus_merula|NL|2017-09-22                                           0.00%    passed     95.09%
 435  ON755214|Turdusmerula12_feather_2W1L_Day0|turdus_merula|NL|2016                            0.00%    passed     98.20%
 436  MN122220|AS201800087|turdus_merula|NL|2018-08-01                                           0.00%    passed     98.45%
 437  MN122245|AS201800125|turdus_merula|NL|2018-08-22                                           0.00%    passed     97.96%
 438  MN122163|AS201600121|turdus_merula|NL|2016-09-22                                           0.00%    passed     97.84%
 439  MN122233|AS201800102|turdus_merula|NL|2018-08-09                                           0.00%    passed     98.91%
 440  MN122244|AS201800123|turdus_merula|NL|2018-08-21                                           0.00%    passed     99.09%
 441  MN122246|AS201800126|turdus_merula|NL|2018-08-22                                           0.00%    passed     99.38%
 442  MN122151|AS201600057|turdus_merula|NL|2016-09-08                                           0.00%    passed     98.23%
 443  MN122169|AS201600173|turdus_merula|NL|2016-10-07                                           0.00%    passed     98.41%
 444  MN122206|AS201700155|turdus_merula|NL|2017-08-10                                           0.00%    passed     97.39%
 445  NA|AS20221842|turdus_merula|NL|2022-09-04                                                  0.00%    passed     96.02%
 446  NA|AS20221670|turdus_merula|NL|2022-07-24                                                  0.00%    passed     95.34%
 447  NA|AS20221964|columba_palumbus|NL|2022-09-26                                               0.00%    passed     94.71%
 448  NA|AS20221760|turdus_merula|NL|2022-08-24                                                  0.00%    passed     96.13%
 449  NA|22B00207|turdus_merula|NL|2022-11-12                                                    0.00%    passed     96.29%
 450  NA|AS20221627|turdus_merula|NL|2022-07-28                                                  0.00%    passed     96.29%
 451  NA|AS20221838|turdus_merula|NL|2022-08-22                                                  0.00%    passed     94.73%
 452  NA|AS20221617|turdus_merula|NL|2022-08-08                                                  0.00%    passed     98.38%
 453  NA|AS20221784|turdus_merula|NL|2022-08-11                                                  0.00%    passed     98.07%
 454  NA|22B00462|turdus_merula|NL|2022-09-09                                                    0.00%    passed     97.88%
 455  NA|AS20221775|turdus_merula|NL|2022-08-28                                                  0.00%    passed     96.16%
 456  NA|22TV2828|turdus_merula|NL|2022-09-03                                                    0.00%    passed     97.28%
 457  NA|AS20221846|turdus_merula|NL|2022-09-03                                                  0.00%    passed     97.88%
 458  NA|AS20221755|strix_nebulosa|NL|2022-07-21                                                 0.00%    passed     97.23%
 459  NA|AS20221818|turdus_merula|NL|2022-08-31                                                  0.00%    passed     96.87%
 460  NA|AS20221803|turdus_merula|NL|2022-09-02                                                  0.00%    passed     94.34%
 461  NA|AS20221908|turdus_merula|NL|2022-09-12                                                  0.00%    passed     97.74%
 462  NA|AS20221903|turdus_merula|NL|2022-09-13                                                  0.00%    passed     97.65%
 463  NA|AS20221889|turdus_merula|NL|2022-09-18                                                  0.00%    passed     96.41%
 464  NA|AS20221860|turdus_merula|NL|2022-09-14                                                  0.00%    passed     97.11%
 465  NA|AS20221918|cyanistes_caeruleus|NL|2022-09-15                                            0.00%    passed     95.34%
 466  NA|AS20221913|turdus_merula|NL|2022-09-11                                                  0.00%    passed     97.41%
 467  NA|AS20221884|turdus_merula|NL|2022-09-14                                                  0.00%    passed     97.46%
 468  NA|AS20221875|turdus_merula|NL|2022-09-11                                                  0.00%    passed     98.26%
 469  NA|AS20221942|turdus_merula|NL|2022-09-20                                                  0.00%    passed     95.19%
 470  NA|AS20221813|turdus_merula|NL|2022-08-24                                                  0.00%    passed     96.81%
 471  NA|AS20221974|turdus_merula|NL|2022-09-20                                                  0.00%    passed     97.45%
 472  NA|AS20221958|turdus_merula|NL|2022-09-25                                                  0.00%    passed     97.45%
 473  OM202464|Greater_London_2021|turdus_merula|UK|2021-09                                      0.00%    passed     98.01%
 474  MW001216|NA|turdus_merula|UK|2020-07                                                       0.01%    passed     96.77%
 475  NA|AS20221923|turdus_merula|NL|2022-09-04                                                  0.00%    passed     97.02%
 476  NA|AS20190643|passer_domesticus|NL|2019-09-18                                              0.00%    passed     97.81%
 477  NA|AS20190579|prunella_modularis|NL|2019-09-19                                             0.00%    passed     98.12%
 478  NA|AS20200605|turdus_merula|NL|2020-08-22                                                  0.00%    passed     95.45%
 479  NA|AS20200689|turdus_merula|NL|2020-09-30                                                  0.00%    passed     95.28%
 480  NA|AS20210914|turdus_merula|NL|2021-08-30                                                  0.00%    passed     95.61%
 481  NA|22TV3658|turdus_merula|NL|2022-08-27                                                    0.00%    passed     97.40%
 482  NA|22TV2684|turdus_merula|NL|2022-09-04                                                    0.00%    passed     97.28%
 483  KY426765|NA|turdus_merula|DE|2016-09-30                                                    0.00%    passed     97.78%
 484  NA|Blackbird_London_2022_b|turdus_merula|UK|2022-09                                        0.00%    passed     97.67%
 485  NA|Blackbird_London_2022_a|turdus_merula|UK|2022-09                                        0.00%    passed     97.89%
 486  NA|Blackbird_Cambridgeshire_2023_a|turdus_merula|UK|2023-08                                0.00%    passed     98.01%
 487  NA|AS20221898|turdus_merula|NL|2022-09-11                                                  0.00%    passed     98.66%
 488  NA|22TV3780|turdus_merula|NL|2022-09-11                                                    0.00%    passed     98.11%
 489  NA|AS201800085|chloris_chloris|NL|2018-07-30                                               0.00%    passed     99.68%
 490  NA|AS201600064|strix_nebulosa|NL|2016-08-13                                                0.00%    passed     99.81%
 491  NA|AS201600073|bubo_scandiacus|NL|2016-09-01                                               0.00%    passed     99.81%
 492  NA|AS201600082|strix_nebulosa|NL|2016-09-20                                                0.00%    passed     99.86%
 493  NA|AS201700173|strix_nebulosa|NL|2017-08-25                                                0.00%    passed     99.74%
 494  NA|AS201700198|strix_nebulosa|NL|2017-09-05                                                0.00%    passed     99.87%
 495  NA|AS201800080|strix_nebulosa|NL|2018-07-24                                                0.00%    passed     99.89%
 496  NA|AS20190450|turdus_merula|NL|2019-09-03                                                  0.00%    passed     99.32%
 497  NA|AS201600067|strix_nebulosa|NL|2016-09-09                                                0.00%    passed     99.56%
 498  NA|AS201600269|strix_nebulosa|NL|2016-09-25                                                0.00%    passed     99.25%
 499  NA|AS201800117|strix_nebulosa|NL|2018-08-16                                                0.00%    passed     99.34%
 500  NA|18TV1517|turdus_merula|NL|2018-10-11                                                    0.00%    passed     99.08%
 501  NA|AS20190494|turdus_merula|NL|2019-08-28                                                  0.00%    passed     99.21%
 502  NA|19TV0329|turdus_merula|NL|2019-04-12                                                    0.00%    passed     99.21%
 503  NA|19TV0102|passer_domesticus|NL|2019-04-24                                                0.00%    passed     99.32%
 504  NA|18TV0252|turdus_merula|NL|2018-10-31                                                    0.00%    passed     99.21%
 505  NA|AS20190715|copsychus_malabaricus|NL|2019-10-07                                          0.00%    passed     99.91%
 506  NA|AS20190716|copsychus_malabaricus|NL|2019-10-07                                          0.00%    passed     99.91%
 507  NA|AS20200561|turdus_merula|NL|2020-09-27                                                  0.00%    passed     99.99%
 508  KY426764|NA|turdus_merula|DE|2016-10-04                                                    0.00%    passed     99.67%
 509  NA|17TV1510|turdus_merula|NL|2018-10-06                                                    0.99%    passed     99.19%
 510  MN122251|AS201800151|turdus_merula|NL|2018-08-30                                           0.00%    passed    100.00%
 511  MN122155|AS201600095|turdus_merula|NL|2016-09-21                                           0.00%    passed     98.54%
 512  MN122180|AS201600274|turdus_merula|NL|2016-09-27                                           0.00%    passed     98.88%
 513  MN122194|AS201700090|turdus_merula|NL|2017-07-13                                           0.00%    passed     99.21%
 514  MN122243|AS201800122|turdus_merula|NL|2018-08-21                                           0.00%    passed     99.08%
 515  NA|AS201600289_BEC009|strix_nebulosa|NL|2016                                               0.00%    passed     98.73%
 516  MN122234|AS201800103|turdus_merula|NL|2018-08-10                                           0.00%    passed     99.24%
 517  MN122237|AS201800114|turdus_merula|NL|2018-08-15                                           0.00%    passed     98.29%
 518  MN122218|AS201800084|turdus_merula|NL|2018-07-31                                           0.00%    passed     99.34%
 519  MN122183|AS201600281|turdus_merula|NL|2016-09-25                                           0.00%    passed     99.63%
 520  MN122204|AS201700130|turdus_merula|NL|2017-08-16                                           0.00%    passed     99.32%
 521  MN122200|AS201700118|turdus_merula|NL|2017-08-03                                           0.00%    passed     99.08%
 522  ON755220|Turdusmerula19_feather_WLC_Day0|turdus_merula|NL|2016                             0.00%    passed     99.75%
 523  MN122165|AS201600127|turdus_merula|NL|2016-09-23                                           0.00%    passed     99.47%
 524  MN122150|AS201600051|turdus_merula|NL|2016-09-07                                           0.00%    passed     99.75%
 525  MN122208|AS201700170|turdus_merula|NL|2017-08-25                                           0.00%    passed     99.80%
 526  MN122241|AS201800120|turdus_merula|NL|2018-08-17                                           0.00%    passed     99.49%
 527  MN122202|AS201700124|turdus_merula|NL|2017-08-01                                           0.00%    passed     99.75%
 528  MN122239|AS201800116|turdus_merula|NL|2018-08-16                                           0.00%    passed     99.69%
 529  MN122199|AS201700112|turdus_merula|NL|2017-07-27                                           0.00%    passed     99.37%
 530  MN122209|AS201700174|turdus_merula|NL|2017-08-29                                           0.00%    passed     99.49%
 531  MN122242|AS201800121|turdus_merula|NL|2018-08-17                                           0.00%    passed     99.49%
 532  MN122149|AS201600048|turdus_merula|NL|2016-09-07                                           0.00%    passed     99.91%
 533  MN122153|AS201600062|turdus_merula|NL|2016-09-13                                           0.00%    passed     99.81%
 534  MN122193|AS201700087|turdus_merula|NL|2017-07-11                                           0.00%    passed     99.82%
 535  MN122184|AS201600283|turdus_merula|NL|2016-09-27                                           0.00%    passed     99.82%
 536  MN122161|AS201600115|turdus_merula|NL|2016-09-22                                           0.00%    passed     99.49%
 537  MN122195|AS201700096|turdus_merula|NL|2017-07-14                                           0.00%    passed     99.88%
 538  MN122219|AS201800086|turdus_merula|NL|2018-08-01                                           0.00%    passed     99.75%
 539  MN122228|AS201800095|turdus_merula|NL|2018-08-06                                           0.00%    passed     99.58%
 540  MN122247|AS201800127|turdus_merula|NL|2018-08-22                                           0.00%    passed     99.86%
 541  MN122221|AS201800088|turdus_merula|NL|2018-08-01                                           0.00%    passed     99.86%
 542  MN122159|AS201600107|turdus_merula|NL|2016-09-22                                           0.00%    passed     99.75%
 543  MN122255|AS201800156|turdus_merula|NL|2018-08-31                                           0.00%    passed     99.91%
 544  MN122191|AS201700084|turdus_merula|NL|2017-07-05                                           0.00%    passed     99.86%
 545  MN122168|AS201600148|turdus_merula|NL|2016-09-23                                           0.00%    passed     99.75%
 546  NA|AS20221789|turdus_merula|NL|2022-08-24                                                  0.00%    passed     99.96%
 547  NA|AS20221833|turdus_merula|NL|2022-08-28                                                  0.00%    passed     99.75%
 548  MN122160|AS201600110|turdus_merula|NL|2016-09-22                                           0.00%    passed     99.58%
 549  MN122173|AS201600227|turdus_merula|NL|2016-09-30                                           0.00%    passed     99.84%
 550  MN122205|AS201700152|turdus_merula|NL|2017-07-19                                           0.00%    passed     99.76%
 551  MN122226|AS201800093|turdus_merula|NL|2018-08-03                                           0.00%    passed     99.76%
 552  MN122197|AS201700106|turdus_merula|NL|2017-07-25                                           0.00%    passed     99.56%
 553  MN122222|AS201800089|turdus_merula|NL|2018-08-02                                           0.00%    passed     99.56%
 554  MN122217|AS201800082|turdus_merula|NL|2018-07-27                                           0.00%    passed     99.60%
 555  MN122256|AS201800157|turdus_merula|NL|2018-09-04                                           0.00%    passed     99.49%
 556  MN122252|AS201800152|turdus_merula|NL|2018-08-30                                           0.00%    passed     99.86%
 557  MN122253|AS201800154|turdus_merula|NL|2018-08-31                                           0.00%    passed     99.59%
 558  MN122225|AS201800092|turdus_merula|NL|2018-08-02                                           0.00%    passed     99.65%
 559  MN122157|AS201600101|turdus_merula|NL|2016-09-22                                           0.00%    passed     99.87%
 560  MN122212|AS201700189|turdus_merula|NL|2017-09-14                                           0.00%    passed     99.73%
 561  MN122178|AS201600265|turdus_merula|NL|2016-09-30                                           0.00%    passed     99.79%
 562  MN122167|AS201600136|turdus_merula|NL|2016-09-23                                           0.00%    passed     99.76%
 563  MN122210|AS201700177|turdus_merula|NL|2017-09-15                                           0.00%    passed     99.67%
 564  MN122216|AS201800081|turdus_merula|NL|2018-07-27                                           0.00%    passed     99.22%
 565  NA|AS20221828|turdus_merula|NL|2022-08-26                                                  0.00%    passed     99.68%
 566  MN122250|AS201800150|turdus_merula|NL|2018-08-30                                           0.00%    passed     99.69%
 567  NA|AS20222401|turdus_merula|NL|2022-11-10                                                  0.00%    passed     99.49%
 568  MN122146|AS201600036|turdus_merula|NL|2016-09-06                                           0.00%    passed     98.82%
 569  MN122248|AS201800128|turdus_merula|NL|2018-08-22                                           0.00%    passed     99.19%
 570  MN122223|AS201800090|turdus_merula|NL|2018-08-02                                           0.00%    passed     99.37%
 571  MN122147|AS201600042|turdus_merula|NL|2016-09-07                                           0.00%    passed     99.91%
 572  KY128482|Snebulosa-6004/NL/2016|strix_nebulosa|NL|2016-09                                  0.00%    passed     99.81%
 573  NA|AS20221851|turdus_merula|NL|2022-09-03                                                  0.00%    passed     99.63%
 574  NA|21TV5071|turdus_merula|NL|2022-07-29                                                    0.00%    passed     99.74%
 575  KY263625|NA|turdus_merula|BE|2016-10                                                       0.00%    passed     99.43%
 576  MK230891|Seraing/2017|turdus_merula|BE|2017-08                                             0.00%    passed     99.90%
 577  KY426754|NA|turdus_merula|DE|2015-09-09                                                    0.00%    passed     99.50%
 578  NA|AS20221780|turdus_merula|NL|2022-08-26                                                  0.00%    passed     98.80%
 579  ON755215|Turdusmerula13_feather_3W1L_Day0|turdus_merula|NL|2016                            0.16%    passed     99.39%
 580  NA|AS20210829|turdus_merula|NL|2021-09-19                                                  0.00%    passed     99.67%
 581  NA|22TV2594|cyanistes_caeruleus|NL|2022-08-24                                              0.00%    passed     99.82%
 582  NA|AS201700142|strix_nebulosa|NL|2017-08-09                                                0.00%    passed     99.03%
 583  KY426757|NA|turdus_merula|DE|2016-09-23                                                    0.00%    passed     99.68%
 584  OU674388|NA|turdus_merula|LU|2020-09                                                       0.01%    passed     99.58%
 585  NA|AS20200367|turdus_merula|NL|2020-08-16                                                  0.00%    passed     97.31%
 586  NA|18TV1221|turdus_merula|NL|2018-10-13                                                    0.90%    passed     98.97%
 587  OP921076|16TV1039_Turdusmerula|turdus_merula|NL|2016-10-07                                 5.05%    passed     98.15%
 588  OP921077|16TV1039_Ixodesfrontalis|ixodes_frontalis|NL|2016-10-07                           3.69%    passed     98.47%
 589  NA|AS20221657|turdus_merula|NL|2022-08-04                                                  6.45%    passed     93.97%
 590  NA|AS20221880|turdus_merula|NL|2022-09-12                                                  0.99%    passed     98.08%
 591  NA|AS20221994|passer_domesticus|NL|2022-09-19                                              2.16%    passed     95.98%
 592  PQ633267|USUV/NL/2022/SCBC7P30|NA|NL|2022-11-18                                            2.72%    passed     99.05%
 593  NA|AS20221637|turdus_merula|NL|2022-08-04                                                  2.70%    passed     98.39%
 594  MN122207|AS201700167|turdus_merula|NL|2017-09-01                                           2.70%    passed     98.93%
 595  NA|AS20221952|streptopelia_decaocto|NL|2022-09-27                                          2.67%    passed     97.29%
 596  NA|AS20221660|turdus_merula|NL|2022-08-08                                                  2.70%    passed     99.07%
 597  ON755209|Turdusmerula14_feather_WLC_Day43|turdus_merula|NL|2016                            1.22%    passed     91.34%
 598  ON755216|Turdusmerula14_feather_WLC_Day0|turdus_merula|NL|2016                             1.22%    passed     91.34%
 599  ON755217|Turdusmerula15_feather_WLC_Day0|turdus_merula|NL|2016                             1.22%    passed     95.73%
 600  ON755218|Turdusmerula16_feather_WLC_Day0|turdus_merula|NL|2016                             1.22%    passed     95.20%
 601  ON755210|Turdusmerula17_feather_WLC_Day43|turdus_merula|NL|2016                            1.22%    passed     98.27%
 602  ON755211|Turdusmerula19_feather_WLC_Day43|turdus_merula|NL|2016                            1.22%    passed     98.46%
 603  ON755213|Turdusmerula11_feather_1W1L_Day0|turdus_merula|NL|2016                            1.22%    passed     98.31%
 604  ON755222|Turdusmerula13_feather_3W2L_Day43|turdus_merula|NL|2016                           1.22%    passed     98.31%
 605  ON755212|Turdusmerula20_feather_WLC_Day43|turdus_merula|NL|2016                            1.22%    passed     99.82%
 606  ON755221|Turdusmerula20_feather_WLC_Day0|turdus_merula|NL|2016                             1.22%    passed     99.82%
 607  OP921082|16TV1131_Ixodesricinus_8|ixodes_ricinus|NL|2016-10-16                            24.84%    passed     58.76%
 608  OP007489|WBVR_bird-X-2016|strix_nebulosa|NL|2016-09-09                                     1.69%    passed     99.56%
 609  NA|22B00749|turdidae_sp|NL|2022-09-21                                                      3.12%    passed     99.13%
 610  NA|AS20221928|turdus_merula|NL|2022-09-25                                                  2.60%    passed     94.43%
 611  NA|22B00483|turdus_merula|NL|2022-09-16                                                    8.76%    passed     84.75%
 612  NA|22B00237|turdus_merula|NL|2022-11-12                                                   10.57%    passed     89.04%
 613  NA|AS20221999|turdidae_sp|NL|2022-09-22                                                   11.78%    passed     90.60%
 614  NA|22TV2538|turdus_merula|NL|2022-08-24                                                   11.88%    passed     91.33%
 615  NA|22TV3632|turdus_merula|NL|2022-10-08                                                   10.80%    passed     85.16%
 616  NA|22B04271|turdus_merula|NL|2022-12-03                                                    6.87%    passed     91.67%
 617  OP921078|18TV0973_Turdusphilomelos|turdidae_sp|NL|2018-08-18                               4.59%    passed     99.88%
 618  NA|17TV1199|turdus_merula|NL|2017-07-21                                                    5.45%    passed     97.44%
 619  OP921081|16TV1131_Ixodesricinus_6|ixodes_ricinus|NL|2016-10-16                             2.77%    passed     96.74%
 620  ON755219|Turdusmerula18_feather_WLC_Day0|turdus_merula|NL|2016                             3.98%    passed     81.36%
 621  NA|18TV0825|turdus_merula|NL|2018-08-18                                                    6.47%    passed     89.88%
 622  NA|22TV2724|turdidae_sp|NL|2022-08-28                                                      6.91%    passed     97.37%
 623  NA|21TV8157|turdus_merula|NL|2022-10-02                                                   21.48%    passed     74.92%
 624  NA|18TV1196|turdidae_sp|NL|2018-09-16                                                      3.05%    passed     95.69%
 625  NA|AS20221957|turdus_merula|NL|2022-09-25                                                  6.56%    passed     86.69%
 626  OP921083|16TV1131_Turdusmerula|turdus_merula|NL|2016-10-16                                10.63%    passed     91.08%
 627  NA|22B00186|turdus_merula|NL|2022-11-12                                                   14.84%    passed     82.42%
 628  NA|AS20221979|turdidae_sp|NL|2022-10-03                                                   10.91%    passed     87.64%
 629  OP921080|16TV1131_Ixodesricinus_5|ixodes_ricinus|NL|2016-10-16                            20.42%    passed     94.10%
 630  NA|21TV9171|turdus_merula|NL|2022-09-08                                                   20.78%    passed     80.86%
 631  ON813235|ITA2021_300240|turdus_merula|IT|2021                                              0.12%    passed     99.99%
 632  KU573074|245735-8/2013|culex_pipiens|IT|2013                                               0.17%    passed     99.95%
 633  KU573076|201602-25/2014|culex_pipiens|IT|2014                                              0.33%    passed     99.92%
 634  OR757496|1740423|NA|IT|2023-07-15                                                          0.37%    passed     99.99%
 635  ON813229|SN2005_ArD_173133|culex_neavei|SN|2005                                            0.45%    passed     98.68%
 636  KX816646|200092/2010|turdus_merula|IT|2010-08                                              1.01%    passed     99.18%
 637  PV541149|7096_2024|homo_sapiens|HU|2024-08-07                                              0.45%    passed     99.79%
 638  PV523801|9460|homo_sapiens|HU|2024-10-04                                                   1.63%    passed     99.01%
 639  PV523802|9731|homo_sapiens|HU|2024-10-12                                                   0.44%    passed     99.39%
 640  PQ772639|USUV-HUN-SM2024|homo_sapiens|HU|2024-11-11                                        0.44%    passed     99.17%
 641  PV501205|204|culex_sp|HU|2024-07-21                                                        0.49%    passed     99.77%
 642  PV501206|205|culex_sp|HU|2024-07-21                                                        0.44%    passed     99.80%
 643  PV501207|265|culex_sp|HU|2024-07-21                                                        0.46%    passed     99.83%
 644  PV501209|373|culex_sp|HU|2024-08-16                                                        0.44%    passed     99.79%
 645  PV501208|296|culex_sp|HU|2024-08-02                                                        0.52%    passed     99.98%
 646  PV501211|412|culex_sp|HU|2024-08-07                                                        0.48%    passed     99.62%
 647  PV501210|406|culex_sp|HU|2024-08-24                                                        0.44%    passed     99.96%
 648  PV501212|416|culex_sp|HU|2024-07-31                                                        0.44%    passed     99.86%
 649  PV235993|USUV/NL/2019/CMV442|culex_sp|NL|2019-08-22                                        5.01%    passed     93.30%
 650  PV235995|USUV/NL/2022/CMV3308|culex_sp|NL|2022-07-13                                       0.44%    passed     91.35%
 651  PV235996|USUV/NL/2022/CMV3394|culex_sp|NL|2022-07-26                                       0.48%    passed     96.88%
 652  PV235994|USUV/NL/2021/CMV2045|culex_sp|NL|2021-07-26                                       0.44%    passed     97.68%
 653  PV207916|WNV0001|homo_sapiens|ES|2024-09-09                                                0.44%    passed     97.43%
 654  OR921101|2023TE1838411|culex_pipiens|IT|2023-09-08                                         0.59%    passed     99.85%
 655  OR921106|2023TE1699411|culex_pipiens|IT|2023-08-24                                         0.69%    passed     99.77%
 656  OR921099|2023TE1908111|turdus_merula|IT|2023-09-15                                         0.69%    passed     99.51%
 657  OP734249|NA|culex_pipiens|IT|2022-08-01                                                    0.90%    passed    100.00%
 658  OP734258|NA|culex_pipiens|IT|2022-07-27                                                    3.22%    passed     97.20%
 659  OR921098|2023TE1683511|columba_palumbus|IT|2023-08-23                                      1.41%    passed     99.71%
 660  OR921105|2023TE1839111|phoenicurus_phoenicurus|IT|2023-09-08                               1.40%    passed     99.47%
 661  ON813226|SN2005_173459|culex_neavei|SN|2005                                                1.41%    passed     97.91%
 662  OR757495|1740422|culex_pipiens|IT|2023-07-18                                               1.96%    passed     99.91%
 663  PP104384|TE2518112|culex_pipiens|IT|2023-09-22                                             3.54%    passed     99.40%
 664  OP734257|NA|culex_pipiens|IT|2022-07-22                                                    2.19%    passed     99.38%
 665  OR921093|2023TE1639111|culex_pipiens|IT|2023-08-11                                         2.53%    passed     99.81%
 666  OP734259|NA|culex_pipiens|IT|2022-07-25                                                    2.29%    passed     98.78%
 667  ON813225|SN2013_260237|culex_neavei|SN|2013                                                2.53%    passed     97.69%
 668  OP734247|NA|culex_pipiens|IT|2022-07-29                                                    9.55%    passed     99.82%
 669  OP734248|NA|culex_pipiens|IT|2022-07-29                                                    2.36%    passed     99.58%
 670  OP734255|NA|culex_pipiens|IT|2022-07-27                                                    2.37%    passed     99.63%
 671  ON813220|SN2016_286066|culex_neavei|SN|2016                                                4.58%    passed     97.13%
 672  ON813224|SN2016_286099|culex_poicilipes|SN|2016                                            4.14%    passed     98.86%
 673  OP734245|NA|culex_pipiens|IT|2022-07-01                                                    2.46%    passed     99.65%
 674  OR921097|2023TE1640411|culex_pipiens|IT|2023-08-11                                         2.39%    passed     99.72%
 675  PP104386|TE2518312|culex_pipiens|IT|2023-09-08                                             2.38%    passed     99.12%
 676  OR757490|17404210|culex_pipiens|IT|2023-07-11                                              2.41%    passed     99.59%
 677  OR757488|1572124|culex_pipiens|IT|2023-07-06                                               2.39%    passed     99.92%
 678  PP104389|TE2518712|culex_pipiens|IT|2023-09-22                                             2.84%    passed     99.36%
 679  ON813223|SN2016_286125|culex_neavei|SN|2016                                                4.50%    passed     98.09%
 680  OR757489|1572126|culex_pipiens|IT|2023-07-07                                               2.40%    passed     99.89%
 681  OR757491|17404212|laridae_sp|IT|2023-07-20                                                 2.40%    passed     99.59%
 682  OR921095|2023TE1639211|culex_pipiens|IT|2023-08-11                                         2.41%    passed     99.54%
 683  PP104385|TE2518212|culex_pipiens|IT|2023-09-22                                             2.40%    passed     99.96%
 684  ON813222|SN2016_288158|culex_neavei|SN|2016                                                2.46%    passed     99.87%
 685  ON813221|SN2016_288129|culex_neavei|SN|2016                                                2.45%    passed     99.59%
 686  OP734261|NA|culex_pipiens|IT|2022-07-08                                                    4.36%    passed     99.24%
 687  OP921079|18TV0973_Ixodida|NA|NL|2018-08-18                                                16.38%    passed     92.96%
 688  NA|22TV3602|turdus_merula|NL|2022-10-02                                                   68.65%    passed     49.47%
 689  OR921096|2023TE1822511|turdus_merula|IT|2023-09-07                                         2.83%    passed     99.79%
 690  OR921104|2023TE1838911|culex_pipiens|IT|2023-09-08                                         3.29%    passed     99.98%
 691  ON813236|305920/2021|culex_pipiens|IT|2021                                                 4.99%    passed     99.99%
 692  OR921094|2023TE1640011|culex_pipiens|IT|2023-08-11                                         2.53%    passed     99.70%
 693  PP104390|TE2518812|columbidae_sp|IT|2023-08-25                                             3.65%    passed     99.15%
 694  OQ414983|TV193/2019|culex_pipiens|RO|2019-07                                              52.42%    passed     57.77%
WARNING: 2 sequences contain more than 50% gaps/ambiguity
****  TOTAL                                                                                      0.90%  0 sequences failed composition chi2 test (p-value<5%; df=3)
Reading constraint tree USUV_2025Jun24_alldata_aligned_formatted_noFLI_NFLG_subsampled.fasta.treefile...
INFO: Constraint tree will be applied to ML tree and all bootstrap trees.
Creating fast initial parsimony tree by random order stepwise addition...
2.677 seconds, parsimony score: 7135 (based on 3270 sites)
Generating 1000 samples for ultrafast bootstrap (seed: 497372)...

NOTE: 102 MB RAM (0 GB) is required!
Measuring multi-threading efficiency up to 16 CPU cores
Increase to 10 rounds for branch lengths
18 trees examined
Threads: 1 / Time: 16.689 sec / Speedup: 1.000 / Efficiency: 100% / LogL: -280114
Threads: 2 / Time: 9.901 sec / Speedup: 1.686 / Efficiency: 84% / LogL: -280114
Threads: 3 / Time: 7.063 sec / Speedup: 2.363 / Efficiency: 79% / LogL: -280114
Threads: 4 / Time: 5.642 sec / Speedup: 2.958 / Efficiency: 74% / LogL: -280114
Threads: 5 / Time: 4.856 sec / Speedup: 3.437 / Efficiency: 69% / LogL: -280114
Threads: 6 / Time: 4.267 sec / Speedup: 3.911 / Efficiency: 65% / LogL: -280114
Threads: 7 / Time: 4.992 sec / Speedup: 3.343 / Efficiency: 48% / LogL: -280114
BEST NUMBER OF THREADS: 6

Estimate model parameters (epsilon = 0.100)
1. Initial log-likelihood: -76566.445
2. Current log-likelihood: -71258.114
3. Current log-likelihood: -70342.552
Optimal log-likelihood: -70342.472
Rate parameters:  A-C: 0.99159  A-G: 9.02869  A-T: 1.25021  C-G: 0.28368  C-T: 28.81894  G-T: 1.00000
Base frequencies:  A: 0.270  C: 0.228  G: 0.284  T: 0.218
Parameters optimization took 3 rounds (1.562 sec)
Wrote distance file to... 
--------------------------------------------------------------------
|             INITIALIZING CANDIDATE TREE SET                      |
--------------------------------------------------------------------
Generating 99 parsimony trees... 4.017 second
Computing log-likelihood of 99 initial trees ... 3.734 seconds
Current best score: -70331.400

Do NNI search on 20 best initial trees
Estimate model parameters (epsilon = 0.100)
BETTER TREE FOUND at iteration 1: -70329.092
Estimate model parameters (epsilon = 0.100)
BETTER TREE FOUND at iteration 4: -70324.212
Iteration 10 / LogL: -70329.871 / Time: 0h:1m:21s
Estimate model parameters (epsilon = 0.100)
BETTER TREE FOUND at iteration 12: -70323.173
Iteration 20 / LogL: -70330.018 / Time: 0h:1m:38s
Finish initializing candidate tree set (20)
Current best tree score: -70323.173 / CPU time: 40.296
Number of iterations: 20
--------------------------------------------------------------------
|               OPTIMIZING CANDIDATE TREE SET                      |
--------------------------------------------------------------------
Iteration 30 / LogL: -70324.457 / Time: 0h:1m:45s (0h:4m:50s left)
Iteration 40 / LogL: -70354.217 / Time: 0h:1m:52s (0h:3m:23s left)
Iteration 50 / LogL: -70323.703 / Time: 0h:2m:0s (0h:2m:28s left)
Log-likelihood cutoff on original alignment: -70380.663
Iteration 60 / LogL: -70323.629 / Time: 0h:2m:9s (0h:1m:51s left)
Iteration 70 / LogL: -70323.752 / Time: 0h:2m:17s (0h:1m:21s left)
Iteration 80 / LogL: -70401.070 / Time: 0h:2m:25s (0h:0m:57s left)
Iteration 90 / LogL: -70330.119 / Time: 0h:2m:33s (0h:0m:37s left)
Iteration 100 / LogL: -70330.691 / Time: 0h:2m:41s (0h:0m:19s left)
Log-likelihood cutoff on original alignment: -70380.663
NOTE: Bootstrap correlation coefficient of split occurrence frequencies: 0.997
Iteration 110 / LogL: -70387.352 / Time: 0h:2m:50s (0h:2m:18s left)
TREE SEARCH COMPLETED AFTER 113 ITERATIONS / Time: 0h:2m:53s

--------------------------------------------------------------------
|                    FINALIZING TREE SEARCH                        |
--------------------------------------------------------------------
Performs final model parameters optimization
Estimate model parameters (epsilon = 0.010)
1. Initial log-likelihood: -70323.173
Optimal log-likelihood: -70323.173
Rate parameters:  A-C: 0.98986  A-G: 9.02765  A-T: 1.24939  C-G: 0.28344  C-T: 28.81693  G-T: 1.00000
Base frequencies:  A: 0.270  C: 0.228  G: 0.284  T: 0.218
Parameters optimization took 1 rounds (0.173 sec)
BEST SCORE FOUND : -70323.173
Creating bootstrap support values...
Split supports printed to NEXUS file ../../alignments/USUV_2025Jun24_alldata_aligned_formatted_noFLI_NFLG.fasta.splits.nex
Collapsing near-zero internal branches... 271 collapsed
Total tree length: 0.703

Total number of iterations: 113
CPU time used for tree search: 677.601 sec (0h:11m:17s)
Wall-clock time used for tree search: 115.714 sec (0h:1m:55s)
Total CPU time used: 898.980 sec (0h:14m:58s)
Total wall-clock time used: 174.953 sec (0h:2m:54s)

Computing bootstrap consensus tree...
Reading input file ../../alignments/USUV_2025Jun24_alldata_aligned_formatted_noFLI_NFLG.fasta.splits.nex...
694 taxa and 5164 splits.
Consensus tree written to ../../alignments/USUV_2025Jun24_alldata_aligned_formatted_noFLI_NFLG.fasta.contree
Reading input trees file ../../alignments/USUV_2025Jun24_alldata_aligned_formatted_noFLI_NFLG.fasta.contree
Log-likelihood of consensus tree: -70334.876

Analysis results written to: 
  IQ-TREE report:                ../../alignments/USUV_2025Jun24_alldata_aligned_formatted_noFLI_NFLG.fasta.iqtree
  Maximum-likelihood tree:       ../../alignments/USUV_2025Jun24_alldata_aligned_formatted_noFLI_NFLG.fasta.treefile

Ultrafast bootstrap approximation results written to:
  Split support values:          ../../alignments/USUV_2025Jun24_alldata_aligned_formatted_noFLI_NFLG.fasta.splits.nex
  Consensus tree:                ../../alignments/USUV_2025Jun24_alldata_aligned_formatted_noFLI_NFLG.fasta.contree
  Screen log file:               ../../alignments/USUV_2025Jun24_alldata_aligned_formatted_noFLI_NFLG.fasta.log

Date and Time: Fri Jul  4 12:04:06 2025
