IQ-TREE version 3.0.1 for MacOS ARM 64-bit built Jun 30 2025
Developed by Bui Quang Minh, Thomas Wong, Nhan Ly-Trong, Huaiyan Ren
Contributed by Lam-Tung Nguyen, Dominik Schrempf, Chris Bielow,
Olga Chernomor, Michael Woodhams, Diep Thi Hoang, Heiko Schmidt

Host:    S31-9YFL2JH7 (SSE4.2, 48 GB RAM)
Command: iqtree3 -s USUV_2025Jun24_alldata_aligned_formatted_noFLI_NFLG_IV.fasta -m HKY+G+F -czb -bb 1000 -nt AUTO
Seed:    115411 (Using SPRNG - Scalable Parallel Random Number Generator)
Time:    Mon Aug  4 16:05:02 2025
Kernel:  SSE2 - auto-detect threads (16 CPU cores detected)

Reading alignment file USUV_2025Jun24_alldata_aligned_formatted_noFLI_NFLG_IV.fasta ... Fasta format detected
Reading fasta file: done in 0.000365973 secs using 75.69% CPU
Alignment most likely contains DNA/RNA sequences
Constructing alignment: done in 0.00417089 secs using 31.79% CPU
Alignment has 4 sequences with 10305 columns, 35 distinct patterns
1 parsimony-informative, 79 singleton sites, 10225 constant sites
                                                 Gap/Ambiguity  Composition  p-value
Analyzing sequences: done in 4.91142e-05 secs using 59.05% CPU
   1  KX816653|206795-3/2012|culex_pipiens|IT|2012-09    0.00%    passed     99.98%
   2  KU573073|229615-1/2013|culex_pipiens|IT|2013       0.00%    passed     99.99%
   3  KX555629|NA|turdus_merula|IT|2015                  0.00%    passed     99.94%
   4  KX816646|200092/2010|turdus_merula|IT|2010-08      1.01%    passed     99.90%
****  TOTAL                                              0.25%  0 sequences failed composition chi2 test (p-value<5%; df=3)
Checking for duplicate sequences: done in 4.79221e-05 secs using 58.43% CPU
Creating fast initial parsimony tree by random order stepwise addition...
0.001 seconds, parsimony score: 81 (based on 80 sites)
Generating 1000 samples for ultrafast bootstrap (seed: 115411)...

NOTE: 0 MB RAM (0 GB) is required!
Measuring multi-threading efficiency up to 16 CPU cores
Increase to 10 rounds for branch lengths
485518 trees examined
Threads: 1 / Time: 16.000 sec / Speedup: 1.000 / Efficiency: 100% / LogL: -14892
Threads: 2 / Time: 73.350 sec / Speedup: 0.218 / Efficiency: 11% / LogL: -14892
Determining AUTO threadcount: done in 89.3498 secs using 54.9% CPU
BEST NUMBER OF THREADS: 1

Estimate model parameters (epsilon = 0.100)
1. Initial log-likelihood: -14890.127
2. Current log-likelihood: -14843.035
Optimal log-likelihood: -14842.988
Rate parameters:  A-C: 1.00000  A-G: 44.18923  A-T: 1.00000  C-G: 1.00000  C-T: 44.18923  G-T: 1.00000
Base frequencies:  A: 0.271  C: 0.229  G: 0.283  T: 0.218
Gamma shape alpha: 0.020
Parameters optimization took 2 rounds (0.000 sec)
Wrote distance file to... 
Computing ML distances based on estimated model parameters...
Calculating distance matrix: done in 3.79086e-05 secs using 97.6% CPU
Computing ML distances took 0.000061 sec (of wall-clock time) 0.000045 sec (of CPU time)
Setting up auxiliary I and S matrices: done in 1.00136e-05 secs using 59.92% CPU
Constructing RapidNJ tree: done in 5.00679e-06 secs using 99.86% CPU
Computing RapidNJ tree took 0.000040 sec (of wall-clock time) 0.000018 sec (of CPU time)
Log-likelihood of RapidNJ tree: -14842.988
--------------------------------------------------------------------
|             INITIALIZING CANDIDATE TREE SET                      |
--------------------------------------------------------------------
Generating 99 parsimony trees... 0.002 second
Computing log-likelihood of 2 initial trees ... 0.000 seconds
Current best score: -14842.988

Do NNI search on 3 best initial trees
UPDATE BEST LOG-LIKELIHOOD: -14842.988
Finish initializing candidate tree set (3)
Current best tree score: -14842.988 / CPU time: 0.008
Number of iterations: 3
--------------------------------------------------------------------
|               OPTIMIZING CANDIDATE TREE SET                      |
--------------------------------------------------------------------
UPDATE BEST LOG-LIKELIHOOD: -14842.988
Iteration 10 / LogL: -14843.524 / Time: 0h:1m:29s
Iteration 20 / LogL: -14843.524 / Time: 0h:1m:29s
Iteration 30 / LogL: -14843.524 / Time: 0h:1m:29s (0h:3m:35s left)
Iteration 40 / LogL: -14842.988 / Time: 0h:1m:29s (0h:2m:17s left)
Iteration 50 / LogL: -14842.988 / Time: 0h:1m:29s (0h:1m:31s left)
Log-likelihood cutoff on original alignment: -14844.314
Iteration 60 / LogL: -14842.988 / Time: 0h:1m:29s (0h:1m:0s left)
Iteration 70 / LogL: -14842.988 / Time: 0h:1m:29s (0h:0m:38s left)
Iteration 80 / LogL: -14842.988 / Time: 0h:1m:29s (0h:0m:22s left)
Iteration 90 / LogL: -14842.988 / Time: 0h:1m:29s (0h:0m:10s left)
Iteration 100 / LogL: -14842.988 / Time: 0h:1m:29s (0h:0m:0s left)
Log-likelihood cutoff on original alignment: -14844.314
NOTE: Bootstrap correlation coefficient of split occurrence frequencies: 1.000
TREE SEARCH COMPLETED AFTER 101 ITERATIONS / Time: 0h:1m:29s

--------------------------------------------------------------------
|                    FINALIZING TREE SEARCH                        |
--------------------------------------------------------------------
Performs final model parameters optimization
Estimate model parameters (epsilon = 0.010)
1. Initial log-likelihood: -14842.988
2. Current log-likelihood: -14842.966
3. Current log-likelihood: -14842.945
4. Current log-likelihood: -14842.923
5. Current log-likelihood: -14842.901
6. Current log-likelihood: -14842.879
7. Current log-likelihood: -14842.857
8. Current log-likelihood: -14842.835
9. Current log-likelihood: -14842.812
10. Current log-likelihood: -14842.790
11. Current log-likelihood: -14842.768
12. Current log-likelihood: -14842.745
13. Current log-likelihood: -14842.723
14. Current log-likelihood: -14842.700
15. Current log-likelihood: -14842.677
16. Current log-likelihood: -14842.655
17. Current log-likelihood: -14842.632
18. Current log-likelihood: -14842.609
19. Current log-likelihood: -14842.586
20. Current log-likelihood: -14842.563
21. Current log-likelihood: -14842.540
22. Current log-likelihood: -14842.517
23. Current log-likelihood: -14842.494
24. Current log-likelihood: -14842.470
25. Current log-likelihood: -14842.447
26. Current log-likelihood: -14842.423
27. Current log-likelihood: -14842.400
28. Current log-likelihood: -14842.376
29. Current log-likelihood: -14842.353
30. Current log-likelihood: -14842.329
31. Current log-likelihood: -14842.305
32. Current log-likelihood: -14842.281
33. Current log-likelihood: -14842.257
34. Current log-likelihood: -14842.233
35. Current log-likelihood: -14842.209
36. Current log-likelihood: -14842.185
37. Current log-likelihood: -14842.160
38. Current log-likelihood: -14842.136
39. Current log-likelihood: -14842.112
40. Current log-likelihood: -14842.087
41. Current log-likelihood: -14842.062
42. Current log-likelihood: -14842.038
43. Current log-likelihood: -14842.013
44. Current log-likelihood: -14841.988
45. Current log-likelihood: -14841.963
46. Current log-likelihood: -14841.938
47. Current log-likelihood: -14841.913
48. Current log-likelihood: -14841.888
49. Current log-likelihood: -14841.863
50. Current log-likelihood: -14841.838
51. Current log-likelihood: -14841.813
52. Current log-likelihood: -14841.787
53. Current log-likelihood: -14841.762
54. Current log-likelihood: -14841.736
55. Current log-likelihood: -14841.711
56. Current log-likelihood: -14841.685
57. Current log-likelihood: -14841.659
58. Current log-likelihood: -14841.633
59. Current log-likelihood: -14841.608
60. Current log-likelihood: -14841.582
61. Current log-likelihood: -14841.556
62. Current log-likelihood: -14841.530
63. Current log-likelihood: -14841.504
64. Current log-likelihood: -14841.477
65. Current log-likelihood: -14841.451
66. Current log-likelihood: -14841.425
67. Current log-likelihood: -14841.398
68. Current log-likelihood: -14841.372
69. Current log-likelihood: -14841.346
70. Current log-likelihood: -14841.319
71. Current log-likelihood: -14841.292
72. Current log-likelihood: -14841.266
73. Current log-likelihood: -14841.239
74. Current log-likelihood: -14841.212
75. Current log-likelihood: -14841.186
76. Current log-likelihood: -14841.159
77. Current log-likelihood: -14841.132
78. Current log-likelihood: -14841.105
79. Current log-likelihood: -14841.078
80. Current log-likelihood: -14841.051
81. Current log-likelihood: -14841.024
82. Current log-likelihood: -14840.997
83. Current log-likelihood: -14840.969
84. Current log-likelihood: -14840.942
85. Current log-likelihood: -14840.915
86. Current log-likelihood: -14840.888
87. Current log-likelihood: -14840.860
88. Current log-likelihood: -14840.833
89. Current log-likelihood: -14840.806
90. Current log-likelihood: -14840.778
91. Current log-likelihood: -14840.751
92. Current log-likelihood: -14840.724
93. Current log-likelihood: -14840.696
94. Current log-likelihood: -14840.669
95. Current log-likelihood: -14840.642
96. Current log-likelihood: -14840.614
97. Current log-likelihood: -14838.751
Optimal log-likelihood: -14838.747
Rate parameters:  A-C: 1.00000  A-G: 15.93860  A-T: 1.00000  C-G: 1.00000  C-T: 15.93860  G-T: 1.00000
Base frequencies:  A: 0.271  C: 0.229  G: 0.283  T: 0.218
Gamma shape alpha: 0.020
Parameters optimization took 97 rounds (0.014 sec)
BEST SCORE FOUND : -14838.747
Creating bootstrap support values...
Split supports printed to NEXUS file USUV_2025Jun24_alldata_aligned_formatted_noFLI_NFLG_IV.fasta.splits.nex
Collapsing near-zero internal branches... 0 collapsed
Total tree length: 0.008

Total number of iterations: 101
CPU time used for tree search: 0.083 sec (0h:0m:0s)
Wall-clock time used for tree search: 0.100 sec (0h:0m:0s)
Total CPU time used: 49.157 sec (0h:0m:49s)
Total wall-clock time used: 89.494 sec (0h:1m:29s)

Computing bootstrap consensus tree...
Reading input file USUV_2025Jun24_alldata_aligned_formatted_noFLI_NFLG_IV.fasta.splits.nex...
4 taxa and 7 splits.
Consensus tree written to USUV_2025Jun24_alldata_aligned_formatted_noFLI_NFLG_IV.fasta.contree
Reading input trees file USUV_2025Jun24_alldata_aligned_formatted_noFLI_NFLG_IV.fasta.contree
Log-likelihood of consensus tree: -14838.747

Analysis results written to: 
  IQ-TREE report:                USUV_2025Jun24_alldata_aligned_formatted_noFLI_NFLG_IV.fasta.iqtree
  Maximum-likelihood tree:       USUV_2025Jun24_alldata_aligned_formatted_noFLI_NFLG_IV.fasta.treefile
  Likelihood distances:          USUV_2025Jun24_alldata_aligned_formatted_noFLI_NFLG_IV.fasta.mldist

Ultrafast bootstrap approximation results written to:
  Split support values:          USUV_2025Jun24_alldata_aligned_formatted_noFLI_NFLG_IV.fasta.splits.nex
  Consensus tree:                USUV_2025Jun24_alldata_aligned_formatted_noFLI_NFLG_IV.fasta.contree
  Screen log file:               USUV_2025Jun24_alldata_aligned_formatted_noFLI_NFLG_IV.fasta.log

Date and Time: Mon Aug  4 16:06:31 2025
