IQ-TREE version 3.0.1 for MacOS ARM 64-bit built Jun 30 2025
Developed by Bui Quang Minh, Thomas Wong, Nhan Ly-Trong, Huaiyan Ren
Contributed by Lam-Tung Nguyen, Dominik Schrempf, Chris Bielow,
Olga Chernomor, Michael Woodhams, Diep Thi Hoang, Heiko Schmidt

Host:    S31-9YFL2JH7 (SSE4.2, 48 GB RAM)
Command: iqtree3 -s USUV_2025Jun24_alldata_aligned_formatted_noFLI_partial_I.fasta -m HKY+G+F -czb -bb 1000 -nt AUTO
Seed:    996772 (Using SPRNG - Scalable Parallel Random Number Generator)
Time:    Mon Aug  4 16:14:15 2025
Kernel:  SSE2 - auto-detect threads (16 CPU cores detected)

Reading alignment file USUV_2025Jun24_alldata_aligned_formatted_noFLI_partial_I.fasta ... Fasta format detected
Reading fasta file: done in 0.000257015 secs using 86.77% CPU
Alignment most likely contains DNA/RNA sequences
Constructing alignment: done in 0.00435591 secs using 30.42% CPU
Alignment has 3 sequences with 10305 columns, 15 distinct patterns
0 parsimony-informative, 12 singleton sites, 10293 constant sites
                                              Gap/Ambiguity  Composition  p-value
Analyzing sequences: done in 5.38826e-05 secs using 55.68% CPU
   1  KX268472|HU10279_09|culex_perexiguus|ES|2009    0.00%    passed     98.09%
   2  MN813489|HU10279-09|culex_perexiguus|ES|2009    0.00%    passed     97.49%
   3  HQ833022|HU10279_09|culex_perexiguus|ES|2009   83.78%    passed     18.48%
WARNING: 1 sequences contain more than 50% gaps/ambiguity
****  TOTAL                                          27.93%  0 sequences failed composition chi2 test (p-value<5%; df=3)
Checking for duplicate sequences: done in 4.69685e-05 secs using 61.74% CPU

Create initial parsimony tree by phylogenetic likelihood library (PLL)... 0.000 seconds
Generating 1000 samples for ultrafast bootstrap (seed: 996772)...
ERROR: It makes no sense to perform bootstrap with less than 4 sequences.
