IQ-TREE version 3.0.1 for MacOS ARM 64-bit built Jun 30 2025
Developed by Bui Quang Minh, Thomas Wong, Nhan Ly-Trong, Huaiyan Ren
Contributed by Lam-Tung Nguyen, Dominik Schrempf, Chris Bielow,
Olga Chernomor, Michael Woodhams, Diep Thi Hoang, Heiko Schmidt

Host:    S31-9YFL2JH7 (SSE4.2, 48 GB RAM)
Command: iqtree3 -s USUV_2025Jun24_alldata_aligned_formatted_noFLI_NFLG_III.fasta -m HKY+G+F -czb -bb 1000 -nt AUTO
Seed:    966529 (Using SPRNG - Scalable Parallel Random Number Generator)
Time:    Mon Aug  4 16:01:48 2025
Kernel:  SSE2 - auto-detect threads (16 CPU cores detected)

Reading alignment file USUV_2025Jun24_alldata_aligned_formatted_noFLI_NFLG_III.fasta ... Fasta format detected
Reading fasta file: done in 0.0181768 secs using 87.68% CPU
Alignment most likely contains DNA/RNA sequences
Constructing alignment: done in 0.00986791 secs using 72.12% CPU
Alignment has 246 sequences with 10305 columns, 1457 distinct patterns
553 parsimony-informative, 745 singleton sites, 9007 constant sites
                                                                         Gap/Ambiguity  Composition  p-value
Analyzing sequences: done in 0.000128031 secs using 452.2% CPU
   1  PP482816|Cx1-batch2_Zen-Pets-Res_2023-08-03|culex_pipiens|FR|2023-08-03    6.29%    passed     97.09%
   2  PQ677887|Ar2|alectoris_rufa|PT|2023-11-05                                  0.00%    passed     99.86%
   3  PP482815|AeDet2-batch3_Nansouty_2023-08-18|culex_sp|FR|2023-08-18          0.00%    passed     99.61%
   4  KY294723|S-1238|turdus_merula|DE|2016                                      0.00%    passed     99.79%
   5  KY294722|S-1232|turdus_merula|DE|2016                                      0.00%    passed     99.72%
   6  KY199557|NA|turdus_merula|DE|2016                                          0.00%    passed     99.69%
   7  MN122238|AS201800115|turdus_merula|NL|2018-08-15                           0.00%    passed     99.87%
   8  MT863562|HauteVienne4997/France/2018|turdus_merula|FR|2018-07-24           0.00%    passed     99.53%
   9  MK419834|USU-BE-Scoter/2018|melanitta_nigra|BE|2018-08                     0.00%    passed     99.92%
  10  PQ041659|USUV_TM_Netherlands_2016|NA|NL|2020                               0.00%    passed     99.94%
  11  MT188658|NA|turdus_merula|NL|2016                                          0.00%    passed     99.91%
  12  MH891847|AS201600045|turdus_merula|NL|2016-09-07                           0.01%    passed     99.93%
  13  MN813490|TMNetherlands|turdus_merula|NL|2016                               0.00%    passed     99.96%
  14  NA|AS201800175|turdus_merula|NL|2018-08-22                                 0.00%    passed     99.98%
  15  NA|16TV1045|turdus_merula|NL|2017-08-02                                    0.00%    passed     99.98%
  16  NA|AS20190490|turdus_merula|NL|2019-08-27                                  0.00%    passed     99.47%
  17  NA|AS20190438|gracula_religiosa|NL|2019-09-12                              0.00%    passed     99.95%
  18  NA|18TV0475|turdus_merula|NL|2018-08-18                                    0.00%    passed     99.87%
  19  NA|AS201700148|strix_nebulosa|NL|2017-07-31                                0.00%    passed     99.99%
  20  MT795154|NA|turdus_merula|DE|2016-09-30                                    0.00%    passed     99.94%
  21  KM659877|NA|turdus_merula|DE|2014-09-11                                    0.00%    passed     99.99%
  22  KY426761|NA|turdus_merula|DE|2016-09-04                                    0.00%    passed    100.00%
  23  MN122182|AS201600280|turdus_merula|NL|2016-09-26                           0.00%    passed     99.98%
  24  MN122231|AS201800100|turdus_merula|NL|2018-08-07                           0.00%    passed     99.99%
  25  MN122232|AS201800101|turdus_merula|NL|2018-08-07                           0.00%    passed     99.98%
  26  MN122145|AS201600034|turdus_merula|NL|2016-09-01                           0.00%    passed     99.98%
  27  MN122156|AS201600098|turdus_merula|NL|2016-09-21                           0.00%    passed     99.94%
  28  MN122185|AS201600284|turdus_merula|NL|2016-10-03                           0.00%    passed     99.94%
  29  MN122236|AS201800113|turdus_merula|NL|2018-08-14                           0.00%    passed     99.96%
  30  MN122164|AS201600124|turdus_merula|NL|2016-09-23                           0.00%    passed     99.87%
  31  MN122162|AS201600118|turdus_merula|NL|2016-09-22                           0.00%    passed     99.86%
  32  MN122187|AS201600287|turdus_merula|NL|2016-09-27                           0.00%    passed     99.97%
  33  MN122211|AS201700186|turdus_merula|NL|2017-09-13                           0.00%    passed     99.87%
  34  MN122175|AS201600244|turdus_merula|NL|2016-09-27                           0.00%    passed     99.94%
  35  MN122249|AS201800129|turdus_merula|NL|2018-08-23                           0.00%    passed     99.86%
  36  MN122148|AS201600045|turdus_merula|NL|2016-09-07                           0.00%    passed     99.85%
  37  MN122230|AS201800099|turdus_merula|NL|2018-08-07                           0.00%    passed     99.91%
  38  MN122224|AS201800091|turdus_merula|NL|2018-08-02                           0.00%    passed     99.85%
  39  MN122227|AS201800094|turdus_merula|NL|2018-08-03                           0.00%    passed     99.98%
  40  MN122254|AS201800155|turdus_merula|NL|2018-08-31                           0.00%    passed     99.59%
  41  MN122186|AS201600286|turdus_merula|NL|2016-09-28                           0.00%    passed     99.97%
  42  MN122201|AS201700121|turdus_merula|NL|2017-08-01                           0.00%    passed     99.99%
  43  MN122240|AS201800118|turdus_merula|NL|2018-08-16                           0.00%    passed     99.99%
  44  MN122214|AS201700254|turdus_merula|NL|2017-09-22                           0.00%    passed     99.62%
  45  ON755214|Turdusmerula12_feather_2W1L_Day0|turdus_merula|NL|2016            0.00%    passed     99.98%
  46  MN122220|AS201800087|turdus_merula|NL|2018-08-01                           0.00%    passed     99.99%
  47  MN122245|AS201800125|turdus_merula|NL|2018-08-22                           0.00%    passed     99.98%
  48  MN122163|AS201600121|turdus_merula|NL|2016-09-22                           0.00%    passed     99.88%
  49  MN122233|AS201800102|turdus_merula|NL|2018-08-09                           0.00%    passed    100.00%
  50  MN122244|AS201800123|turdus_merula|NL|2018-08-21                           0.00%    passed    100.00%
  51  MN122246|AS201800126|turdus_merula|NL|2018-08-22                           0.00%    passed     99.99%
  52  MN122151|AS201600057|turdus_merula|NL|2016-09-08                           0.00%    passed     99.99%
  53  MN122169|AS201600173|turdus_merula|NL|2016-10-07                           0.00%    passed     99.99%
  54  MN122206|AS201700155|turdus_merula|NL|2017-08-10                           0.00%    passed     99.95%
  55  NA|AS20221842|turdus_merula|NL|2022-09-04                                  0.00%    passed     99.81%
  56  NA|AS20221670|turdus_merula|NL|2022-07-24                                  0.00%    passed     99.53%
  57  NA|AS20221964|columba_palumbus|NL|2022-09-26                               0.00%    passed     99.48%
  58  NA|AS20221760|turdus_merula|NL|2022-08-24                                  0.00%    passed     99.76%
  59  NA|22B00207|turdus_merula|NL|2022-11-12                                    0.00%    passed     99.82%
  60  NA|AS20221627|turdus_merula|NL|2022-07-28                                  0.00%    passed     99.82%
  61  NA|AS20221838|turdus_merula|NL|2022-08-22                                  0.00%    passed     99.35%
  62  NA|AS20221617|turdus_merula|NL|2022-08-08                                  0.00%    passed     99.98%
  63  NA|AS20221784|turdus_merula|NL|2022-08-11                                  0.00%    passed     99.95%
  64  NA|22B00462|turdus_merula|NL|2022-09-09                                    0.00%    passed     99.96%
  65  NA|AS20221775|turdus_merula|NL|2022-08-28                                  0.00%    passed     99.67%
  66  NA|22TV2828|turdus_merula|NL|2022-09-03                                    0.00%    passed     99.92%
  67  NA|AS20221846|turdus_merula|NL|2022-09-03                                  0.00%    passed     99.96%
  68  NA|AS20221755|strix_nebulosa|NL|2022-07-21                                 0.00%    passed     99.81%
  69  NA|AS20221818|turdus_merula|NL|2022-08-31                                  0.00%    passed     99.86%
  70  NA|AS20221803|turdus_merula|NL|2022-09-02                                  0.00%    passed     99.43%
  71  NA|AS20221908|turdus_merula|NL|2022-09-12                                  0.00%    passed     99.98%
  72  NA|AS20221903|turdus_merula|NL|2022-09-13                                  0.00%    passed     99.96%
  73  NA|AS20221889|turdus_merula|NL|2022-09-18                                  0.00%    passed     99.78%
  74  NA|AS20221860|turdus_merula|NL|2022-09-14                                  0.00%    passed     99.86%
  75  NA|AS20221918|cyanistes_caeruleus|NL|2022-09-15                            0.00%    passed     99.65%
  76  NA|AS20221913|turdus_merula|NL|2022-09-11                                  0.00%    passed     99.95%
  77  NA|AS20221884|turdus_merula|NL|2022-09-14                                  0.00%    passed     99.96%
  78  NA|AS20221875|turdus_merula|NL|2022-09-11                                  0.00%    passed     99.99%
  79  NA|AS20221942|turdus_merula|NL|2022-09-20                                  0.00%    passed     99.59%
  80  NA|AS20221813|turdus_merula|NL|2022-08-24                                  0.00%    passed     99.74%
  81  NA|AS20221974|turdus_merula|NL|2022-09-20                                  0.00%    passed     99.90%
  82  NA|AS20221958|turdus_merula|NL|2022-09-25                                  0.00%    passed     99.90%
  83  OM202464|Greater_London_2021|turdus_merula|UK|2021-09                      0.00%    passed     99.99%
  84  MW001216|NA|turdus_merula|UK|2020-07                                       0.01%    passed     99.77%
  85  NA|AS20221923|turdus_merula|NL|2022-09-04                                  0.00%    passed     99.91%
  86  NA|AS20190643|passer_domesticus|NL|2019-09-18                              0.00%    passed     99.94%
  87  NA|AS20190579|prunella_modularis|NL|2019-09-19                             0.00%    passed     99.97%
  88  NA|AS20200605|turdus_merula|NL|2020-08-22                                  0.00%    passed     99.58%
  89  NA|AS20200689|turdus_merula|NL|2020-09-30                                  0.00%    passed     99.62%
  90  NA|AS20210914|turdus_merula|NL|2021-08-30                                  0.00%    passed     99.65%
  91  NA|22TV3658|turdus_merula|NL|2022-08-27                                    0.00%    passed     99.95%
  92  NA|22TV2684|turdus_merula|NL|2022-09-04                                    0.00%    passed     99.92%
  93  KY426765|NA|turdus_merula|DE|2016-09-30                                    0.00%    passed     99.98%
  94  NA|Blackbird_London_2022_b|turdus_merula|UK|2022-09                        0.00%    passed     99.96%
  95  NA|Blackbird_London_2022_a|turdus_merula|UK|2022-09                        0.00%    passed     99.96%
  96  NA|Blackbird_Cambridgeshire_2023_a|turdus_merula|UK|2023-08                0.00%    passed     99.99%
  97  NA|AS20221898|turdus_merula|NL|2022-09-11                                  0.00%    passed     99.99%
  98  NA|22TV3780|turdus_merula|NL|2022-09-11                                    0.00%    passed     99.97%
  99  NA|AS201800085|chloris_chloris|NL|2018-07-30                               0.00%    passed     99.95%
 100  NA|AS201600064|strix_nebulosa|NL|2016-08-13                                0.00%    passed     99.87%
 101  NA|AS201600073|bubo_scandiacus|NL|2016-09-01                               0.00%    passed     99.87%
 102  NA|AS201600082|strix_nebulosa|NL|2016-09-20                                0.00%    passed     99.69%
 103  NA|AS201700173|strix_nebulosa|NL|2017-08-25                                0.00%    passed     99.91%
 104  NA|AS201700198|strix_nebulosa|NL|2017-09-05                                0.00%    passed     99.71%
 105  NA|AS201800080|strix_nebulosa|NL|2018-07-24                                0.00%    passed     99.29%
 106  NA|AS20190450|turdus_merula|NL|2019-09-03                                  0.00%    passed     99.92%
 107  NA|AS201600067|strix_nebulosa|NL|2016-09-09                                0.00%    passed     99.94%
 108  NA|AS201600269|strix_nebulosa|NL|2016-09-25                                0.00%    passed    100.00%
 109  NA|AS201800117|strix_nebulosa|NL|2018-08-16                                0.00%    passed     99.98%
 110  NA|18TV1517|turdus_merula|NL|2018-10-11                                    0.00%    passed    100.00%
 111  NA|AS20190494|turdus_merula|NL|2019-08-28                                  0.00%    passed     99.99%
 112  NA|19TV0329|turdus_merula|NL|2019-04-12                                    0.00%    passed     99.99%
 113  NA|19TV0102|passer_domesticus|NL|2019-04-24                                0.00%    passed     99.98%
 114  NA|18TV0252|turdus_merula|NL|2018-10-31                                    0.00%    passed     99.99%
 115  NA|AS20190715|copsychus_malabaricus|NL|2019-10-07                          0.00%    passed     99.77%
 116  NA|AS20190716|copsychus_malabaricus|NL|2019-10-07                          0.00%    passed     99.77%
 117  NA|AS20200561|turdus_merula|NL|2020-09-27                                  0.00%    passed     99.06%
 118  KY426764|NA|turdus_merula|DE|2016-10-04                                    0.00%    passed     99.94%
 119  NA|17TV1510|turdus_merula|NL|2018-10-06                                    0.99%    passed     98.59%
 120  MN122251|AS201800151|turdus_merula|NL|2018-08-30                           0.00%    passed     99.13%
 121  MN122155|AS201600095|turdus_merula|NL|2016-09-21                           0.00%    passed     99.97%
 122  MN122180|AS201600274|turdus_merula|NL|2016-09-27                           0.00%    passed    100.00%
 123  MN122194|AS201700090|turdus_merula|NL|2017-07-13                           0.00%    passed     99.99%
 124  MN122243|AS201800122|turdus_merula|NL|2018-08-21                           0.00%    passed    100.00%
 125  NA|AS201600289_BEC009|strix_nebulosa|NL|2016                               0.00%    passed    100.00%
 126  MN122234|AS201800103|turdus_merula|NL|2018-08-10                           0.00%    passed    100.00%
 127  MN122237|AS201800114|turdus_merula|NL|2018-08-15                           0.00%    passed    100.00%
 128  MN122218|AS201800084|turdus_merula|NL|2018-07-31                           0.00%    passed     99.98%
 129  MN122183|AS201600281|turdus_merula|NL|2016-09-25                           0.00%    passed     99.93%
 130  MN122204|AS201700130|turdus_merula|NL|2017-08-16                           0.00%    passed     99.98%
 131  MN122200|AS201700118|turdus_merula|NL|2017-08-03                           0.00%    passed    100.00%
 132  ON755220|Turdusmerula19_feather_WLC_Day0|turdus_merula|NL|2016             0.00%    passed     99.91%
 133  MN122165|AS201600127|turdus_merula|NL|2016-09-23                           0.00%    passed     99.98%
 134  MN122150|AS201600051|turdus_merula|NL|2016-09-07                           0.00%    passed     99.91%
 135  MN122208|AS201700170|turdus_merula|NL|2017-08-25                           0.00%    passed     99.86%
 136  MN122241|AS201800120|turdus_merula|NL|2018-08-17                           0.00%    passed     99.98%
 137  MN122202|AS201700124|turdus_merula|NL|2017-08-01                           0.00%    passed     99.91%
 138  MN122239|AS201800116|turdus_merula|NL|2018-08-16                           0.00%    passed     99.88%
 139  MN122199|AS201700112|turdus_merula|NL|2017-07-27                           0.00%    passed     99.99%
 140  MN122209|AS201700174|turdus_merula|NL|2017-08-29                           0.00%    passed     99.98%
 141  MN122242|AS201800121|turdus_merula|NL|2018-08-17                           0.00%    passed     99.98%
 142  MN122149|AS201600048|turdus_merula|NL|2016-09-07                           0.00%    passed     99.77%
 143  MN122153|AS201600062|turdus_merula|NL|2016-09-13                           0.00%    passed     99.87%
 144  MN122193|AS201700087|turdus_merula|NL|2017-07-11                           0.00%    passed     99.88%
 145  MN122184|AS201600283|turdus_merula|NL|2016-09-27                           0.00%    passed     99.88%
 146  MN122161|AS201600115|turdus_merula|NL|2016-09-22                           0.00%    passed     99.93%
 147  MN122195|AS201700096|turdus_merula|NL|2017-07-14                           0.00%    passed     99.75%
 148  MN122219|AS201800086|turdus_merula|NL|2018-08-01                           0.00%    passed     99.91%
 149  MN122228|AS201800095|turdus_merula|NL|2018-08-06                           0.00%    passed     99.96%
 150  MN122247|AS201800127|turdus_merula|NL|2018-08-22                           0.00%    passed     99.83%
 151  MN122221|AS201800088|turdus_merula|NL|2018-08-01                           0.00%    passed     99.81%
 152  MN122159|AS201600107|turdus_merula|NL|2016-09-22                           0.00%    passed     99.91%
 153  MN122255|AS201800156|turdus_merula|NL|2018-08-31                           0.00%    passed     99.64%
 154  MN122191|AS201700084|turdus_merula|NL|2017-07-05                           0.00%    passed     99.83%
 155  MN122168|AS201600148|turdus_merula|NL|2016-09-23                           0.00%    passed     99.91%
 156  NA|AS20221789|turdus_merula|NL|2022-08-24                                  0.00%    passed     99.61%
 157  NA|AS20221833|turdus_merula|NL|2022-08-28                                  0.00%    passed     99.91%
 158  MN122160|AS201600110|turdus_merula|NL|2016-09-22                           0.00%    passed     99.96%
 159  MN122173|AS201600227|turdus_merula|NL|2016-09-30                           0.00%    passed     99.79%
 160  MN122205|AS201700152|turdus_merula|NL|2017-07-19                           0.00%    passed     99.82%
 161  MN122226|AS201800093|turdus_merula|NL|2018-08-03                           0.00%    passed     99.82%
 162  MN122197|AS201700106|turdus_merula|NL|2017-07-25                           0.00%    passed     99.94%
 163  MN122222|AS201800089|turdus_merula|NL|2018-08-02                           0.00%    passed     99.94%
 164  MN122217|AS201800082|turdus_merula|NL|2018-07-27                           0.00%    passed     99.97%
 165  MN122256|AS201800157|turdus_merula|NL|2018-09-04                           0.00%    passed     99.93%
 166  MN122252|AS201800152|turdus_merula|NL|2018-08-30                           0.00%    passed     99.83%
 167  MN122253|AS201800154|turdus_merula|NL|2018-08-31                           0.00%    passed     99.96%
 168  MN122225|AS201800092|turdus_merula|NL|2018-08-02                           0.00%    passed     99.93%
 169  MN122157|AS201600101|turdus_merula|NL|2016-09-22                           0.00%    passed     99.56%
 170  MN122212|AS201700189|turdus_merula|NL|2017-09-14                           0.00%    passed     99.91%
 171  MN122178|AS201600265|turdus_merula|NL|2016-09-30                           0.00%    passed     99.45%
 172  MN122167|AS201600136|turdus_merula|NL|2016-09-23                           0.00%    passed     99.82%
 173  MN122210|AS201700177|turdus_merula|NL|2017-09-15                           0.00%    passed     99.93%
 174  MN122216|AS201800081|turdus_merula|NL|2018-07-27                           0.00%    passed     99.99%
 175  NA|AS20221828|turdus_merula|NL|2022-08-26                                  0.00%    passed     99.95%
 176  MN122250|AS201800150|turdus_merula|NL|2018-08-30                           0.00%    passed     99.94%
 177  NA|AS20222401|turdus_merula|NL|2022-11-10                                  0.00%    passed     99.98%
 178  MN122146|AS201600036|turdus_merula|NL|2016-09-06                           0.00%    passed     99.99%
 179  MN122248|AS201800128|turdus_merula|NL|2018-08-22                           0.00%    passed     99.99%
 180  MN122223|AS201800090|turdus_merula|NL|2018-08-02                           0.00%    passed     99.99%
 181  MN122147|AS201600042|turdus_merula|NL|2016-09-07                           0.00%    passed     99.77%
 182  KY128482|Snebulosa-6004/NL/2016|strix_nebulosa|NL|2016-09                  0.00%    passed     99.87%
 183  NA|AS20221851|turdus_merula|NL|2022-09-03                                  0.00%    passed     99.69%
 184  NA|21TV5071|turdus_merula|NL|2022-07-29                                    0.00%    passed     99.83%
 185  KY263625|NA|turdus_merula|BE|2016-10                                       0.00%    passed     99.95%
 186  MK230891|Seraing/2017|turdus_merula|BE|2017-08                             0.00%    passed     99.77%
 187  KY426754|NA|turdus_merula|DE|2015-09-09                                    0.00%    passed     99.80%
 188  NA|AS20221780|turdus_merula|NL|2022-08-26                                  0.00%    passed     99.98%
 189  ON755215|Turdusmerula13_feather_3W1L_Day0|turdus_merula|NL|2016            0.16%    passed     99.98%
 190  NA|AS20210829|turdus_merula|NL|2021-09-19                                  0.00%    passed     99.77%
 191  NA|22TV2594|cyanistes_caeruleus|NL|2022-08-24                              0.00%    passed     99.88%
 192  NA|AS201700142|strix_nebulosa|NL|2017-08-09                                0.00%    passed     99.99%
 193  KY426757|NA|turdus_merula|DE|2016-09-23                                    0.00%    passed     99.86%
 194  OU674388|NA|turdus_merula|LU|2020-09                                       0.01%    passed     97.85%
 195  NA|AS20200367|turdus_merula|NL|2020-08-16                                  0.00%    passed     99.93%
 196  NA|18TV1221|turdus_merula|NL|2018-10-13                                    0.90%    passed     99.93%
 197  OP921076|16TV1039_Turdusmerula|turdus_merula|NL|2016-10-07                 5.05%    passed     99.77%
 198  OP921077|16TV1039_Ixodesfrontalis|ixodes_frontalis|NL|2016-10-07           3.69%    passed     99.12%
 199  NA|AS20221657|turdus_merula|NL|2022-08-04                                  6.45%    passed     98.80%
 200  NA|AS20221880|turdus_merula|NL|2022-09-12                                  0.99%    passed     99.51%
 201  NA|AS20221994|passer_domesticus|NL|2022-09-19                              2.16%    passed     99.77%
 202  PQ633267|USUV/NL/2022/SCBC7P30|NA|NL|2022-11-18                            2.72%    passed     99.98%
 203  NA|AS20221637|turdus_merula|NL|2022-08-04                                  2.70%    passed     99.96%
 204  MN122207|AS201700167|turdus_merula|NL|2017-09-01                           2.70%    passed     99.95%
 205  NA|AS20221952|streptopelia_decaocto|NL|2022-09-27                          2.67%    passed     99.93%
 206  NA|AS20221660|turdus_merula|NL|2022-08-08                                  2.70%    passed     99.64%
 207  ON755209|Turdusmerula14_feather_WLC_Day43|turdus_merula|NL|2016            1.22%    passed     98.16%
 208  ON755216|Turdusmerula14_feather_WLC_Day0|turdus_merula|NL|2016             1.22%    passed     98.16%
 209  ON755217|Turdusmerula15_feather_WLC_Day0|turdus_merula|NL|2016             1.22%    passed     99.62%
 210  ON755218|Turdusmerula16_feather_WLC_Day0|turdus_merula|NL|2016             1.22%    passed     99.13%
 211  ON755210|Turdusmerula17_feather_WLC_Day43|turdus_merula|NL|2016            1.22%    passed     99.77%
 212  ON755211|Turdusmerula19_feather_WLC_Day43|turdus_merula|NL|2016            1.22%    passed     99.64%
 213  ON755213|Turdusmerula11_feather_1W1L_Day0|turdus_merula|NL|2016            1.22%    passed     99.91%
 214  ON755222|Turdusmerula13_feather_3W2L_Day43|turdus_merula|NL|2016           1.22%    passed     99.91%
 215  ON755212|Turdusmerula20_feather_WLC_Day43|turdus_merula|NL|2016            1.22%    passed     99.29%
 216  ON755221|Turdusmerula20_feather_WLC_Day0|turdus_merula|NL|2016             1.22%    passed     99.29%
 217  OP921082|16TV1131_Ixodesricinus_8|ixodes_ricinus|NL|2016-10-16            24.84%    passed     54.03%
 218  OP007489|WBVR_bird-X-2016|strix_nebulosa|NL|2016-09-09                     1.69%    passed     99.29%
 219  NA|22B00749|turdidae_sp|NL|2022-09-21                                      3.12%    passed     99.84%
 220  NA|AS20221928|turdus_merula|NL|2022-09-25                                  2.60%    passed     97.23%
 221  NA|22B00483|turdus_merula|NL|2022-09-16                                    8.76%    passed     90.31%
 222  NA|22B00237|turdus_merula|NL|2022-11-12                                   10.57%    passed     92.88%
 223  NA|AS20221999|turdidae_sp|NL|2022-09-22                                   11.78%    passed     95.71%
 224  NA|22TV2538|turdus_merula|NL|2022-08-24                                   11.88%    passed     95.51%
 225  NA|22TV3632|turdus_merula|NL|2022-10-08                                   10.80%    passed     92.11%
 226  NA|22B04271|turdus_merula|NL|2022-12-03                                    6.87%    passed     98.33%
 227  OP921078|18TV0973_Turdusphilomelos|turdidae_sp|NL|2018-08-18               4.59%    passed     99.66%
 228  NA|17TV1199|turdus_merula|NL|2017-07-21                                    5.45%    passed     99.16%
 229  OP921081|16TV1131_Ixodesricinus_6|ixodes_ricinus|NL|2016-10-16             2.77%    passed     99.48%
 230  ON755219|Turdusmerula18_feather_WLC_Day0|turdus_merula|NL|2016             3.98%    passed     93.17%
 231  NA|18TV0825|turdus_merula|NL|2018-08-18                                    6.47%    passed     96.52%
 232  NA|22TV2724|turdidae_sp|NL|2022-08-28                                      6.91%    passed     99.90%
 233  NA|21TV8157|turdus_merula|NL|2022-10-02                                   21.48%    passed     75.71%
 234  NA|18TV1196|turdidae_sp|NL|2018-09-16                                      3.05%    passed     97.60%
 235  NA|AS20221957|turdus_merula|NL|2022-09-25                                  6.56%    passed     95.45%
 236  OP921083|16TV1131_Turdusmerula|turdus_merula|NL|2016-10-16                10.63%    passed     92.98%
 237  NA|22B00186|turdus_merula|NL|2022-11-12                                   14.84%    passed     91.50%
 238  NA|AS20221979|turdidae_sp|NL|2022-10-03                                   10.91%    passed     92.94%
 239  OP921080|16TV1131_Ixodesricinus_5|ixodes_ricinus|NL|2016-10-16            20.42%    passed     98.37%
 240  NA|21TV9171|turdus_merula|NL|2022-09-08                                   20.78%    passed     92.96%
 241  PV235993|USUV/NL/2019/CMV442|culex_sp|NL|2019-08-22                        5.01%    passed     98.14%
 242  PV235995|USUV/NL/2022/CMV3308|culex_sp|NL|2022-07-13                       0.44%    passed     98.51%
 243  PV235996|USUV/NL/2022/CMV3394|culex_sp|NL|2022-07-26                       0.48%    passed     99.82%
 244  PV235994|USUV/NL/2021/CMV2045|culex_sp|NL|2021-07-26                       0.44%    passed     99.94%
 245  OP921079|18TV0973_Ixodida|NA|NL|2018-08-18                                16.38%    passed     87.50%
 246  NA|22TV3602|turdus_merula|NL|2022-10-02                                   68.65%    passed     50.69%
WARNING: 1 sequences contain more than 50% gaps/ambiguity
****  TOTAL                                                                      1.53%  0 sequences failed composition chi2 test (p-value<5%; df=3)
NOTE: NA|22TV2684|turdus_merula|NL|2022-09-04 is identical to NA|22TV2828|turdus_merula|NL|2022-09-03 but kept for subsequent analysis
NOTE: NA|AS20221958|turdus_merula|NL|2022-09-25 is identical to NA|AS20221974|turdus_merula|NL|2022-09-20 but kept for subsequent analysis
NOTE: NA|AS201600073|bubo_scandiacus|NL|2016-09-01 is identical to NA|AS201600064|strix_nebulosa|NL|2016-08-13 but kept for subsequent analysis
NOTE: MN122243|AS201800122|turdus_merula|NL|2018-08-21 is identical to NA|18TV1517|turdus_merula|NL|2018-10-11 but kept for subsequent analysis
NOTE: NA|AS20190716|copsychus_malabaricus|NL|2019-10-07 is identical to NA|AS20190715|copsychus_malabaricus|NL|2019-10-07 but kept for subsequent analysis
NOTE: ON755216|Turdusmerula14_feather_WLC_Day0|turdus_merula|NL|2016 is identical to ON755209|Turdusmerula14_feather_WLC_Day43|turdus_merula|NL|2016 but kept for subsequent analysis
NOTE: ON755222|Turdusmerula13_feather_3W2L_Day43|turdus_merula|NL|2016 is identical to ON755213|Turdusmerula11_feather_1W1L_Day0|turdus_merula|NL|2016 but kept for subsequent analysis
NOTE: ON755221|Turdusmerula20_feather_WLC_Day0|turdus_merula|NL|2016 is identical to ON755212|Turdusmerula20_feather_WLC_Day43|turdus_merula|NL|2016 but kept for subsequent analysis
Checking for duplicate sequences: done in 0.000588894 secs using 122.4% CPU
Identifying sites to remove: done in 0.005867 secs using 95.82% CPU
NOTE: 1 identical sequences (see below) will be ignored for subsequent analysis
NOTE: KY128482|Snebulosa-6004/NL/2016|strix_nebulosa|NL|2016-09 (identical to NA|AS201600064|strix_nebulosa|NL|2016-08-13) is ignored but added at the end
Alignment was printed to USUV_2025Jun24_alldata_aligned_formatted_noFLI_NFLG_III.fasta.uniqueseq.phy

For your convenience alignment with unique sequences printed to USUV_2025Jun24_alldata_aligned_formatted_noFLI_NFLG_III.fasta.uniqueseq.phy
Creating fast initial parsimony tree by random order stepwise addition...
16.669 seconds, parsimony score: 1826 (based on 1298 sites)
Generating 1000 samples for ultrafast bootstrap (seed: 966529)...

NOTE: 52 MB RAM (0 GB) is required!
Measuring multi-threading efficiency up to 16 CPU cores
Increase to 10 rounds for branch lengths
62 trees examined
Threads: 1 / Time: 16.230 sec / Speedup: 1.000 / Efficiency: 100% / LogL: -57424
Threads: 2 / Time: 14.650 sec / Speedup: 1.108 / Efficiency: 55% / LogL: -57424
Threads: 3 / Time: 12.908 sec / Speedup: 1.257 / Efficiency: 42% / LogL: -57424
Determining AUTO threadcount: done in 43.7881 secs using 128.5% CPU
BEST NUMBER OF THREADS: 2

Estimate model parameters (epsilon = 0.100)
1. Initial log-likelihood: -31063.629
2. Current log-likelihood: -29571.861
3. Current log-likelihood: -29569.934
4. Current log-likelihood: -29568.735
5. Current log-likelihood: -29567.523
6. Current log-likelihood: -29566.293
7. Current log-likelihood: -29565.044
8. Current log-likelihood: -29563.777
9. Current log-likelihood: -29562.489
10. Current log-likelihood: -29561.182
11. Current log-likelihood: -29559.854
12. Current log-likelihood: -29558.505
13. Current log-likelihood: -29557.134
14. Current log-likelihood: -29555.740
15. Current log-likelihood: -29554.324
16. Current log-likelihood: -29552.885
17. Current log-likelihood: -29551.421
18. Current log-likelihood: -29549.932
19. Current log-likelihood: -29548.419
20. Current log-likelihood: -29546.879
21. Current log-likelihood: -29545.313
22. Current log-likelihood: -29543.720
23. Current log-likelihood: -29542.099
24. Current log-likelihood: -29540.450
25. Current log-likelihood: -29538.772
26. Current log-likelihood: -29537.065
27. Current log-likelihood: -29535.327
28. Current log-likelihood: -29533.560
29. Current log-likelihood: -29531.762
30. Current log-likelihood: -29529.933
31. Current log-likelihood: -29528.074
32. Current log-likelihood: -29526.183
33. Current log-likelihood: -29524.262
34. Current log-likelihood: -29522.311
35. Current log-likelihood: -29520.331
36. Current log-likelihood: -29518.322
37. Current log-likelihood: -29516.287
38. Current log-likelihood: -29514.226
39. Current log-likelihood: -29512.144
40. Current log-likelihood: -29510.042
41. Current log-likelihood: -29507.926
42. Current log-likelihood: -29505.799
43. Current log-likelihood: -29477.094
Optimal log-likelihood: -29477.088
Rate parameters:  A-C: 1.00000  A-G: 23.88985  A-T: 1.00000  C-G: 1.00000  C-T: 23.88985  G-T: 1.00000
Base frequencies:  A: 0.269  C: 0.228  G: 0.284  T: 0.219
Gamma shape alpha: 0.076
Parameters optimization took 43 rounds (4.036 sec)
Wrote distance file to... 
Computing ML distances based on estimated model parameters...
Calculating distance matrix: done in 0.071692 secs using 199% CPU
Computing ML distances took 0.072269 sec (of wall-clock time) 0.143500 sec (of CPU time)
Setting up auxiliary I and S matrices: done in 0.000402212 secs using 152.9% CPU
Constructing RapidNJ tree: done in 0.00760102 secs using 67.56% CPU
Computing RapidNJ tree took 0.008039 sec (of wall-clock time) 0.005760 sec (of CPU time)
Log-likelihood of RapidNJ tree: -29541.197
--------------------------------------------------------------------
|             INITIALIZING CANDIDATE TREE SET                      |
--------------------------------------------------------------------
Generating 98 parsimony trees... 1.288 second
Computing log-likelihood of 98 initial trees ... 2.980 seconds
Current best score: -29439.122

Do NNI search on 20 best initial trees
Estimate model parameters (epsilon = 0.100)
BETTER TREE FOUND at iteration 1: -29434.901
Estimate model parameters (epsilon = 0.100)
BETTER TREE FOUND at iteration 2: -29432.505
Estimate model parameters (epsilon = 0.100)
BETTER TREE FOUND at iteration 4: -29431.730
Estimate model parameters (epsilon = 0.100)
BETTER TREE FOUND at iteration 7: -29428.741
Iteration 10 / LogL: -29444.579 / Time: 0h:1m:16s
Iteration 20 / LogL: -29436.386 / Time: 0h:1m:23s
Finish initializing candidate tree set (20)
Current best tree score: -29428.741 / CPU time: 19.155
Number of iterations: 20
--------------------------------------------------------------------
|               OPTIMIZING CANDIDATE TREE SET                      |
--------------------------------------------------------------------
Estimate model parameters (epsilon = 0.100)
BETTER TREE FOUND at iteration 22: -29428.302
Estimate model parameters (epsilon = 0.100)
BETTER TREE FOUND at iteration 29: -29428.225
Iteration 30 / LogL: -29431.763 / Time: 0h:1m:33s (0h:4m:23s left)
Iteration 40 / LogL: -29432.328 / Time: 0h:1m:43s (0h:3m:17s left)
Iteration 50 / LogL: -29460.465 / Time: 0h:1m:53s (0h:2m:35s left)
Log-likelihood cutoff on original alignment: -29491.364
Iteration 60 / LogL: -29428.512 / Time: 0h:2m:3s (0h:2m:5s left)
Iteration 70 / LogL: -29438.719 / Time: 0h:2m:13s (0h:1m:39s left)
Iteration 80 / LogL: -29428.440 / Time: 0h:2m:24s (0h:1m:19s left)
Iteration 90 / LogL: -29428.496 / Time: 0h:2m:34s (0h:1m:0s left)
Iteration 100 / LogL: -29448.221 / Time: 0h:2m:44s (0h:0m:43s left)
Log-likelihood cutoff on original alignment: -29491.364
NOTE: Bootstrap correlation coefficient of split occurrence frequencies: 0.999
Iteration 110 / LogL: -29432.622 / Time: 0h:2m:53s (0h:2m:9s left)
Iteration 120 / LogL: -29428.489 / Time: 0h:3m:3s (0h:1m:51s left)
Iteration 130 / LogL: -29428.563 / Time: 0h:3m:12s (0h:1m:35s left)
TREE SEARCH COMPLETED AFTER 130 ITERATIONS / Time: 0h:3m:12s

--------------------------------------------------------------------
|                    FINALIZING TREE SEARCH                        |
--------------------------------------------------------------------
Performs final model parameters optimization
Estimate model parameters (epsilon = 0.010)
1. Initial log-likelihood: -29428.225
Optimal log-likelihood: -29428.225
Rate parameters:  A-C: 1.00000  A-G: 24.02205  A-T: 1.00000  C-G: 1.00000  C-T: 24.02205  G-T: 1.00000
Base frequencies:  A: 0.269  C: 0.228  G: 0.284  T: 0.219
Gamma shape alpha: 0.082
Parameters optimization took 1 rounds (0.073 sec)
BEST SCORE FOUND : -29428.225
Creating bootstrap support values...
Split supports printed to NEXUS file USUV_2025Jun24_alldata_aligned_formatted_noFLI_NFLG_III.fasta.splits.nex
Collapsing near-zero internal branches... 99 collapsed
Total tree length: 0.187

Total number of iterations: 130
CPU time used for tree search: 161.461 sec (0h:2m:41s)
Wall-clock time used for tree search: 127.812 sec (0h:2m:7s)
Total CPU time used: 232.988 sec (0h:3m:52s)
Total wall-clock time used: 192.914 sec (0h:3m:12s)

Computing bootstrap consensus tree...
Reading input file USUV_2025Jun24_alldata_aligned_formatted_noFLI_NFLG_III.fasta.splits.nex...
245 taxa and 2405 splits.
Consensus tree written to USUV_2025Jun24_alldata_aligned_formatted_noFLI_NFLG_III.fasta.contree
Reading input trees file USUV_2025Jun24_alldata_aligned_formatted_noFLI_NFLG_III.fasta.contree
Log-likelihood of consensus tree: -29429.872

Analysis results written to: 
  IQ-TREE report:                USUV_2025Jun24_alldata_aligned_formatted_noFLI_NFLG_III.fasta.iqtree
  Maximum-likelihood tree:       USUV_2025Jun24_alldata_aligned_formatted_noFLI_NFLG_III.fasta.treefile
  Likelihood distances:          USUV_2025Jun24_alldata_aligned_formatted_noFLI_NFLG_III.fasta.mldist

Ultrafast bootstrap approximation results written to:
  Split support values:          USUV_2025Jun24_alldata_aligned_formatted_noFLI_NFLG_III.fasta.splits.nex
  Consensus tree:                USUV_2025Jun24_alldata_aligned_formatted_noFLI_NFLG_III.fasta.contree
  Screen log file:               USUV_2025Jun24_alldata_aligned_formatted_noFLI_NFLG_III.fasta.log

Date and Time: Mon Aug  4 16:05:02 2025
