IQ-TREE version 3.0.1 for MacOS ARM 64-bit built Jun 30 2025
Developed by Bui Quang Minh, Thomas Wong, Nhan Ly-Trong, Huaiyan Ren
Contributed by Lam-Tung Nguyen, Dominik Schrempf, Chris Bielow,
Olga Chernomor, Michael Woodhams, Diep Thi Hoang, Heiko Schmidt

Host:    S31-9YFL2JH7 (SSE4.2, 48 GB RAM)
Command: iqtree3 -s USUV_2025Jun24_alldata_aligned_formatted_noFLI_partial_VII.fasta -m HKY+G+F -czb -bb 1000 -nt AUTO
Seed:    609626 (Using SPRNG - Scalable Parallel Random Number Generator)
Time:    Mon Aug  4 17:55:20 2025
Kernel:  SSE2 - auto-detect threads (16 CPU cores detected)

Reading alignment file USUV_2025Jun24_alldata_aligned_formatted_noFLI_partial_VII.fasta ... Fasta format detected
Reading fasta file: done in 0.00216317 secs using 87.19% CPU
Alignment most likely contains DNA/RNA sequences
Constructing alignment: done in 0.00454688 secs using 38.14% CPU
Alignment has 29 sequences with 10305 columns, 150 distinct patterns
60 parsimony-informative, 109 singleton sites, 10136 constant sites
                                                     Gap/Ambiguity  Composition  p-value
Analyzing sequences: done in 5.00679e-05 secs using 61.92% CPU
   1  MW164637|11pool1989|culex_pipiens|IT|2011-08-23        0.04%    passed     99.99%
   2  MW164638|11pool2109|culex_pipiens|IT|2011-08-24        0.00%    passed    100.00%
   3  MW164643|12pool2046|culex_pipiens|IT|2012-07-24        0.00%    passed     99.93%
   4  MW164644|12pool2194|culex_pipiens|IT|2012-08-09        0.00%    passed     99.99%
   5  MW164645|12pool2214|culex_pipiens|IT|2012-08-07        0.04%    passed     99.99%
   6  MW164665|13pool5873|culex_pipiens|IT|2013-08-13        0.00%    passed    100.00%
   7  MW164650|12pool2586|culex_pipiens|IT|2012-08-23        0.01%    passed    100.00%
   8  MW164667|13pool6009|culex_pipiens|IT|2013-08-21        0.00%    passed     99.99%
   9  MW164656|12VIR6787-11|alauda_arvensis|IT|2012-09-03    0.00%    passed    100.00%
  10  MW164655|12VIR6787-10|alauda_arvensis|IT|2012-09-03    0.00%    passed     99.94%
  11  MW164657|12VIR6787-9|alauda_arvensis|IT|2012-09-03     0.00%    passed     99.96%
  12  MW164646|12pool2249|culex_pipiens|IT|2012-08-07        0.00%    passed     99.99%
  13  MW164659|13pool5600|culex_pipiens|IT|2013-08-07        0.02%    passed     99.95%
  14  MW164649|12pool2412|culex_pipiens|IT|2012-08-22        0.00%    passed    100.00%
  15  MW164674|14pool1419|culex_pipiens|IT|2014-08-26        0.00%    passed     99.99%
  16  MW164680|14pool1698|culex_pipiens|IT|2014-09-23        0.00%    passed     99.96%
  17  MW164698|16pool1777|culex_pipiens|IT|2016-07-25        0.00%    passed     99.96%
  18  MW164695|15VIR4781-42|turdus_merula|IT|2015-09-15      0.00%    passed     99.95%
  19  MW164696|15VIR4781-43|turdus_merula|IT|2015-09-15      0.00%    passed     99.95%
  20  MW164705|16pool2336|culex_pipiens|IT|2016-08-29        0.01%    passed     99.98%
  21  MW164689|15pool1503|culex_pipiens|IT|2015-08-10        0.00%    passed     99.99%
  22  MW164702|16pool2106|culex_pipiens|IT|2016-08-16        0.00%    passed     99.73%
  23  MW164647|12pool2262|culex_pipiens|IT|2012-08-07        0.06%    passed     99.99%
  24  MW164653|12pool2653|culex_pipiens|IT|2012-09-05        0.00%    passed     99.99%
  25  MW164677|14pool1489|culex_pipiens|IT|2014-09-02        0.00%    passed     99.98%
  26  MW164651|12pool2626|culex_pipiens|IT|2012-09-05        0.00%    passed     99.99%
  27  MW164666|13pool5999|culex_pipiens|IT|2013-08-21        0.02%    passed     99.96%
  28  JF266698|NA|turdus_merula|IT|2009                      0.00%    passed    100.00%
  29  MW164675|14pool1423|culex_pipiens|IT|2014-08-26       27.77%    passed     73.23%
****  TOTAL                                                  0.96%  0 sequences failed composition chi2 test (p-value<5%; df=3)
NOTE: MW164696|15VIR4781-43|turdus_merula|IT|2015-09-15 is identical to MW164695|15VIR4781-42|turdus_merula|IT|2015-09-15 but kept for subsequent analysis
Checking for duplicate sequences: done in 8.29697e-05 secs using 56.65% CPU

Create initial parsimony tree by phylogenetic likelihood library (PLL)... 0.000 seconds
Generating 1000 samples for ultrafast bootstrap (seed: 609626)...

NOTE: 1 MB RAM (0 GB) is required!
Measuring multi-threading efficiency up to 16 CPU cores
Increase to 10 rounds for branch lengths
10028 trees examined
Threads: 1 / Time: 16.001 sec / Speedup: 1.000 / Efficiency: 100% / LogL: -17209
Threads: 2 / Time: 37.685 sec / Speedup: 0.425 / Efficiency: 21% / LogL: -17209
Determining AUTO threadcount: done in 53.6861 secs using 77.55% CPU
BEST NUMBER OF THREADS: 1

Estimate model parameters (epsilon = 0.100)
1. Initial log-likelihood: -15914.467
2. Current log-likelihood: -15775.339
Optimal log-likelihood: -15775.330
Rate parameters:  A-C: 1.00000  A-G: 99.85179  A-T: 1.00000  C-G: 1.00000  C-T: 99.85179  G-T: 1.00000
Base frequencies:  A: 0.270  C: 0.229  G: 0.283  T: 0.217
Gamma shape alpha: 0.020
Parameters optimization took 2 rounds (0.007 sec)

WARNING: Estimated model parameters are at boundary that can cause numerical instability!

Wrote distance file to... 
Computing ML distances based on estimated model parameters...
Calculating distance matrix: done in 0.00185394 secs using 99.57% CPU
Computing ML distances took 0.001890 sec (of wall-clock time) 0.001865 sec (of CPU time)
Setting up auxiliary I and S matrices: done in 2.69413e-05 secs using 63.1% CPU
Constructing RapidNJ tree: done in 5.10216e-05 secs using 82.32% CPU
Computing RapidNJ tree took 0.000108 sec (of wall-clock time) 0.000066 sec (of CPU time)
Log-likelihood of RapidNJ tree: -15775.524
--------------------------------------------------------------------
|             INITIALIZING CANDIDATE TREE SET                      |
--------------------------------------------------------------------
Generating 98 parsimony trees... 0.029 second
Computing log-likelihood of 98 initial trees ... 0.044 seconds
Current best score: -15775.314

Do NNI search on 20 best initial trees
Estimate model parameters (epsilon = 0.100)

WARNING: Estimated model parameters are at boundary that can cause numerical instability!

BETTER TREE FOUND at iteration 1: -15775.304
BETTER TREE FOUND at iteration 4: -15775.303
Iteration 10 / LogL: -15775.303 / Time: 0h:0m:53s
Iteration 20 / LogL: -15775.304 / Time: 0h:0m:53s
Finish initializing candidate tree set (20)
Current best tree score: -15775.303 / CPU time: 0.213
Number of iterations: 20
--------------------------------------------------------------------
|               OPTIMIZING CANDIDATE TREE SET                      |
--------------------------------------------------------------------
BETTER TREE FOUND at iteration 24: -15775.302
Iteration 30 / LogL: -15775.355 / Time: 0h:0m:54s (0h:2m:55s left)
Iteration 40 / LogL: -15775.326 / Time: 0h:0m:54s (0h:1m:56s left)
Iteration 50 / LogL: -15775.337 / Time: 0h:0m:54s (0h:1m:21s left)
Log-likelihood cutoff on original alignment: -15819.629
Iteration 60 / LogL: -15775.303 / Time: 0h:0m:54s (0h:0m:58s left)
Iteration 70 / LogL: -15778.428 / Time: 0h:0m:54s (0h:0m:42s left)
Iteration 80 / LogL: -15775.330 / Time: 0h:0m:54s (0h:0m:30s left)
Iteration 90 / LogL: -15775.362 / Time: 0h:0m:54s (0h:0m:20s left)
Iteration 100 / LogL: -15775.318 / Time: 0h:0m:54s (0h:0m:13s left)
Log-likelihood cutoff on original alignment: -15819.629
NOTE: Bootstrap correlation coefficient of split occurrence frequencies: 0.956
NOTE: UFBoot does not converge, continue at least 100 more iterations
Iteration 110 / LogL: -15775.318 / Time: 0h:0m:54s (0h:0m:45s left)
Iteration 120 / LogL: -15803.870 / Time: 0h:0m:55s (0h:0m:36s left)
Iteration 130 / LogL: -15775.343 / Time: 0h:0m:55s (0h:0m:29s left)
Iteration 140 / LogL: -15775.341 / Time: 0h:0m:55s (0h:0m:23s left)
BETTER TREE FOUND at iteration 143: -15775.302
Iteration 150 / LogL: -15775.386 / Time: 0h:0m:55s (0h:0m:34s left)
Log-likelihood cutoff on original alignment: -15819.954
Iteration 160 / LogL: -15778.411 / Time: 0h:0m:55s (0h:0m:28s left)
Iteration 170 / LogL: -15775.383 / Time: 0h:0m:55s (0h:0m:24s left)
Iteration 180 / LogL: -15811.040 / Time: 0h:0m:55s (0h:0m:19s left)
Iteration 190 / LogL: -15775.341 / Time: 0h:0m:55s (0h:0m:15s left)
Iteration 200 / LogL: -15775.376 / Time: 0h:0m:55s (0h:0m:12s left)
Log-likelihood cutoff on original alignment: -15819.944
NOTE: Bootstrap correlation coefficient of split occurrence frequencies: 0.986
NOTE: UFBoot does not converge, continue at least 100 more iterations
Iteration 210 / LogL: -15775.374 / Time: 0h:0m:56s (0h:0m:24s left)
Iteration 220 / LogL: -15775.351 / Time: 0h:0m:56s (0h:0m:20s left)
Iteration 230 / LogL: -15775.318 / Time: 0h:0m:56s (0h:0m:17s left)
Iteration 240 / LogL: -15775.346 / Time: 0h:0m:56s (0h:0m:14s left)
Iteration 250 / LogL: -15775.353 / Time: 0h:0m:56s (0h:0m:11s left)
Log-likelihood cutoff on original alignment: -15820.525
Iteration 260 / LogL: -15811.061 / Time: 0h:0m:56s (0h:0m:8s left)
Iteration 270 / LogL: -15806.408 / Time: 0h:0m:56s (0h:0m:6s left)
Iteration 280 / LogL: -15775.345 / Time: 0h:0m:56s (0h:0m:4s left)
Iteration 290 / LogL: -15775.409 / Time: 0h:0m:56s (0h:0m:1s left)
Iteration 300 / LogL: -15775.316 / Time: 0h:0m:56s (0h:0m:0s left)
Log-likelihood cutoff on original alignment: -15820.525
NOTE: Bootstrap correlation coefficient of split occurrence frequencies: 0.986
NOTE: UFBoot does not converge, continue at least 100 more iterations
Iteration 310 / LogL: -15775.340 / Time: 0h:0m:57s (0h:0m:16s left)
Iteration 320 / LogL: -15778.362 / Time: 0h:0m:57s (0h:0m:14s left)
BETTER TREE FOUND at iteration 323: -15775.302
Iteration 330 / LogL: -15775.395 / Time: 0h:0m:57s (0h:0m:16s left)
Iteration 340 / LogL: -15775.302 / Time: 0h:0m:57s (0h:0m:14s left)
Iteration 350 / LogL: -15775.331 / Time: 0h:0m:57s (0h:0m:12s left)
Log-likelihood cutoff on original alignment: -15819.926
Iteration 360 / LogL: -15775.330 / Time: 0h:0m:57s (0h:0m:10s left)
Iteration 370 / LogL: -15775.397 / Time: 0h:0m:57s (0h:0m:8s left)
Iteration 380 / LogL: -15775.396 / Time: 0h:0m:57s (0h:0m:6s left)
Iteration 390 / LogL: -15775.382 / Time: 0h:0m:57s (0h:0m:4s left)
Iteration 400 / LogL: -15819.222 / Time: 0h:0m:58s (0h:0m:3s left)
Log-likelihood cutoff on original alignment: -15819.926
NOTE: Bootstrap correlation coefficient of split occurrence frequencies: 0.986
NOTE: UFBoot does not converge, continue at least 100 more iterations
Iteration 410 / LogL: -15806.419 / Time: 0h:0m:58s (0h:0m:12s left)
Iteration 420 / LogL: -15775.321 / Time: 0h:0m:58s (0h:0m:11s left)
Iteration 430 / LogL: -15775.350 / Time: 0h:0m:58s (0h:0m:9s left)
Iteration 440 / LogL: -15775.343 / Time: 0h:0m:58s (0h:0m:8s left)
Iteration 450 / LogL: -15775.397 / Time: 0h:0m:58s (0h:0m:6s left)
Log-likelihood cutoff on original alignment: -15819.898
Iteration 460 / LogL: -15775.319 / Time: 0h:0m:58s (0h:0m:5s left)
Iteration 470 / LogL: -15775.314 / Time: 0h:0m:58s (0h:0m:3s left)
Iteration 480 / LogL: -15775.347 / Time: 0h:0m:58s (0h:0m:2s left)
Iteration 490 / LogL: -15775.334 / Time: 0h:0m:59s (0h:0m:1s left)
Iteration 500 / LogL: -15775.359 / Time: 0h:0m:59s (0h:0m:0s left)
Log-likelihood cutoff on original alignment: -15819.898
NOTE: Bootstrap correlation coefficient of split occurrence frequencies: 0.984
NOTE: UFBoot does not converge, continue at least 100 more iterations
Iteration 510 / LogL: -15775.373 / Time: 0h:0m:59s (0h:0m:10s left)
Iteration 520 / LogL: -15775.342 / Time: 0h:0m:59s (0h:0m:9s left)
Iteration 530 / LogL: -15775.329 / Time: 0h:0m:59s (0h:0m:7s left)
Iteration 540 / LogL: -15775.319 / Time: 0h:0m:59s (0h:0m:6s left)
Iteration 550 / LogL: -15775.346 / Time: 0h:0m:59s (0h:0m:5s left)
Log-likelihood cutoff on original alignment: -15820.204
Iteration 560 / LogL: -15778.392 / Time: 0h:0m:59s (0h:0m:4s left)
Iteration 570 / LogL: -15775.362 / Time: 0h:1m:0s (0h:0m:3s left)
Iteration 580 / LogL: -15775.338 / Time: 0h:1m:0s (0h:0m:2s left)
Iteration 590 / LogL: -15775.302 / Time: 0h:1m:0s (0h:0m:1s left)
Iteration 600 / LogL: -15775.346 / Time: 0h:1m:0s (0h:0m:0s left)
Log-likelihood cutoff on original alignment: -15819.898
NOTE: Bootstrap correlation coefficient of split occurrence frequencies: 0.989
NOTE: UFBoot does not converge, continue at least 100 more iterations
Iteration 610 / LogL: -15775.317 / Time: 0h:1m:0s (0h:0m:8s left)
Iteration 620 / LogL: -15775.328 / Time: 0h:1m:0s (0h:0m:7s left)
Iteration 630 / LogL: -15775.375 / Time: 0h:1m:0s (0h:0m:6s left)
Iteration 640 / LogL: -15775.372 / Time: 0h:1m:0s (0h:0m:5s left)
Iteration 650 / LogL: -15775.357 / Time: 0h:1m:0s (0h:0m:4s left)
Log-likelihood cutoff on original alignment: -15819.898
Iteration 660 / LogL: -15775.302 / Time: 0h:1m:1s (0h:0m:3s left)
Iteration 670 / LogL: -15775.353 / Time: 0h:1m:1s (0h:0m:2s left)
Iteration 680 / LogL: -15775.356 / Time: 0h:1m:1s (0h:0m:1s left)
Iteration 690 / LogL: -15775.328 / Time: 0h:1m:1s (0h:0m:0s left)
Iteration 700 / LogL: -15775.317 / Time: 0h:1m:1s (0h:0m:0s left)
Log-likelihood cutoff on original alignment: -15819.898
NOTE: Bootstrap correlation coefficient of split occurrence frequencies: 0.985
NOTE: UFBoot does not converge, continue at least 100 more iterations
Iteration 710 / LogL: -15775.304 / Time: 0h:1m:1s (0h:0m:7s left)
Iteration 720 / LogL: -15775.334 / Time: 0h:1m:1s (0h:0m:6s left)
Iteration 730 / LogL: -15775.367 / Time: 0h:1m:1s (0h:0m:5s left)
Iteration 740 / LogL: -15775.334 / Time: 0h:1m:2s (0h:0m:5s left)
Iteration 750 / LogL: -15775.357 / Time: 0h:1m:2s (0h:0m:4s left)
Log-likelihood cutoff on original alignment: -15819.898
Iteration 760 / LogL: -15775.347 / Time: 0h:1m:2s (0h:0m:3s left)
Iteration 770 / LogL: -15778.446 / Time: 0h:1m:2s (0h:0m:2s left)
Iteration 780 / LogL: -15775.342 / Time: 0h:1m:2s (0h:0m:1s left)
Iteration 790 / LogL: -15775.339 / Time: 0h:1m:2s (0h:0m:0s left)
Iteration 800 / LogL: -15775.325 / Time: 0h:1m:2s (0h:0m:0s left)
Log-likelihood cutoff on original alignment: -15819.898
NOTE: Bootstrap correlation coefficient of split occurrence frequencies: 0.987
NOTE: UFBoot does not converge, continue at least 100 more iterations
Iteration 810 / LogL: -15775.317 / Time: 0h:1m:2s (0h:0m:7s left)
Iteration 820 / LogL: -15775.347 / Time: 0h:1m:3s (0h:0m:6s left)
Iteration 830 / LogL: -15775.350 / Time: 0h:1m:3s (0h:0m:5s left)
Iteration 840 / LogL: -15775.338 / Time: 0h:1m:3s (0h:0m:4s left)
BETTER TREE FOUND at iteration 849: -15775.302
Iteration 850 / LogL: -15775.317 / Time: 0h:1m:3s (0h:0m:7s left)
Log-likelihood cutoff on original alignment: -15819.898
Iteration 860 / LogL: -15775.325 / Time: 0h:1m:3s (0h:0m:6s left)
Iteration 870 / LogL: -15775.318 / Time: 0h:1m:3s (0h:0m:5s left)
Iteration 880 / LogL: -15778.418 / Time: 0h:1m:3s (0h:0m:5s left)
Iteration 890 / LogL: -15775.319 / Time: 0h:1m:3s (0h:0m:4s left)
Iteration 900 / LogL: -15775.366 / Time: 0h:1m:4s (0h:0m:3s left)
Log-likelihood cutoff on original alignment: -15820.585
NOTE: Bootstrap correlation coefficient of split occurrence frequencies: 0.988
NOTE: UFBoot does not converge, continue at least 100 more iterations
Iteration 910 / LogL: -15775.371 / Time: 0h:1m:4s (0h:0m:6s left)
Iteration 920 / LogL: -15775.359 / Time: 0h:1m:4s (0h:0m:5s left)
Iteration 930 / LogL: -15775.367 / Time: 0h:1m:4s (0h:0m:4s left)
Iteration 940 / LogL: -15775.330 / Time: 0h:1m:4s (0h:0m:4s left)
Iteration 950 / LogL: -15775.384 / Time: 0h:1m:4s (0h:0m:3s left)
Log-likelihood cutoff on original alignment: -15820.585
Iteration 960 / LogL: -15775.348 / Time: 0h:1m:4s (0h:0m:2s left)
Iteration 970 / LogL: -15775.342 / Time: 0h:1m:5s (0h:0m:2s left)
Iteration 980 / LogL: -15775.394 / Time: 0h:1m:5s (0h:0m:1s left)
Iteration 990 / LogL: -15775.340 / Time: 0h:1m:5s (0h:0m:0s left)
Iteration 1000 / LogL: -15775.325 / Time: 0h:1m:5s (0h:0m:0s left)
Log-likelihood cutoff on original alignment: -15820.585
NOTE: Bootstrap correlation coefficient of split occurrence frequencies: 0.993
TREE SEARCH COMPLETED AFTER 1000 ITERATIONS / Time: 0h:1m:5s

--------------------------------------------------------------------
|                    FINALIZING TREE SEARCH                        |
--------------------------------------------------------------------
Performs final model parameters optimization
Estimate model parameters (epsilon = 0.010)
1. Initial log-likelihood: -15775.302
Optimal log-likelihood: -15775.296
Rate parameters:  A-C: 1.00000  A-G: 99.69942  A-T: 1.00000  C-G: 1.00000  C-T: 99.69942  G-T: 1.00000
Base frequencies:  A: 0.270  C: 0.229  G: 0.283  T: 0.217
Gamma shape alpha: 0.020
Parameters optimization took 1 rounds (0.002 sec)

WARNING: Estimated model parameters are at boundary that can cause numerical instability!

BEST SCORE FOUND : -15775.296
Creating bootstrap support values...
Split supports printed to NEXUS file USUV_2025Jun24_alldata_aligned_formatted_noFLI_partial_VII.fasta.splits.nex
Collapsing near-zero internal branches... 12 collapsed
Total tree length: 0.017

Total number of iterations: 1000
CPU time used for tree search: 11.621 sec (0h:0m:11s)
Wall-clock time used for tree search: 11.749 sec (0h:0m:11s)
Total CPU time used: 53.297 sec (0h:0m:53s)
Total wall-clock time used: 65.496 sec (0h:1m:5s)

Computing bootstrap consensus tree...
Reading input file USUV_2025Jun24_alldata_aligned_formatted_noFLI_partial_VII.fasta.splits.nex...
29 taxa and 272 splits.
Consensus tree written to USUV_2025Jun24_alldata_aligned_formatted_noFLI_partial_VII.fasta.contree
Reading input trees file USUV_2025Jun24_alldata_aligned_formatted_noFLI_partial_VII.fasta.contree
Log-likelihood of consensus tree: -15775.530

Analysis results written to: 
  IQ-TREE report:                USUV_2025Jun24_alldata_aligned_formatted_noFLI_partial_VII.fasta.iqtree
  Maximum-likelihood tree:       USUV_2025Jun24_alldata_aligned_formatted_noFLI_partial_VII.fasta.treefile
  Likelihood distances:          USUV_2025Jun24_alldata_aligned_formatted_noFLI_partial_VII.fasta.mldist

Ultrafast bootstrap approximation results written to:
  Split support values:          USUV_2025Jun24_alldata_aligned_formatted_noFLI_partial_VII.fasta.splits.nex
  Consensus tree:                USUV_2025Jun24_alldata_aligned_formatted_noFLI_partial_VII.fasta.contree
  Screen log file:               USUV_2025Jun24_alldata_aligned_formatted_noFLI_partial_VII.fasta.log

Date and Time: Mon Aug  4 17:56:26 2025
