IQ-TREE version 3.0.1 for MacOS ARM 64-bit built Jun 30 2025
Developed by Bui Quang Minh, Thomas Wong, Nhan Ly-Trong, Huaiyan Ren
Contributed by Lam-Tung Nguyen, Dominik Schrempf, Chris Bielow,
Olga Chernomor, Michael Woodhams, Diep Thi Hoang, Heiko Schmidt

Host:    S31-9YFL2JH7 (SSE4.2, 48 GB RAM)
Command: iqtree3 -redo -s USUV_2025Jun24_alldata_aligned_formatted_noFLI_partial_III.fasta -m HKY
Seed:    414749 (Using SPRNG - Scalable Parallel Random Number Generator)
Time:    Mon Aug 11 12:34:38 2025
Kernel:  SSE2 - 1 threads (16 CPU cores detected)

HINT: Use -nt option to specify number of threads because your CPU has 16 cores!
HINT: -nt AUTO will automatically determine the best number of threads to use.

Reading alignment file USUV_2025Jun24_alldata_aligned_formatted_noFLI_partial_III.fasta ... Fasta format detected
Reading fasta file: done in 0.0516319 secs using 90.61% CPU
Alignment most likely contains DNA/RNA sequences
Constructing alignment: done in 0.0144641 secs using 87.18% CPU
Alignment has 491 sequences with 10305 columns, 1948 distinct patterns
678 parsimony-informative, 743 singleton sites, 8884 constant sites
                                                                         Gap/Ambiguity  Composition  p-value
Analyzing sequences: done in 0.00105405 secs using 94.78% CPU
   1  PP482816|Cx1-batch2_Zen-Pets-Res_2023-08-03|culex_pipiens|FR|2023-08-03    6.29%    passed     97.88%
   2  PQ677887|Ar2|alectoris_rufa|PT|2023-11-05                                  0.00%    passed     98.59%
   3  PP482815|AeDet2-batch3_Nansouty_2023-08-18|culex_sp|FR|2023-08-18          0.00%    passed     99.58%
   4  KY294723|S-1238|turdus_merula|DE|2016                                      0.00%    passed     98.51%
   5  KY294722|S-1232|turdus_merula|DE|2016                                      0.00%    passed     98.58%
   6  KY199557|NA|turdus_merula|DE|2016                                          0.00%    passed     98.80%
   7  MN122238|AS201800115|turdus_merula|NL|2018-08-15                           0.00%    passed     98.68%
   8  MT863562|HauteVienne4997/France/2018|turdus_merula|FR|2018-07-24           0.00%    passed     99.12%
   9  MK419834|USU-BE-Scoter/2018|melanitta_nigra|BE|2018-08                     0.00%    passed     99.74%
  10  PQ041659|USUV_TM_Netherlands_2016|NA|NL|2020                               0.00%    passed     99.35%
  11  MT188658|NA|turdus_merula|NL|2016                                          0.00%    passed     99.35%
  12  MH891847|AS201600045|turdus_merula|NL|2016-09-07                           0.01%    passed     99.40%
  13  MN813490|TMNetherlands|turdus_merula|NL|2016                               0.00%    passed     99.59%
  14  NA|AS201800175|turdus_merula|NL|2018-08-22                                 0.00%    passed     99.40%
  15  NA|16TV1045|turdus_merula|NL|2017-08-02                                    0.00%    passed     99.11%
  16  NA|AS20190490|turdus_merula|NL|2019-08-27                                  0.00%    passed     98.42%
  17  NA|AS20190438|gracula_religiosa|NL|2019-09-12                              0.00%    passed     99.41%
  18  NA|18TV0475|turdus_merula|NL|2018-08-18                                    0.00%    passed     99.23%
  19  NA|AS201700148|strix_nebulosa|NL|2017-07-31                                0.00%    passed     99.33%
  20  MT795154|NA|turdus_merula|DE|2016-09-30                                    0.00%    passed     99.10%
  21  KM659877|NA|turdus_merula|DE|2014-09-11                                    0.00%    passed     99.35%
  22  KY426761|NA|turdus_merula|DE|2016-09-04                                    0.00%    passed     99.43%
  23  MN122182|AS201600280|turdus_merula|NL|2016-09-26                           0.00%    passed     99.70%
  24  MN122231|AS201800100|turdus_merula|NL|2018-08-07                           0.00%    passed     99.80%
  25  MN122232|AS201800101|turdus_merula|NL|2018-08-07                           0.00%    passed     99.77%
  26  MN122145|AS201600034|turdus_merula|NL|2016-09-01                           0.00%    passed     99.48%
  27  MN122156|AS201600098|turdus_merula|NL|2016-09-21                           0.00%    passed     99.10%
  28  MN122185|AS201600284|turdus_merula|NL|2016-10-03                           0.00%    passed     99.10%
  29  MN122236|AS201800113|turdus_merula|NL|2018-08-14                           0.00%    passed     99.06%
  30  MN122164|AS201600124|turdus_merula|NL|2016-09-23                           0.00%    passed     99.23%
  31  MN122162|AS201600118|turdus_merula|NL|2016-09-22                           0.00%    passed     99.06%
  32  MN122187|AS201600287|turdus_merula|NL|2016-09-27                           0.00%    passed     99.22%
  33  MN122211|AS201700186|turdus_merula|NL|2017-09-13                           0.00%    passed     99.23%
  34  MN122175|AS201600244|turdus_merula|NL|2016-09-27                           0.00%    passed     99.10%
  35  MN122249|AS201800129|turdus_merula|NL|2018-08-23                           0.00%    passed     99.06%
  36  MN122148|AS201600045|turdus_merula|NL|2016-09-07                           0.00%    passed     99.47%
  37  MN122230|AS201800099|turdus_merula|NL|2018-08-07                           0.00%    passed     99.35%
  38  MN122224|AS201800091|turdus_merula|NL|2018-08-02                           0.00%    passed     98.99%
  39  MN122227|AS201800094|turdus_merula|NL|2018-08-03                           0.00%    passed     99.40%
  40  MN122254|AS201800155|turdus_merula|NL|2018-08-31                           0.00%    passed     99.05%
  41  MN122186|AS201600286|turdus_merula|NL|2016-09-28                           0.00%    passed     99.61%
  42  MN122201|AS201700121|turdus_merula|NL|2017-08-01                           0.00%    passed     99.57%
  43  MN122240|AS201800118|turdus_merula|NL|2018-08-16                           0.00%    passed     99.41%
  44  MN122214|AS201700254|turdus_merula|NL|2017-09-22                           0.00%    passed     98.43%
  45  ON755214|Turdusmerula12_feather_2W1L_Day0|turdus_merula|NL|2016            0.00%    passed     99.11%
  46  MN122220|AS201800087|turdus_merula|NL|2018-08-01                           0.00%    passed     99.36%
  47  MN122245|AS201800125|turdus_merula|NL|2018-08-22                           0.00%    passed     99.32%
  48  MN122163|AS201600121|turdus_merula|NL|2016-09-22                           0.00%    passed     99.54%
  49  MN122233|AS201800102|turdus_merula|NL|2018-08-09                           0.00%    passed     99.68%
  50  MN122244|AS201800123|turdus_merula|NL|2018-08-21                           0.00%    passed     99.50%
  51  MN122246|AS201800126|turdus_merula|NL|2018-08-22                           0.00%    passed     99.58%
  52  MN122151|AS201600057|turdus_merula|NL|2016-09-08                           0.00%    passed     99.28%
  53  MN122169|AS201600173|turdus_merula|NL|2016-10-07                           0.00%    passed     99.59%
  54  MN122206|AS201700155|turdus_merula|NL|2017-08-10                           0.00%    passed     99.25%
  55  NA|AS20221842|turdus_merula|NL|2022-09-04                                  0.00%    passed     99.03%
  56  NA|AS20221670|turdus_merula|NL|2022-07-24                                  0.00%    passed     99.36%
  57  NA|AS20221964|columba_palumbus|NL|2022-09-26                               0.00%    passed     99.18%
  58  NA|AS20221760|turdus_merula|NL|2022-08-24                                  0.00%    passed     99.45%
  59  NA|22B00207|turdus_merula|NL|2022-11-12                                    0.00%    passed     99.41%
  60  NA|AS20221627|turdus_merula|NL|2022-07-28                                  0.00%    passed     99.41%
  61  NA|AS20221838|turdus_merula|NL|2022-08-22                                  0.00%    passed     99.24%
  62  NA|AS20221617|turdus_merula|NL|2022-08-08                                  0.00%    passed     99.70%
  63  NA|AS20221784|turdus_merula|NL|2022-08-11                                  0.00%    passed     99.70%
  64  NA|22B00462|turdus_merula|NL|2022-09-09                                    0.00%    passed     99.67%
  65  NA|AS20221775|turdus_merula|NL|2022-08-28                                  0.00%    passed     99.51%
  66  NA|22TV2828|turdus_merula|NL|2022-09-03                                    0.00%    passed     99.60%
  67  NA|AS20221846|turdus_merula|NL|2022-09-03                                  0.00%    passed     99.67%
  68  NA|AS20221755|strix_nebulosa|NL|2022-07-21                                 0.00%    passed     99.73%
  69  NA|AS20221818|turdus_merula|NL|2022-08-31                                  0.00%    passed     99.57%
  70  NA|AS20221803|turdus_merula|NL|2022-09-02                                  0.00%    passed     99.06%
  71  NA|AS20221908|turdus_merula|NL|2022-09-12                                  0.00%    passed     99.54%
  72  NA|AS20221903|turdus_merula|NL|2022-09-13                                  0.00%    passed     99.61%
  73  NA|AS20221889|turdus_merula|NL|2022-09-18                                  0.00%    passed     99.52%
  74  NA|AS20221860|turdus_merula|NL|2022-09-14                                  0.00%    passed     99.62%
  75  NA|AS20221918|cyanistes_caeruleus|NL|2022-09-15                            0.00%    passed     99.16%
  76  NA|AS20221913|turdus_merula|NL|2022-09-11                                  0.00%    passed     99.41%
  77  NA|AS20221884|turdus_merula|NL|2022-09-14                                  0.00%    passed     99.46%
  78  NA|AS20221875|turdus_merula|NL|2022-09-11                                  0.00%    passed     99.32%
  79  NA|AS20221942|turdus_merula|NL|2022-09-20                                  0.00%    passed     99.05%
  80  NA|AS20221813|turdus_merula|NL|2022-08-24                                  0.00%    passed     99.43%
  81  NA|AS20221974|turdus_merula|NL|2022-09-20                                  0.00%    passed     99.47%
  82  NA|AS20221958|turdus_merula|NL|2022-09-25                                  0.00%    passed     99.47%
  83  OM202464|Greater_London_2021|turdus_merula|UK|2021-09                      0.00%    passed     99.37%
  84  MW001216|NA|turdus_merula|UK|2020-07                                       0.01%    passed     99.56%
  85  NA|AS20221923|turdus_merula|NL|2022-09-04                                  0.00%    passed     99.53%
  86  NA|AS20190643|passer_domesticus|NL|2019-09-18                              0.00%    passed     99.48%
  87  NA|AS20190579|prunella_modularis|NL|2019-09-19                             0.00%    passed     99.33%
  88  NA|AS20200605|turdus_merula|NL|2020-08-22                                  0.00%    passed     99.27%
  89  NA|AS20200689|turdus_merula|NL|2020-09-30                                  0.00%    passed     99.28%
  90  NA|AS20210914|turdus_merula|NL|2021-08-30                                  0.00%    passed     99.37%
  91  NA|22TV3658|turdus_merula|NL|2022-08-27                                    0.00%    passed     99.55%
  92  NA|22TV2684|turdus_merula|NL|2022-09-04                                    0.00%    passed     99.60%
  93  KY426765|NA|turdus_merula|DE|2016-09-30                                    0.00%    passed     99.45%
  94  NA|Blackbird_London_2022_b|turdus_merula|UK|2022-09                        0.00%    passed     99.49%
  95  NA|Blackbird_London_2022_a|turdus_merula|UK|2022-09                        0.00%    passed     99.26%
  96  NA|Blackbird_Cambridgeshire_2023_a|turdus_merula|UK|2023-08                0.00%    passed     99.37%
  97  NA|AS20221898|turdus_merula|NL|2022-09-11                                  0.00%    passed     99.57%
  98  NA|22TV3780|turdus_merula|NL|2022-09-11                                    0.00%    passed     99.61%
  99  NA|AS201800085|chloris_chloris|NL|2018-07-30                               0.00%    passed     99.51%
 100  NA|AS201600064|strix_nebulosa|NL|2016-08-13                                0.00%    passed     99.35%
 101  NA|AS201600073|bubo_scandiacus|NL|2016-09-01                               0.00%    passed     99.35%
 102  NA|AS201600082|strix_nebulosa|NL|2016-09-20                                0.00%    passed     98.60%
 103  NA|AS201700173|strix_nebulosa|NL|2017-08-25                                0.00%    passed     99.19%
 104  NA|AS201700198|strix_nebulosa|NL|2017-09-05                                0.00%    passed     98.60%
 105  NA|AS201800080|strix_nebulosa|NL|2018-07-24                                0.00%    passed     97.94%
 106  NA|AS20190450|turdus_merula|NL|2019-09-03                                  0.00%    passed     99.68%
 107  NA|AS201600067|strix_nebulosa|NL|2016-09-09                                0.00%    passed     99.17%
 108  NA|AS201600269|strix_nebulosa|NL|2016-09-25                                0.00%    passed     99.55%
 109  NA|AS201800117|strix_nebulosa|NL|2018-08-16                                0.00%    passed     99.27%
 110  NA|18TV1517|turdus_merula|NL|2018-10-11                                    0.00%    passed     99.48%
 111  NA|AS20190494|turdus_merula|NL|2019-08-28                                  0.00%    passed     99.63%
 112  NA|19TV0329|turdus_merula|NL|2019-04-12                                    0.00%    passed     99.63%
 113  NA|19TV0102|passer_domesticus|NL|2019-04-24                                0.00%    passed     99.64%
 114  NA|18TV0252|turdus_merula|NL|2018-10-31                                    0.00%    passed     99.49%
 115  NA|AS20190715|copsychus_malabaricus|NL|2019-10-07                          0.00%    passed     99.03%
 116  NA|AS20190716|copsychus_malabaricus|NL|2019-10-07                          0.00%    passed     99.03%
 117  NA|AS20200561|turdus_merula|NL|2020-09-27                                  0.00%    passed     97.86%
 118  KY426764|NA|turdus_merula|DE|2016-10-04                                    0.00%    passed     99.63%
 119  NA|17TV1510|turdus_merula|NL|2018-10-06                                    0.99%    passed     95.28%
 120  MN122251|AS201800151|turdus_merula|NL|2018-08-30                           0.00%    passed     98.29%
 121  MN122155|AS201600095|turdus_merula|NL|2016-09-21                           0.00%    passed     99.73%
 122  MN122180|AS201600274|turdus_merula|NL|2016-09-27                           0.00%    passed     99.65%
 123  MN122194|AS201700090|turdus_merula|NL|2017-07-13                           0.00%    passed     99.63%
 124  MN122243|AS201800122|turdus_merula|NL|2018-08-21                           0.00%    passed     99.48%
 125  NA|AS201600289_BEC009|strix_nebulosa|NL|2016                               0.00%    passed     99.50%
 126  MN122234|AS201800103|turdus_merula|NL|2018-08-10                           0.00%    passed     99.53%
 127  MN122237|AS201800114|turdus_merula|NL|2018-08-15                           0.00%    passed     99.48%
 128  MN122218|AS201800084|turdus_merula|NL|2018-07-31                           0.00%    passed     99.27%
 129  MN122183|AS201600281|turdus_merula|NL|2016-09-25                           0.00%    passed     99.43%
 130  MN122204|AS201700130|turdus_merula|NL|2017-08-16                           0.00%    passed     99.64%
 131  MN122200|AS201700118|turdus_merula|NL|2017-08-03                           0.00%    passed     99.48%
 132  ON755220|Turdusmerula19_feather_WLC_Day0|turdus_merula|NL|2016             0.00%    passed     99.22%
 133  MN122165|AS201600127|turdus_merula|NL|2016-09-23                           0.00%    passed     99.57%
 134  MN122150|AS201600051|turdus_merula|NL|2016-09-07                           0.00%    passed     99.22%
 135  MN122208|AS201700170|turdus_merula|NL|2017-08-25                           0.00%    passed     99.05%
 136  MN122241|AS201800120|turdus_merula|NL|2018-08-17                           0.00%    passed     99.46%
 137  MN122202|AS201700124|turdus_merula|NL|2017-08-01                           0.00%    passed     99.22%
 138  MN122239|AS201800116|turdus_merula|NL|2018-08-16                           0.00%    passed     99.41%
 139  MN122199|AS201700112|turdus_merula|NL|2017-07-27                           0.00%    passed     99.43%
 140  MN122209|AS201700174|turdus_merula|NL|2017-08-29                           0.00%    passed     99.46%
 141  MN122242|AS201800121|turdus_merula|NL|2018-08-17                           0.00%    passed     99.46%
 142  MN122149|AS201600048|turdus_merula|NL|2016-09-07                           0.00%    passed     99.03%
 143  MN122153|AS201600062|turdus_merula|NL|2016-09-13                           0.00%    passed     99.35%
 144  MN122193|AS201700087|turdus_merula|NL|2017-07-11                           0.00%    passed     99.22%
 145  MN122184|AS201600283|turdus_merula|NL|2016-09-27                           0.00%    passed     99.22%
 146  MN122161|AS201600115|turdus_merula|NL|2016-09-22                           0.00%    passed     99.63%
 147  MN122195|AS201700096|turdus_merula|NL|2017-07-14                           0.00%    passed     99.12%
 148  MN122219|AS201800086|turdus_merula|NL|2018-08-01                           0.00%    passed     99.50%
 149  MN122228|AS201800095|turdus_merula|NL|2018-08-06                           0.00%    passed     99.61%
 150  MN122247|AS201800127|turdus_merula|NL|2018-08-22                           0.00%    passed     99.20%
 151  MN122221|AS201800088|turdus_merula|NL|2018-08-01                           0.00%    passed     99.05%
 152  MN122159|AS201600107|turdus_merula|NL|2016-09-22                           0.00%    passed     99.22%
 153  MN122255|AS201800156|turdus_merula|NL|2018-08-31                           0.00%    passed     98.60%
 154  MN122191|AS201700084|turdus_merula|NL|2017-07-05                           0.00%    passed     99.36%
 155  MN122168|AS201600148|turdus_merula|NL|2016-09-23                           0.00%    passed     99.22%
 156  NA|AS20221789|turdus_merula|NL|2022-08-24                                  0.00%    passed     98.98%
 157  NA|AS20221833|turdus_merula|NL|2022-08-28                                  0.00%    passed     99.50%
 158  MN122160|AS201600110|turdus_merula|NL|2016-09-22                           0.00%    passed     99.32%
 159  MN122173|AS201600227|turdus_merula|NL|2016-09-30                           0.00%    passed     98.84%
 160  MN122205|AS201700152|turdus_merula|NL|2017-07-19                           0.00%    passed     98.82%
 161  MN122226|AS201800093|turdus_merula|NL|2018-08-03                           0.00%    passed     98.82%
 162  MN122197|AS201700106|turdus_merula|NL|2017-07-25                           0.00%    passed     99.17%
 163  MN122222|AS201800089|turdus_merula|NL|2018-08-02                           0.00%    passed     99.17%
 164  MN122217|AS201800082|turdus_merula|NL|2018-07-27                           0.00%    passed     99.50%
 165  MN122256|AS201800157|turdus_merula|NL|2018-09-04                           0.00%    passed     99.63%
 166  MN122252|AS201800152|turdus_merula|NL|2018-08-30                           0.00%    passed     99.20%
 167  MN122253|AS201800154|turdus_merula|NL|2018-08-31                           0.00%    passed     99.63%
 168  MN122225|AS201800092|turdus_merula|NL|2018-08-02                           0.00%    passed     99.60%
 169  MN122157|AS201600101|turdus_merula|NL|2016-09-22                           0.00%    passed     98.31%
 170  MN122212|AS201700189|turdus_merula|NL|2017-09-14                           0.00%    passed     99.32%
 171  MN122178|AS201600265|turdus_merula|NL|2016-09-30                           0.00%    passed     97.97%
 172  MN122167|AS201600136|turdus_merula|NL|2016-09-23                           0.00%    passed     98.82%
 173  MN122210|AS201700177|turdus_merula|NL|2017-09-15                           0.00%    passed     99.20%
 174  MN122216|AS201800081|turdus_merula|NL|2018-07-27                           0.00%    passed     99.37%
 175  NA|AS20221828|turdus_merula|NL|2022-08-26                                  0.00%    passed     99.51%
 176  MN122250|AS201800150|turdus_merula|NL|2018-08-30                           0.00%    passed     99.52%
 177  NA|AS20222401|turdus_merula|NL|2022-11-10                                  0.00%    passed     99.46%
 178  MN122146|AS201600036|turdus_merula|NL|2016-09-06                           0.00%    passed     99.60%
 179  MN122248|AS201800128|turdus_merula|NL|2018-08-22                           0.00%    passed     99.73%
 180  MN122223|AS201800090|turdus_merula|NL|2018-08-02                           0.00%    passed     99.43%
 181  MN122147|AS201600042|turdus_merula|NL|2016-09-07                           0.00%    passed     99.03%
 182  KY128482|Snebulosa-6004/NL/2016|strix_nebulosa|NL|2016-09                  0.00%    passed     99.35%
 183  NA|AS20221851|turdus_merula|NL|2022-09-03                                  0.00%    passed     98.24%
 184  NA|21TV5071|turdus_merula|NL|2022-07-29                                    0.00%    passed     99.06%
 185  KY263625|NA|turdus_merula|BE|2016-10                                       0.00%    passed     99.12%
 186  MK230891|Seraing/2017|turdus_merula|BE|2017-08                             0.00%    passed     99.17%
 187  KY426754|NA|turdus_merula|DE|2015-09-09                                    0.00%    passed     98.68%
 188  NA|AS20221780|turdus_merula|NL|2022-08-26                                  0.00%    passed     99.02%
 189  ON755215|Turdusmerula13_feather_3W1L_Day0|turdus_merula|NL|2016            0.16%    passed     99.55%
 190  NA|AS20210829|turdus_merula|NL|2021-09-19                                  0.00%    passed     99.58%
 191  NA|22TV2594|cyanistes_caeruleus|NL|2022-08-24                              0.00%    passed     99.38%
 192  NA|AS201700142|strix_nebulosa|NL|2017-08-09                                0.00%    passed     99.56%
 193  KY426757|NA|turdus_merula|DE|2016-09-23                                    0.00%    passed     98.80%
 194  OU674388|NA|turdus_merula|LU|2020-09                                       0.01%    passed     95.45%
 195  NA|AS20200367|turdus_merula|NL|2020-08-16                                  0.00%    passed     99.18%
 196  NA|18TV1221|turdus_merula|NL|2018-10-13                                    0.90%    passed     99.87%
 197  OP921076|16TV1039_Turdusmerula|turdus_merula|NL|2016-10-07                 5.05%    passed     98.55%
 198  OP921077|16TV1039_Ixodesfrontalis|ixodes_frontalis|NL|2016-10-07           3.69%    passed     95.90%
 199  NA|AS20221657|turdus_merula|NL|2022-08-04                                  6.45%    passed     95.98%
 200  NA|AS20221880|turdus_merula|NL|2022-09-12                                  0.99%    passed     96.87%
 201  NA|AS20221994|passer_domesticus|NL|2022-09-19                              2.16%    passed     99.40%
 202  PQ633267|USUV/NL/2022/SCBC7P30|NA|NL|2022-11-18                            2.72%    passed     99.29%
 203  NA|AS20221637|turdus_merula|NL|2022-08-04                                  2.70%    passed     99.64%
 204  MN122207|AS201700167|turdus_merula|NL|2017-09-01                           2.70%    passed     98.92%
 205  NA|AS20221952|streptopelia_decaocto|NL|2022-09-27                          2.67%    passed     99.09%
 206  NA|AS20221660|turdus_merula|NL|2022-08-08                                  2.70%    passed     99.43%
 207  ON755209|Turdusmerula14_feather_WLC_Day43|turdus_merula|NL|2016            1.22%    passed     94.75%
 208  ON755216|Turdusmerula14_feather_WLC_Day0|turdus_merula|NL|2016             1.22%    passed     94.75%
 209  ON755217|Turdusmerula15_feather_WLC_Day0|turdus_merula|NL|2016             1.22%    passed     97.99%
 210  ON755218|Turdusmerula16_feather_WLC_Day0|turdus_merula|NL|2016             1.22%    passed     96.06%
 211  ON755210|Turdusmerula17_feather_WLC_Day43|turdus_merula|NL|2016            1.22%    passed     97.79%
 212  ON755211|Turdusmerula19_feather_WLC_Day43|turdus_merula|NL|2016            1.22%    passed     97.30%
 213  ON755213|Turdusmerula11_feather_1W1L_Day0|turdus_merula|NL|2016            1.22%    passed     98.52%
 214  ON755222|Turdusmerula13_feather_3W2L_Day43|turdus_merula|NL|2016           1.22%    passed     98.52%
 215  ON755212|Turdusmerula20_feather_WLC_Day43|turdus_merula|NL|2016            1.22%    passed     97.36%
 216  ON755221|Turdusmerula20_feather_WLC_Day0|turdus_merula|NL|2016             1.22%    passed     97.36%
 217  OP921082|16TV1131_Ixodesricinus_8|ixodes_ricinus|NL|2016-10-16            24.84%    passed     64.53%
 218  OP007489|WBVR_bird-X-2016|strix_nebulosa|NL|2016-09-09                     1.69%    passed     99.58%
 219  NA|22B00749|turdidae_sp|NL|2022-09-21                                      3.12%    passed     99.92%
 220  NA|AS20221928|turdus_merula|NL|2022-09-25                                  2.60%    passed     99.53%
 221  NA|22B00483|turdus_merula|NL|2022-09-16                                    8.76%    passed     95.36%
 222  NA|22B00237|turdus_merula|NL|2022-11-12                                   10.57%    passed     95.87%
 223  NA|AS20221999|turdidae_sp|NL|2022-09-22                                   11.78%    passed     97.13%
 224  NA|22TV2538|turdus_merula|NL|2022-08-24                                   11.88%    passed     96.79%
 225  NA|22TV3632|turdus_merula|NL|2022-10-08                                   10.80%    passed     95.66%
 226  NA|22B04271|turdus_merula|NL|2022-12-03                                    6.87%    passed     97.37%
 227  OP921078|18TV0973_Turdusphilomelos|turdidae_sp|NL|2018-08-18               4.59%    passed     98.67%
 228  NA|17TV1199|turdus_merula|NL|2017-07-21                                    5.45%    passed     97.01%
 229  OP921081|16TV1131_Ixodesricinus_6|ixodes_ricinus|NL|2016-10-16             2.77%    passed     98.07%
 230  ON755219|Turdusmerula18_feather_WLC_Day0|turdus_merula|NL|2016             3.98%    passed     88.58%
 231  NA|18TV0825|turdus_merula|NL|2018-08-18                                    6.47%    passed     95.69%
 232  NA|22TV2724|turdidae_sp|NL|2022-08-28                                      6.91%    passed     98.90%
 233  NA|21TV8157|turdus_merula|NL|2022-10-02                                   21.48%    passed     83.33%
 234  NA|18TV1196|turdidae_sp|NL|2018-09-16                                      3.05%    passed     93.92%
 235  NA|AS20221957|turdus_merula|NL|2022-09-25                                  6.56%    passed     97.04%
 236  OP921083|16TV1131_Turdusmerula|turdus_merula|NL|2016-10-16                10.63%    passed     95.10%
 237  NA|22B00186|turdus_merula|NL|2022-11-12                                   14.84%    passed     94.88%
 238  NA|AS20221979|turdidae_sp|NL|2022-10-03                                   10.91%    passed     93.58%
 239  OP921080|16TV1131_Ixodesricinus_5|ixodes_ricinus|NL|2016-10-16            20.42%    passed     97.26%
 240  NA|21TV9171|turdus_merula|NL|2022-09-08                                   20.78%    passed     92.90%
 241  PV235993|USUV/NL/2019/CMV442|culex_sp|NL|2019-08-22                        5.01%    passed     94.53%
 242  PV235995|USUV/NL/2022/CMV3308|culex_sp|NL|2022-07-13                       0.44%    passed     97.43%
 243  PV235996|USUV/NL/2022/CMV3394|culex_sp|NL|2022-07-26                       0.48%    passed     98.35%
 244  PV235994|USUV/NL/2021/CMV2045|culex_sp|NL|2021-07-26                       0.44%    passed     98.95%
 245  OP921079|18TV0973_Ixodida|NA|NL|2018-08-18                                16.38%    passed     92.70%
 246  NA|22TV3602|turdus_merula|NL|2022-10-02                                   81.27%    passed     53.50%
 247  PQ144553|NA|strix_nebulosa|DE|2022-09-06                                  59.06%    passed     51.10%
 248  PQ144558|ED-I-147/22|strix_nebulosa|DE|2022-09-04                         59.06%    passed     49.37%
 249  PQ144563|ED-I-148/22|turdus_merula|DE|2022-08-30                          59.06%    passed     50.79%
 250  PQ144566|ED-I-206/22|turdus_merula|DE|2022-08-15                          59.06%    passed     52.74%
 251  OR141530|ED-I-44/18|strix_nebulosa|DE|2018-08-22                          59.06%    passed     47.80%
 252  OR166150|ED-I-304/19|turdus_merula|DE|2018-08-10                          59.06%    passed     49.35%
 253  OR141533|ED-I-29/18|surnia_ulula|DE|2018-08-06                            59.07%    passed     48.79%
 254  OR141561|B-12411-19|turdus_merula|DE|2019-09-10                           59.07%    passed     47.80%
 255  OR166139|ED-I-44/17|strix_nebulosa|DE|2017-09                             59.06%    passed     46.76%
 256  OR166141|ED-I-86/18|strix_nebulosa|DE|2018-09-02                          59.06%    passed     47.17%
 257  OR141534|ED-I-32/18|strix_nebulosa|DE|2018-08                             59.07%    passed     46.89%
 258  OR141562|19_51217-UGF198|turdus_merula|DE|2019-09-27                      59.07%    passed     47.29%
 259  OR141552|ED-I-236/19|turdus_merula|DE|2019-08-08                          59.07%    passed     49.25%
 260  OR141554|ED-I-64/20|turdus_merula|DE|2019-08-16                           59.07%    passed     51.09%
 261  OR141553|ED-I-53/20|strix_nebulosa|DE|2019-09-11                          59.07%    passed     51.94%
 262  OR141580|4220027168|leucopsar_rothschildi|DE|2020-07                      59.07%    passed     51.64%
 263  OR141581|4220027299|turdus_merula|DE|2020-08-24                           59.07%    passed     54.18%
 264  OR141559|B-11590-19|turdus_merula|DE|2019-08-22                           59.07%    passed     50.71%
 265  OR141566|ED-I-68/19_Nr1|turdus_merula|DE|2019-08                          59.07%    passed     48.85%
 266  OR141604|ED-I-215/21|strix_nebulosa|DE|2021-08-22                         59.06%    passed     48.28%
 267  OP422562|ED-I-44/20|strix_nebulosa|DE|2019-09-09                          59.06%    passed     51.38%
 268  OR166148|ED-I-296/19|turdus_merula|DE|2018-09-18                          59.06%    passed     48.28%
 269  OQ630908|M4509|asio_otus|DE|2021-03                                       59.06%    passed     48.28%
 270  OR141602|ED-I-177/21|turdus_merula|DE|2020-08-25                          59.06%    passed     47.37%
 271  OR141603|ED-I-178/21|strix_nebulosa|DE|2021-08-22                         59.06%    passed     52.03%
 272  OR166161|ED-I-27/18|turdus_merula|DE|2018-08                              59.06%    passed     45.27%
 273  OR166140|ED-I-45/17|strix_nebulosa|DE|2017-09                             59.06%    passed     50.12%
 274  OR141531|ED-I-19/18|strix_nebulosa|DE|2018-08-06                          59.07%    passed     49.25%
 275  OR141547|ED-I-121/19_Nr2|strix_nebulosa|DE|2019-08-23                     59.07%    passed     49.16%
 276  OR141540|ED-I-93/18|turdus_merula|DE|2018-08-31                           59.07%    passed     49.20%
 277  OR141558|B-11341-19|turdus_merula|DE|2019-08-22                           59.07%    passed     49.05%
 278  OR141545|ED-I-82/19|strix_nebulosa|DE|2019-07-30                          59.07%    passed     49.20%
 279  OR141543|ED-I-140/18|turdus_merula|DE|2018-09                             59.07%    passed     48.39%
 280  OR141560|B-11847-19|turdus_merula|DE|2019-09-01                           59.07%    passed     49.20%
 281  OR141586|ED-I-232/20|cyanistes_caeruleus|DE|2020-08                       59.07%    passed     49.26%
 282  OR141557|B-11136-19|turdus_merula|DE|2019-07-30                           59.07%    passed     49.61%
 283  OR141578|M_3583|turdus_merula|DE|2020-08-21                               59.07%    passed     49.16%
 284  OR141583|2440__200544406__A20194659|turdus_merula|DE|2020-08              59.07%    passed     48.39%
 285  OR141584|20_51217-UGF204|cyanistes_caeruleus|DE|2020-09                   59.07%    passed     48.39%
 286  OR141546|ED-I-121/19_Nr1|strix_nebulosa|DE|2019-08-23                     59.07%    passed     49.54%
 287  OR141564|19_51217-UGF202|turdus_merula|DE|2019-09                         59.07%    passed     49.54%
 288  OR141565|191016985/1|turdus_merula|DE|2019-09-16                          59.07%    passed     48.83%
 289  OR141585|20_51217-UGF217|parus_major|DE|2020-08-25                        59.07%    passed     49.82%
 290  OR141551|ED-I-229/19|turdus_merula|DE|2019-08-24                          59.07%    passed     47.32%
 291  OR141582|04-51020-000781|turdus_merula|DE|2020-08-31                      59.07%    passed     48.65%
 292  OR141550|ED-I-223/19|erithacus_rubecula|DE|2019-09-20                     59.07%    passed     47.99%
 293  OR141563|19_51217-UGF201|strix_nebulosa|DE|2019-09-16                     59.07%    passed     47.99%
 294  OR141556|B-10295-19|turdus_merula|DE|2019-09-10                           59.07%    passed     47.29%
 295  OR141548|ED-I-159/19|turdus_merula|DE|2019-09-02                          59.07%    passed     49.25%
 296  OR141549|ED-I-222/19|turdus_merula|DE|2019-09-18                          59.07%    passed     48.65%
 297  OR141555|4219032044/1|turdus_merula|DE|2019-09-01                         59.07%    passed     48.65%
 298  OR141579|1982__200429855-6__A2015048/20|turdus_merula|DE|2020-08-23       59.07%    passed     47.19%
 299  OR141539|ED-I-92/18|turdus_merula|DE|2018-09-03                           59.07%    passed     47.27%
 300  OR141606|M4509|turdus_merula|DE|2021-09-03                                59.06%    passed     48.08%
 301  LR989889|ED-I-115/19|mergellus/lophodytes/mergus_sp|DE|2019               59.06%    passed     48.60%
 302  LR989894|ED-I-119/19|larus_crassirostris|DE|2019                          59.06%    passed     48.60%
 303  OR141600|ED-I-18/22|turdus_merula|DE|2020-09-17                           59.06%    passed     47.37%
 304  OR166135|ED-I-05/19|turdus_merula|DE|2017-09-12                           59.06%    passed     47.37%
 305  OR166147|ED-I-04/19|turdus_merula|DE|2018-08-27                           59.06%    passed     47.36%
 306  OQ630905|ED-I-86/18|strix_nebulosa|DE|2018-09                             59.06%    passed     47.36%
 307  OQ630907|ED-I-178/21|strix_nebulosa|DE|2021-08                            59.06%    passed     48.19%
 308  OR166152|ED-I-85/18|turdus_merula|DE|2018-09                              59.06%    passed     48.08%
 309  OQ630906|ED-I-177/21|strix_nebulosa|DE|2021-08                            59.06%    passed     47.37%
 310  OP422565|USUV-19_51217-UGF187|tachyeres_sp|DE|2019-09-09                  59.06%    passed     47.37%
 311  OR166146|04-51018-000819|turdus_merula|DE|2018-08-17                      59.06%    passed     48.08%
 312  OR166149|ED-I-300/19|turdus_merula|DE|2018-08-29                          59.06%    passed     42.02%
 313  LR989892|ED-I-116/19|larus_crassirostris|DE|2019                          59.97%    passed     44.22%
 314  MZ560931|USUV-ED-I-121/19_Nr2|strix_nebulosa|DE|2019                      91.82%    passed     37.01%
 315  MZ754063|USUV-V_1344_19|turdus_merula|DE|2019                             94.24%    passed     75.00%
 316  MZ754007|USUV-ED-I-44/20|strix_nebulosa|DE|2019                           87.23%    passed     17.54%
 317  MZ754035|USUV-191016985/1|turdus_merula|DE|2019                           87.54%    passed     11.69%
 318  MZ754021|USUV-4219032044/1|turdus_merula|DE|2019                          87.11%    passed     22.95%
 319  MZ754025|USUV-B-11590-19|turdus_merula|DE|2019                            87.15%    passed     25.97%
 320  MZ754026|USUV-B-11847-19|turdus_merula|DE|2019                            86.97%    passed     28.15%
 321  MZ754027|USUV-B-12411-19|turdus_merula|DE|2019                            87.30%    passed     13.28%
 322  MZ754044|USUV-M_3583|turdus_merula|DE|2020                                87.43%    passed     18.93%
 323  MZ754046|USUV-201015505|turdus_merula|DE|2020                             87.43%    passed     18.93%
 324  MZ754056|USUV-20_51217-UGF217|cyanistes_caeruleus|DE|2020                 87.49%    passed     16.23%
 325  MZ754005|USUV-ED-I-121/19_Nr1|strix_nebulosa|DE|2019                      87.10%    passed     22.73%
 326  MZ754032|USUV-19_51217-UGF201|turdus_merula|DE|2019                       87.38%    passed     19.66%
 327  MZ754053|USUV-04-51020-000781|turdus_merula|DE|2020                       87.26%    passed     16.73%
 328  MZ754057|USUV-2440|cyanistes_caeruleus|DE|2020                            87.26%    passed     16.73%
 329  MZ754060|USUV-20_51217-UGF204|parus_major|DE|2020                         87.26%    passed     16.73%
 330  MZ754054|USUV-1982|leucopsar_rothschildi|DE|2020                          87.26%    passed     14.41%
 331  MZ754033|USUV-19_51217-UGF202|turdus_merula|DE|2019                       88.03%    passed      7.94%
 332  MZ754042|USUV-4220027299|turdus_merula|DE|2020                            87.45%    passed     17.82%
 333  MZ754024|USUV-B-11341-19|turdus_merula|DE|2019                            87.41%    passed     19.59%
 334  MZ754039|USUV-4220027168|turdus_merula|DE|2020                            87.55%    passed     10.90%
 335  MZ779076|USUV-19_51217-UGF187|tachyeres_sp|DE|2019                        87.35%    passed     15.98%
 336  MZ754004|USUV-ED-I-82/19|strix_nebulosa|DE|2019                           89.66%    passed     10.22%
 337  MZ754011|USUV-ED-I-74/19|turdus_merula|DE|2019                            89.66%    passed     10.22%
 338  MZ754009|USUV-19_51217-UGF198|strix_nebulosa|DE|2019                      90.13%    passed      8.50%
 339  MZ754013|USUV-ED-I-159/19|turdus_merula|DE|2019                           89.71%    passed      9.60%
 340  MZ754022|USUV-B-10295-19|turdus_merula|DE|2019                            89.81%    passed     13.69%
 341  MZ754023|USUV-B-11136-19|turdus_merula|DE|2019                            89.87%    passed     12.41%
 342  NA|AS20200415|turdus_merula|NL|2020-08-19                                 48.39%    passed     51.90%
 343  NA|AS20200444|cyanistes_caeruleus|NL|2020-08-25                           45.57%    passed     21.48%
 344  NA|AS20200586|cyanistes_caeruleus|NL|2020-09-15                           45.57%    passed     22.04%
 345  NA|AS20190482|taeniopygia_guttata|NL|2019-09-03                           45.57%    passed     20.81%
 346  NA|AS20200523|turdus_merula|NL|2020-09-27                                 45.57%    passed     23.13%
 347  NA|AS20200566|turdus_merula|NL|2020-09-27                                 45.57%    passed     23.13%
 348  NA|AS20200531|cyanistes_caeruleus|NL|2020-09-17                           48.33%    passed     25.97%
 349  NA|AS20200536|columba_palumbus|NL|2020-09-24                              48.33%    passed     26.69%
 350  NA|AS20200610|turdus_merula|NL|2020-08-26                                 48.33%    passed     25.46%
 351  NA|AS20200342|turdus_merula|NL|2020-08-23                                 47.97%    passed     20.65%
 352  KY084490|NA|turdus_merula|DE|2016                                         90.74%    passed     42.03%
 353  KY084492|NA|turdus_merula|DE|2016                                         90.74%    passed     42.03%
 354  KY084491|NA|turdus_merula|DE|2016                                         90.77%    passed     40.02%
 355  KY084495|NA|turdus_merula|DE|2016                                         90.80%    passed     40.23%
 356  KY084496|NA|turdus_merula|DE|2016                                         90.80%    passed     40.23%
 357  KY084486|NA|turdus_merula|DE|2016                                         90.77%    passed     50.21%
 358  KY084484|NA|turdus_merula|DE|2016                                         90.80%    passed     48.33%
 359  KY084485|NA|turdus_merula|DE|2016                                         90.80%    passed     46.33%
 360  KY084493|NA|turdus_merula|DE|2016                                         90.80%    passed     46.33%
 361  MK956029|USUV-M_670|turdus_merula|DE|2018                                 92.95%    passed     43.20%
 362  MK956046|USUV-V_9501|turdus_merula|DE|2017                                92.95%    passed     44.40%
 363  MK956047|USUV-V_9503|turdus_merula|DE|2017                                92.95%    passed     44.40%
 364  MK956056|USUV-VL-2017/48975|turdus_merula|DE|2017                         92.95%    passed     40.47%
 365  MK956030|USUV-M_671|turdus_merula|DE|2018                                 92.95%    passed     35.17%
 366  MK956048|USUV-V_9505|turdus_merula|DE|2017                                92.95%    passed     39.80%
 367  MK956049|USUV-V_9512|turdus_merula|DE|2017                                92.95%    passed     39.80%
 368  MK956034|USUV-M_775|pyrrhula_pyrrhula|DE|2018                             92.95%    passed     34.57%
 369  MF621054|ME/USUV_2G12/Fr_2015|culex_sp|FR|2015                            96.16%    passed     97.00%
 370  MK956024|USUV-EDI_93/18|turdus_merula|DE|2018                             89.66%    passed     10.22%
 371  MK956027|USUV-EDI_140/_18|turdus_merula|DE|2018                           89.66%    passed     10.22%
 372  MK956009|USUV-EDI_19/18|strix_nebulosa|DE|2018                            89.66%    passed     10.22%
 373  MK956043|USUV-P_818|turdus_merula|DE|2018                                 89.66%    passed     11.89%
 374  MK956013|USUV-EDI_31/17|turdus_merula|DE|2017                             89.66%    passed      8.87%
 375  MK956042|USUV-P_762|turdus_merula|DE|2018                                 89.66%    passed     10.22%
 376  MK956023|USUV-EDI_92/18|turdus_merula|DE|2018                             89.66%    passed     10.38%
 377  MK956014|USUV-EDI_32/_18|strix_nebulosa|DE|2018                           89.66%    passed     11.98%
 378  MK956006|USUV-2018-B/10872|strix_nebulosa|DE|2018                         89.66%    passed     10.47%
 379  MK956012|USUV-EDI_29/18|surnia_ulula|DE|2018                              89.66%    passed      9.09%
 380  MK956016|USUV-EDI_44/18|strix_nebulosa|DE|2018                            89.66%    passed     10.47%
 381  MK956038|USUV-M_837|turdus_merula|DE|2018                                 89.66%    passed      9.09%
 382  PQ570974|111actief2023|turdus_merula|BE|2023-08-01                        95.87%    passed     41.84%
 383  PQ570975|134actief2023|turdus_merula|BE|2023-07-10                        95.86%    passed     43.80%
 384  PQ570977|3actief2023|turdus_merula|BE|2023-09-16                          95.87%    passed     40.73%
 385  PQ570978|47actief2023|turdus_merula|BE|2023-08-03                         96.06%    passed     52.27%
 386  PQ570973|108actief2023|turdus_merula|BE|2023-09-04                        96.21%    passed     66.44%
 387  PQ570976|17actief2023|ovis_aries|BE|2023-07-06                            96.33%    passed     81.20%
 388  PQ570979|U22101010002passief2022|rhea_americana|BE|2023-08-19             96.43%    passed     62.42%
 389  ON758919|IREC02|turdus_merula|ES|2018                                     96.29%    failed      0.25%
 390  ON099437|Usutu/Camargue2018|culex_pipiens|FR|2018                         91.47%    failed      1.17%
 391  ON099438|Usutu/Camargue2020/poolH4|culex_pipiens|FR|2020                  91.47%    failed      0.54%
 392  MN384964|NA|turdus_merula|CZ|2018-07-24                                   70.63%    passed      6.54%
 393  MH423836|DoMaPS455/2016|culex_pipiens|DE|2016-07                          75.78%    passed      5.17%
 394  KY114798|NA|strix_nebulosa|DE|2016-09-22                                  76.38%    passed      7.74%
 395  NA|8784/France/87/2016|turdus_merula|FR|2016-09-23                        89.47%    passed     46.55%
 396  NA|6804/France/30/2018|turdus_merula|FR|2018-09-16                        89.47%    passed     50.98%
 397  NA|7285/France/41/2017|strix_nebulosa|FR|2017-09-18                       89.47%    passed     47.49%
 398  NA|10270/France/87/2016|turdus_merula|FR|2016-10-05                       89.48%    passed     46.82%
 399  NA|4838/France/41/2018|turdus_merula|FR|2018-07-26                        89.47%    passed     47.89%
 400  NA|5114/France/44/2018|turdus_merula|FR|2018-08-06                        89.47%    passed     47.89%
 401  NA|5533/France/27/2018|strix_nebulosa|FR|2018-08-22                       89.47%    passed     44.73%
 402  NA|5102/France/86/2018|turdus_merula|FR|2018-08-03                        89.47%    passed     44.57%
 403  NA|5701/France/89/2018|turdus_merula|FR|2018-08-24                        89.47%    passed     41.58%
 404  NA|4752/France/75/2018|strix_nebulosa|FR|2018-07-27                       89.47%    passed     47.89%
 405  NA|7391/France/73/2017|turdus_merula|FR|2017-09-12                        89.47%    passed     54.33%
 406  NA|4817/France/36/2018|turdus_merula|FR|2018-07-23                        89.47%    passed     54.33%
 407  NA|6000/France/54/2018|turdus_merula|FR|2018-08-31                        89.47%    passed     47.49%
 408  NA|6504/France/69/2018|turdus_merula|FR|2018-09-12                        89.47%    passed     53.95%
 409  NA|7678/France/88/2024|turdus_viscivorus|FR|2024-08-17                    89.47%    passed     57.44%
 410  NA|6159/France/62/2018|turdus_merula|FR|2018-08-28                        89.47%    passed     53.31%
 411  NA|8533/France/17/2023|turdus_merula|FR|2023-07-15                        89.47%    passed     41.51%
 412  NA|5490/France/57/2018|strix_nebulosa|FR|2018-08-07                       89.47%    passed     60.42%
 413  NA|6677/France/57/2018|strix_nebulosa|FR|2018-09-25                       89.47%    passed     60.42%
 414  KY113092|BNI-491|turdus_merula|DE|2016-09-25                              97.43%    passed     15.10%
 415  MK230896|NA|turdidae_sp|BE|2018-09                                        98.01%    passed     14.03%
 416  MK230907|NA|turdus_merula|BE|2018-09                                      98.01%    passed     14.03%
 417  MK230908|NA|turdus_merula|BE|2017-07                                      98.01%    passed     14.03%
 418  MK230923|NA|turdus_merula|BE|2017-08                                      98.01%    passed     14.03%
 419  MK230906|NA|turdus_merula|BE|2018-09                                      98.01%    passed     10.05%
 420  MK230910|NA|turdus_merula|BE|2018-09                                      98.01%    passed     10.05%
 421  MK230905|NA|turdus_merula|BE|2018-09                                      98.01%    passed      6.90%
 422  NA|5279/France/53/2018|strix_nebulosa|FR|2018-08-01                       97.17%    passed     16.22%
 423  NA|5356/France/75/2018|turdus_merula|FR|2018-08-16                        97.17%    passed     16.22%
 424  NA|5450/France/18/2018|turdus_merula|FR|2018-08-21                        97.17%    passed     16.22%
 425  NA|6046/France/37/2018|turdus_merula|FR|2018-09-06                        97.17%    passed     16.22%
 426  NA|6568/France/78/2018|strix_nebulosa|FR|2018-09-24                       97.17%    passed     16.22%
 427  NA|6569/France/78/2018|strix_nebulosa|FR|2018-09-24                       97.17%    passed     16.22%
 428  NA|6831/France/36/2018|turdus_merula|FR|2018-09-28                        97.17%    passed     16.22%
 429  NA|6894/France/77/2018|turdus_merula|FR|2018-09-17                        97.17%    passed     16.22%
 430  NA|6895/France/77/2018|turdus_merula|FR|2018-10-02                        97.17%    passed     16.22%
 431  NA|7378/France/78/2018|turdus_merula|FR|2018-08-14                        97.17%    passed     16.22%
 432  NA|7380/France/91/2018|poecile_atricapillus|FR|2018-08-27                 97.17%    passed     16.22%
 433  NA|7339/France/45/2018|poecile_atricapillus|FR|2018-10-17                 97.17%    passed     16.22%
 434  NA|5453/France/87/2018|turdus_merula|FR|2018-08-20                        97.17%    passed     19.78%
 435  NA|5693/France/41/2018|strix_nebulosa|FR|2018-08-27                       97.17%    passed     19.78%
 436  NA|6737/France/81/2018|turdus_merula|FR|2018-09-27                        97.17%    passed     19.78%
 437  NA|10488/France/89/2021|passer_domesticus|FR|2021-08-30                   97.17%    passed     19.78%
 438  NA|5326/France/79/2018|turdus_merula|FR|2018-08-09                        97.17%    passed     16.22%
 439  NA|6044/France/56/2018|turdus_merula|FR|2018-09-05                        97.17%    passed     16.22%
 440  NA|6045/France/56/2018|turdus_merula|FR|2018-09-05                        97.17%    passed     16.22%
 441  NA|5695/France/41/2018|strix_nebulosa|FR|2018-08-27                       97.17%    passed     16.22%
 442  NA|6687/France/43/2018|turdus_merula|FR|2018-09-25                        97.17%    passed     16.22%
 443  NA|6732/France/43/2018|turdus_merula|FR|2018-09-25                        97.17%    passed     16.22%
 444  NA|5997/France/02/2018|turdus_merula|FR|2018-08-21                        97.17%    passed     23.44%
 445  NA|6577/France/48/2018|turdus_merula|FR|2018-09-25                        97.17%    passed     16.22%
 446  NA|1434/France/38/2021|turdus_merula|FR|2021-10-11                        97.17%    passed     23.44%
 447  NA|5930/France/33/2018|turdus_merula|FR|2018-08-23                        97.17%    passed     16.22%
 448  NA|5940/France/18/2018|turdus_merula|FR|2018-09-05                        97.17%    passed     16.22%
 449  NA|5957/France/36/2018|turdus_merula|FR|2018-08-31                        97.17%    passed     16.22%
 450  NA|6001/France/54/2018|turdus_merula|FR|2018-09-04                        97.17%    passed     16.22%
 451  NA|6041/France/56/2018|turdus_merula|FR|2018-08-30                        97.17%    passed     16.22%
 452  NA|6043/France/56/2018|turdus_merula|FR|2018-09-04                        97.17%    passed     16.22%
 453  NA|6510/France/22/2018|turdus_merula|FR|2018-09-15                        97.17%    passed     16.22%
 454  NA|7323/France/88/2018|garrulus_glandarius|FR|2018-10-02                  97.17%    passed     16.22%
 455  NA|6698/France/51/2020|turdus_merula|FR|2020-08-07                        97.17%    passed     16.22%
 456  NA|5932/France/30/2018|turdus_merula|FR|2018-09-02                        97.17%    passed     19.78%
 457  NA|6797/France/26/2018|turdus_merula|FR|2018-10-03                        97.17%    passed     19.78%
 458  NA|6806/France/30/2018|turdus_merula|FR|2018-10-01                        97.17%    passed     19.78%
 459  NA|6802/France/38/2020|turdus_merula|FR|2020-09-16                        97.17%    passed     19.78%
 460  NA|5943/France/18/2018|turdus_merula|FR|2018-09-05                        97.17%    passed     19.78%
 461  NA|6042/France/56/2018|turdus_merula|FR|2018-09-02                        97.17%    passed     12.92%
 462  NA|6124/France/45/2018|turdus_merula|FR|2018-09-11                        97.17%    passed     19.78%
 463  NA|6575/France/27/2018|strix_nebulosa|FR|2018-09-25                       97.17%    passed     19.78%
 464  NA|6576/France/27/2018|strix_nebulosa|FR|2018-09-25                       97.17%    passed     19.78%
 465  NA|6699/France/89/2020|turdus_merula|FR|2020-09-17                        97.17%    passed     12.92%
 466  NA|6236/France/71/2018|turdus_merula|FR|2018-09-10                        97.17%    passed      7.71%
 467  NA|5425/France/03/2018|bubo_scandiacus|FR|2018-08-21                      97.42%    passed     20.20%
 468  NA|5612/France/36/2018|erithacus_rubecula|FR|2018-08-25                   97.42%    passed     20.20%
 469  NA|5615/France/86/2018|strix_nebulosa|FR|2018-08-26                       97.42%    passed     20.51%
 470  ON838179|NA|culex_pipiens|ES|2020                                         90.00%    passed     49.13%
 471  MT476063|USUV_4301_2018|NA|CH|2018                                        97.95%    passed      6.35%
 472  NA|5278/France/53/2018|strix_nebulosa|FR|2018-07-30                       97.44%    passed     29.11%
 473  NA|9784/France/07/2017|turdidae_sp|FR|2017-09-30                          91.39%    passed     55.11%
 474  NA|6012/France/72/2018|turdus_merula|FR|2018-08-27                        97.54%    passed     25.46%
 475  NA|8760/France/42/2016|turdus_merula|FR|2016-09-21                        91.46%    passed     67.05%
 476  NA|7641/France/38/2017|turdus_merula|FR|2017-09-18                        92.60%    passed     73.48%
 477  PQ039613|1142|regulus_regulus|PL|2023-10-22                               95.20%    passed     25.73%
 478  PQ039617|1322|turdidae_sp|PL|2023-09-27                                   95.20%    passed     25.73%
 479  PQ039618|124|pan_troglodytes|PL|2023-10-06                                95.20%    passed     25.73%
 480  PQ039620|HC-3|corvus_cornix|PL|2023-10                                    95.20%    passed     25.73%
 481  PQ039621|1192|regulus_regulus|PL|2023-10                                  95.20%    passed     25.73%
 482  PQ039619|1097|regulus_regulus|PL|2023-10-17                               95.22%    passed     28.83%
 483  PQ039623|127|turdus_merula|PL|2023-09-27                                  95.20%    passed     23.38%
 484  PQ039614|137|acanthis_flammea|PL|2023-11-08                               95.20%    passed     23.20%
 485  PQ039615|CB-2|turdus_merula|PL|2023-10                                    95.20%    passed     21.33%
 486  PQ039616|CB-1|turdus_merula|PL|2023-10                                    95.20%    passed     21.33%
 487  PQ785878|Austria/MUW1754892/2024|homo_sapiens|AT|2024-09-02               95.78%    passed     51.25%
 488  MK092886|BD3/18-AT|homo_sapiens|AT|2018-08                                96.16%    passed     59.85%
 489  MK092887|BD16/18-AT|homo_sapiens|AT|2018-08                               96.16%    passed     59.85%
 490  PQ039622|CS|actitis_hypoleucos|PL|2023-08-15                              95.60%    passed     49.82%
 491  MK598442|NA|turdus_merula|AT|2017-08-04                                   97.34%    passed     10.12%
WARNING: 236 sequences contain more than 50% gaps/ambiguity
****  TOTAL                                                                     41.62%  3 sequences failed composition chi2 test (p-value<5%; df=3)
NOTE: NA|22TV2684|turdus_merula|NL|2022-09-04 is identical to NA|22TV2828|turdus_merula|NL|2022-09-03 but kept for subsequent analysis
NOTE: NA|AS20221958|turdus_merula|NL|2022-09-25 is identical to NA|AS20221974|turdus_merula|NL|2022-09-20 but kept for subsequent analysis
NOTE: NA|AS201600073|bubo_scandiacus|NL|2016-09-01 is identical to NA|AS201600064|strix_nebulosa|NL|2016-08-13 but kept for subsequent analysis
NOTE: MN122243|AS201800122|turdus_merula|NL|2018-08-21 is identical to NA|18TV1517|turdus_merula|NL|2018-10-11 but kept for subsequent analysis
NOTE: NA|AS20190716|copsychus_malabaricus|NL|2019-10-07 is identical to NA|AS20190715|copsychus_malabaricus|NL|2019-10-07 but kept for subsequent analysis
NOTE: ON755216|Turdusmerula14_feather_WLC_Day0|turdus_merula|NL|2016 is identical to ON755209|Turdusmerula14_feather_WLC_Day43|turdus_merula|NL|2016 but kept for subsequent analysis
NOTE: ON755222|Turdusmerula13_feather_3W2L_Day43|turdus_merula|NL|2016 is identical to ON755213|Turdusmerula11_feather_1W1L_Day0|turdus_merula|NL|2016 but kept for subsequent analysis
NOTE: ON755221|Turdusmerula20_feather_WLC_Day0|turdus_merula|NL|2016 is identical to ON755212|Turdusmerula20_feather_WLC_Day43|turdus_merula|NL|2016 but kept for subsequent analysis
NOTE: OR166148|ED-I-296/19|turdus_merula|DE|2018-09-18 is identical to OR141604|ED-I-215/21|strix_nebulosa|DE|2021-08-22 but kept for subsequent analysis
NOTE: OR141584|20_51217-UGF204|cyanistes_caeruleus|DE|2020-09 is identical to OR141583|2440__200544406__A20194659|turdus_merula|DE|2020-08 but kept for subsequent analysis
NOTE: OR141555|4219032044/1|turdus_merula|DE|2019-09-01 is identical to OR141549|ED-I-222/19|turdus_merula|DE|2019-09-18 but kept for subsequent analysis
NOTE: OR166146|04-51018-000819|turdus_merula|DE|2018-08-17 is identical to OR141606|M4509|turdus_merula|DE|2021-09-03 but kept for subsequent analysis
NOTE: LR989894|ED-I-119/19|larus_crassirostris|DE|2019 is identical to LR989889|ED-I-115/19|mergellus/lophodytes/mergus_sp|DE|2019 but kept for subsequent analysis
NOTE: OQ630905|ED-I-86/18|strix_nebulosa|DE|2018-09 is identical to OR166147|ED-I-04/19|turdus_merula|DE|2018-08-27 but kept for subsequent analysis
NOTE: OP422565|USUV-19_51217-UGF187|tachyeres_sp|DE|2019-09-09 is identical to OQ630906|ED-I-177/21|strix_nebulosa|DE|2021-08 but kept for subsequent analysis
NOTE: MZ754046|USUV-201015505|turdus_merula|DE|2020 is identical to MZ754044|USUV-M_3583|turdus_merula|DE|2020 but kept for subsequent analysis
NOTE: MZ754057|USUV-2440|cyanistes_caeruleus|DE|2020 is identical to MZ754053|USUV-04-51020-000781|turdus_merula|DE|2020 but kept for subsequent analysis
NOTE: MZ754011|USUV-ED-I-74/19|turdus_merula|DE|2019 is identical to MZ754004|USUV-ED-I-82/19|strix_nebulosa|DE|2019 but kept for subsequent analysis
NOTE: NA|AS20200566|turdus_merula|NL|2020-09-27 is identical to NA|AS20200523|turdus_merula|NL|2020-09-27 but kept for subsequent analysis
NOTE: KY084492|NA|turdus_merula|DE|2016 is identical to KY084490|NA|turdus_merula|DE|2016 but kept for subsequent analysis
NOTE: KY084496|NA|turdus_merula|DE|2016 is identical to KY084495|NA|turdus_merula|DE|2016 but kept for subsequent analysis
NOTE: KY084493|NA|turdus_merula|DE|2016 is identical to KY084485|NA|turdus_merula|DE|2016 but kept for subsequent analysis
NOTE: MK956047|USUV-V_9503|turdus_merula|DE|2017 is identical to MK956046|USUV-V_9501|turdus_merula|DE|2017 but kept for subsequent analysis
NOTE: MK956049|USUV-V_9512|turdus_merula|DE|2017 is identical to MK956048|USUV-V_9505|turdus_merula|DE|2017 but kept for subsequent analysis
NOTE: NA|5114/France/44/2018|turdus_merula|FR|2018-08-06 is identical to NA|4838/France/41/2018|turdus_merula|FR|2018-07-26 but kept for subsequent analysis
NOTE: NA|6677/France/57/2018|strix_nebulosa|FR|2018-09-25 is identical to NA|5490/France/57/2018|strix_nebulosa|FR|2018-08-07 but kept for subsequent analysis
NOTE: MK230907|NA|turdus_merula|BE|2018-09 is identical to MK230896|NA|turdidae_sp|BE|2018-09 but kept for subsequent analysis
NOTE: MK230910|NA|turdus_merula|BE|2018-09 is identical to MK230906|NA|turdus_merula|BE|2018-09 but kept for subsequent analysis
NOTE: NA|5356/France/75/2018|turdus_merula|FR|2018-08-16 is identical to NA|5279/France/53/2018|strix_nebulosa|FR|2018-08-01 but kept for subsequent analysis
NOTE: NA|5693/France/41/2018|strix_nebulosa|FR|2018-08-27 is identical to NA|5453/France/87/2018|turdus_merula|FR|2018-08-20 but kept for subsequent analysis
NOTE: NA|6044/France/56/2018|turdus_merula|FR|2018-09-05 is identical to NA|5326/France/79/2018|turdus_merula|FR|2018-08-09 but kept for subsequent analysis
NOTE: NA|6687/France/43/2018|turdus_merula|FR|2018-09-25 is identical to NA|5695/France/41/2018|strix_nebulosa|FR|2018-08-27 but kept for subsequent analysis
NOTE: NA|5940/France/18/2018|turdus_merula|FR|2018-09-05 is identical to NA|5930/France/33/2018|turdus_merula|FR|2018-08-23 but kept for subsequent analysis
NOTE: NA|6797/France/26/2018|turdus_merula|FR|2018-10-03 is identical to NA|5932/France/30/2018|turdus_merula|FR|2018-09-02 but kept for subsequent analysis
NOTE: NA|6576/France/27/2018|strix_nebulosa|FR|2018-09-25 is identical to NA|6575/France/27/2018|strix_nebulosa|FR|2018-09-25 but kept for subsequent analysis
NOTE: PQ039617|1322|turdidae_sp|PL|2023-09-27 is identical to PQ039613|1142|regulus_regulus|PL|2023-10-22 but kept for subsequent analysis
NOTE: PQ039616|CB-1|turdus_merula|PL|2023-10 is identical to PQ039615|CB-2|turdus_merula|PL|2023-10 but kept for subsequent analysis
NOTE: MK092887|BD16/18-AT|homo_sapiens|AT|2018-08 is identical to MK092886|BD3/18-AT|homo_sapiens|AT|2018-08 but kept for subsequent analysis
Checking for duplicate sequences: done in 0.00193095 secs using 87.73% CPU
Identifying sites to remove: done in 0.00977206 secs using 98.31% CPU
NOTE: 32 identical sequences (see below) will be ignored for subsequent analysis
NOTE: KY128482|Snebulosa-6004/NL/2016|strix_nebulosa|NL|2016-09 (identical to NA|AS201600064|strix_nebulosa|NL|2016-08-13) is ignored but added at the end
NOTE: OQ630908|M4509|asio_otus|DE|2021-03 (identical to OR141604|ED-I-215/21|strix_nebulosa|DE|2021-08-22) is ignored but added at the end
NOTE: MK956024|USUV-EDI_93/18|turdus_merula|DE|2018 (identical to MZ754004|USUV-ED-I-82/19|strix_nebulosa|DE|2019) is ignored but added at the end
NOTE: MK956027|USUV-EDI_140/_18|turdus_merula|DE|2018 (identical to MZ754004|USUV-ED-I-82/19|strix_nebulosa|DE|2019) is ignored but added at the end
NOTE: MK230908|NA|turdus_merula|BE|2017-07 (identical to MK230896|NA|turdidae_sp|BE|2018-09) is ignored but added at the end
NOTE: MK230923|NA|turdus_merula|BE|2017-08 (identical to MK230896|NA|turdidae_sp|BE|2018-09) is ignored but added at the end
NOTE: NA|5450/France/18/2018|turdus_merula|FR|2018-08-21 (identical to NA|5279/France/53/2018|strix_nebulosa|FR|2018-08-01) is ignored but added at the end
NOTE: NA|6046/France/37/2018|turdus_merula|FR|2018-09-06 (identical to NA|5279/France/53/2018|strix_nebulosa|FR|2018-08-01) is ignored but added at the end
NOTE: NA|6568/France/78/2018|strix_nebulosa|FR|2018-09-24 (identical to NA|5279/France/53/2018|strix_nebulosa|FR|2018-08-01) is ignored but added at the end
NOTE: NA|6569/France/78/2018|strix_nebulosa|FR|2018-09-24 (identical to NA|5279/France/53/2018|strix_nebulosa|FR|2018-08-01) is ignored but added at the end
NOTE: NA|6831/France/36/2018|turdus_merula|FR|2018-09-28 (identical to NA|5279/France/53/2018|strix_nebulosa|FR|2018-08-01) is ignored but added at the end
NOTE: NA|6894/France/77/2018|turdus_merula|FR|2018-09-17 (identical to NA|5279/France/53/2018|strix_nebulosa|FR|2018-08-01) is ignored but added at the end
NOTE: NA|6895/France/77/2018|turdus_merula|FR|2018-10-02 (identical to NA|5279/France/53/2018|strix_nebulosa|FR|2018-08-01) is ignored but added at the end
NOTE: NA|7378/France/78/2018|turdus_merula|FR|2018-08-14 (identical to NA|5279/France/53/2018|strix_nebulosa|FR|2018-08-01) is ignored but added at the end
NOTE: NA|7380/France/91/2018|poecile_atricapillus|FR|2018-08-27 (identical to NA|5279/France/53/2018|strix_nebulosa|FR|2018-08-01) is ignored but added at the end
NOTE: NA|7339/France/45/2018|poecile_atricapillus|FR|2018-10-17 (identical to NA|5279/France/53/2018|strix_nebulosa|FR|2018-08-01) is ignored but added at the end
NOTE: NA|6737/France/81/2018|turdus_merula|FR|2018-09-27 (identical to NA|5453/France/87/2018|turdus_merula|FR|2018-08-20) is ignored but added at the end
NOTE: NA|10488/France/89/2021|passer_domesticus|FR|2021-08-30 (identical to NA|5453/France/87/2018|turdus_merula|FR|2018-08-20) is ignored but added at the end
NOTE: NA|6045/France/56/2018|turdus_merula|FR|2018-09-05 (identical to NA|5326/France/79/2018|turdus_merula|FR|2018-08-09) is ignored but added at the end
NOTE: NA|6732/France/43/2018|turdus_merula|FR|2018-09-25 (identical to NA|5695/France/41/2018|strix_nebulosa|FR|2018-08-27) is ignored but added at the end
NOTE: NA|5957/France/36/2018|turdus_merula|FR|2018-08-31 (identical to NA|5930/France/33/2018|turdus_merula|FR|2018-08-23) is ignored but added at the end
NOTE: NA|6001/France/54/2018|turdus_merula|FR|2018-09-04 (identical to NA|5930/France/33/2018|turdus_merula|FR|2018-08-23) is ignored but added at the end
NOTE: NA|6041/France/56/2018|turdus_merula|FR|2018-08-30 (identical to NA|5930/France/33/2018|turdus_merula|FR|2018-08-23) is ignored but added at the end
NOTE: NA|6043/France/56/2018|turdus_merula|FR|2018-09-04 (identical to NA|5930/France/33/2018|turdus_merula|FR|2018-08-23) is ignored but added at the end
NOTE: NA|6510/France/22/2018|turdus_merula|FR|2018-09-15 (identical to NA|5930/France/33/2018|turdus_merula|FR|2018-08-23) is ignored but added at the end
NOTE: NA|7323/France/88/2018|garrulus_glandarius|FR|2018-10-02 (identical to NA|5930/France/33/2018|turdus_merula|FR|2018-08-23) is ignored but added at the end
NOTE: NA|6698/France/51/2020|turdus_merula|FR|2020-08-07 (identical to NA|5930/France/33/2018|turdus_merula|FR|2018-08-23) is ignored but added at the end
NOTE: NA|6806/France/30/2018|turdus_merula|FR|2018-10-01 (identical to NA|5932/France/30/2018|turdus_merula|FR|2018-09-02) is ignored but added at the end
NOTE: NA|6802/France/38/2020|turdus_merula|FR|2020-09-16 (identical to NA|5932/France/30/2018|turdus_merula|FR|2018-09-02) is ignored but added at the end
NOTE: PQ039618|124|pan_troglodytes|PL|2023-10-06 (identical to PQ039613|1142|regulus_regulus|PL|2023-10-22) is ignored but added at the end
NOTE: PQ039620|HC-3|corvus_cornix|PL|2023-10 (identical to PQ039613|1142|regulus_regulus|PL|2023-10-22) is ignored but added at the end
NOTE: PQ039621|1192|regulus_regulus|PL|2023-10 (identical to PQ039613|1142|regulus_regulus|PL|2023-10-22) is ignored but added at the end
Alignment was printed to USUV_2025Jun24_alldata_aligned_formatted_noFLI_partial_III.fasta.uniqueseq.phy

For your convenience alignment with unique sequences printed to USUV_2025Jun24_alldata_aligned_formatted_noFLI_partial_III.fasta.uniqueseq.phy
Creating fast initial parsimony tree by random order stepwise addition...
0.084 seconds, parsimony score: 2082 (based on 1421 sites)

NOTE: 29 MB RAM (0 GB) is required!
Estimate model parameters (epsilon = 0.100)
1. Initial log-likelihood: -33664.253
2. Current log-likelihood: -32018.355
3. Current log-likelihood: -32013.098
4. Current log-likelihood: -32010.254
5. Current log-likelihood: -32008.011
6. Current log-likelihood: -32005.727
7. Current log-likelihood: -32003.398
8. Current log-likelihood: -32001.021
9. Current log-likelihood: -31998.594
10. Current log-likelihood: -31996.113
11. Current log-likelihood: -31993.575
12. Current log-likelihood: -31990.977
13. Current log-likelihood: -31988.316
14. Current log-likelihood: -31985.588
15. Current log-likelihood: -31982.793
16. Current log-likelihood: -31979.948
17. Current log-likelihood: -31977.025
18. Current log-likelihood: -31974.020
19. Current log-likelihood: -31970.930
20. Current log-likelihood: -31967.751
21. Current log-likelihood: -31964.478
22. Current log-likelihood: -31961.108
23. Current log-likelihood: -31957.637
24. Current log-likelihood: -31954.060
25. Current log-likelihood: -31950.373
26. Current log-likelihood: -31946.573
27. Current log-likelihood: -31942.657
28. Current log-likelihood: -31938.623
29. Current log-likelihood: -31934.470
30. Current log-likelihood: -31930.198
31. Current log-likelihood: -31925.811
32. Current log-likelihood: -31921.317
33. Current log-likelihood: -31916.727
34. Current log-likelihood: -31912.061
35. Current log-likelihood: -31907.346
36. Current log-likelihood: -31872.096
Optimal log-likelihood: -31872.084
Rate parameters:  A-C: 1.00000  A-G: 20.01554  A-T: 1.00000  C-G: 1.00000  C-T: 20.01554  G-T: 1.00000
Base frequencies:  A: 0.270  C: 0.227  G: 0.285  T: 0.219
Parameters optimization took 36 rounds (2.710 sec)
Wrote distance file to... 
Computing ML distances based on estimated model parameters...
Calculating distance matrix: done in 0.33306 secs using 99.72% CPU
Computing ML distances took 0.334726 sec (of wall-clock time) 0.333582 sec (of CPU time)
Setting up auxiliary I and S matrices: done in 0.00195885 secs using 93.47% CPU
Constructing RapidNJ tree: done in 0.00492096 secs using 121.1% CPU
Computing RapidNJ tree took 0.006914 sec (of wall-clock time) 0.007800 sec (of CPU time)
Log-likelihood of RapidNJ tree: -33249.697
--------------------------------------------------------------------
|             INITIALIZING CANDIDATE TREE SET                      |
--------------------------------------------------------------------
Generating 98 parsimony trees... 8.660 second
Computing log-likelihood of 98 initial trees ... 2.956 seconds
Current best score: -31715.166

Do NNI search on 20 best initial trees
Estimate model parameters (epsilon = 0.100)
BETTER TREE FOUND at iteration 1: -31645.890
Estimate model parameters (epsilon = 0.100)
BETTER TREE FOUND at iteration 2: -31602.793
Estimate model parameters (epsilon = 0.100)
BETTER TREE FOUND at iteration 4: -31577.111
Iteration 10 / LogL: -31647.036 / Time: 0h:0m:25s
Iteration 20 / LogL: -31589.441 / Time: 0h:0m:34s
Finish initializing candidate tree set (20)
Current best tree score: -31577.111 / CPU time: 31.152
Number of iterations: 20
--------------------------------------------------------------------
|               OPTIMIZING CANDIDATE TREE SET                      |
--------------------------------------------------------------------
Estimate model parameters (epsilon = 0.100)
BETTER TREE FOUND at iteration 24: -31575.519
Iteration 30 / LogL: -31585.309 / Time: 0h:0m:43s (0h:2m:20s left)
Estimate model parameters (epsilon = 0.100)
BETTER TREE FOUND at iteration 32: -31573.860
Estimate model parameters (epsilon = 0.100)
BETTER TREE FOUND at iteration 33: -31567.963
Estimate model parameters (epsilon = 0.100)
BETTER TREE FOUND at iteration 37: -31564.627
Iteration 40 / LogL: -31576.203 / Time: 0h:0m:53s (0h:2m:11s left)
Iteration 50 / LogL: -31580.320 / Time: 0h:1m:1s (0h:1m:49s left)
Iteration 60 / LogL: -31589.076 / Time: 0h:1m:10s (0h:1m:31s left)
Iteration 70 / LogL: -31564.848 / Time: 0h:1m:18s (0h:1m:16s left)
Iteration 80 / LogL: -31606.565 / Time: 0h:1m:27s (0h:1m:3s left)
Estimate model parameters (epsilon = 0.100)
BETTER TREE FOUND at iteration 81: -31563.124
Estimate model parameters (epsilon = 0.100)
BETTER TREE FOUND at iteration 84: -31563.097
Estimate model parameters (epsilon = 0.100)
BETTER TREE FOUND at iteration 90: -31549.201
Iteration 90 / LogL: -31549.201 / Time: 0h:1m:36s (0h:1m:48s left)
Iteration 100 / LogL: -31577.653 / Time: 0h:1m:46s (0h:1m:36s left)
Iteration 110 / LogL: -31553.778 / Time: 0h:1m:54s (0h:1m:24s left)
Iteration 120 / LogL: -31574.570 / Time: 0h:2m:3s (0h:1m:12s left)
Iteration 130 / LogL: -31558.033 / Time: 0h:2m:12s (0h:1m:1s left)
Iteration 140 / LogL: -31595.718 / Time: 0h:2m:22s (0h:0m:51s left)
Iteration 150 / LogL: -31582.146 / Time: 0h:2m:32s (0h:0m:40s left)
Iteration 160 / LogL: -31553.769 / Time: 0h:2m:42s (0h:0m:30s left)
Iteration 170 / LogL: -31609.477 / Time: 0h:2m:52s (0h:0m:20s left)
Estimate model parameters (epsilon = 0.100)
BETTER TREE FOUND at iteration 177: -31547.646
Iteration 180 / LogL: -31620.557 / Time: 0h:3m:1s (0h:1m:38s left)
Estimate model parameters (epsilon = 0.100)
BETTER TREE FOUND at iteration 181: -31547.620
Iteration 190 / LogL: -31547.645 / Time: 0h:3m:10s (0h:1m:31s left)
Iteration 200 / LogL: -31562.112 / Time: 0h:3m:20s (0h:1m:21s left)
Iteration 210 / LogL: -31565.480 / Time: 0h:3m:29s (0h:1m:11s left)
Iteration 220 / LogL: -31549.363 / Time: 0h:3m:37s (0h:1m:0s left)
Iteration 230 / LogL: -31547.650 / Time: 0h:3m:46s (0h:0m:50s left)
Iteration 240 / LogL: -31576.283 / Time: 0h:3m:54s (0h:0m:40s left)
Iteration 250 / LogL: -31549.370 / Time: 0h:4m:3s (0h:0m:30s left)
Iteration 260 / LogL: -31554.467 / Time: 0h:4m:12s (0h:0m:20s left)
Iteration 270 / LogL: -31548.966 / Time: 0h:4m:19s (0h:0m:10s left)
Iteration 280 / LogL: -31547.698 / Time: 0h:4m:28s (0h:0m:0s left)
TREE SEARCH COMPLETED AFTER 282 ITERATIONS / Time: 0h:4m:30s

--------------------------------------------------------------------
|                    FINALIZING TREE SEARCH                        |
--------------------------------------------------------------------
Performs final model parameters optimization
Estimate model parameters (epsilon = 0.010)
1. Initial log-likelihood: -31547.620
Optimal log-likelihood: -31547.619
Rate parameters:  A-C: 1.00000  A-G: 20.10430  A-T: 1.00000  C-G: 1.00000  C-T: 20.10430  G-T: 1.00000
Base frequencies:  A: 0.270  C: 0.227  G: 0.285  T: 0.219
Parameters optimization took 1 rounds (0.075 sec)
BEST SCORE FOUND : -31547.619
Total tree length: 0.385

Total number of iterations: 282
CPU time used for tree search: 265.617 sec (0h:4m:25s)
Wall-clock time used for tree search: 266.512 sec (0h:4m:26s)
Total CPU time used: 269.475 sec (0h:4m:29s)
Total wall-clock time used: 270.401 sec (0h:4m:30s)

Analysis results written to: 
  IQ-TREE report:                USUV_2025Jun24_alldata_aligned_formatted_noFLI_partial_III.fasta.iqtree
  Maximum-likelihood tree:       USUV_2025Jun24_alldata_aligned_formatted_noFLI_partial_III.fasta.treefile
  Likelihood distances:          USUV_2025Jun24_alldata_aligned_formatted_noFLI_partial_III.fasta.mldist
  Screen log file:               USUV_2025Jun24_alldata_aligned_formatted_noFLI_partial_III.fasta.log

Date and Time: Mon Aug 11 12:39:09 2025
