IQ-TREE multicore version 2.0.5 for Linux 64-bit built May 15 2020
Developed by Bui Quang Minh, Nguyen Lam Tung, Olga Chernomor,
Heiko Schmidt, Dominik Schrempf, Michael Woodhams.

Host:    node2i17.ecdf.ed.ac.uk (AVX2, FMA3, 251 GB RAM)
Command: iqtree2 -s USUV_2024Aug28_alldata_aligned_formatted_noFLI_nflg.fasta -bb 1000 -nt 4 -czb
Seed:    785651 (Using SPRNG - Scalable Parallel Random Number Generator)
Time:    Wed Aug 28 12:22:25 2024
Kernel:  AVX+FMA - 4 threads (4 CPU cores detected)

Reading alignment file USUV_2024Aug28_alldata_aligned_formatted_noFLI_nflg.fasta ... Fasta format detected
Alignment most likely contains DNA/RNA sequences
Alignment has 546 sequences with 10306 columns, 2770 distinct patterns
1992 parsimony-informative, 927 singleton sites, 7387 constant sites
                                                                                          Gap/Ambiguity  Composition  p-value
   1  NA|20VIR5077|turdus_merula|it_ve|2020-08-21                                                 0.01%    passed     99.89%
   2  NA|23VIR9300|turdus_merula|it_vr|2023-10-01                                                 0.01%    passed     99.68%
   3  NA|23pool2067_23RS1943-143|culex_pipiens|it_vr|2023-08-24                                   0.01%    passed     99.71%
   4  OR921100|2023TE1837011|culex_pipiens|ita|2023-09-08                                         1.19%    passed     98.50%
   5  NA|23pool1901_23RS1909-300|culex_pipiens|it_ve|2023-08-16                                   0.01%    passed     99.80%
   6  NA|23VIR8708|columbidae_sp|it_pd|2023-09-01                                                 0.02%    passed     99.62%
   7  MW164662|13pool5744|culex_pipiens|it_ve|2013-08-13                                          0.02%    passed     99.92%
   8  MW164683|14pool895|culex_pipiens|it_vr|2014-07-22                                           0.04%    passed     99.92%
   9  MW164681|14pool1703|culex_pipiens|it_ve|2014-09-23                                          0.04%    passed     99.93%
  10  MW164690|15pool1564|culex_pipiens|it_ve|2015-08-17                                          0.01%    passed     99.92%
  11  MW164692|15pool1759|culex_pipiens|it_tv|2015-09-02                                          0.01%    passed     99.92%
  12  MW164697|16pool1634|culex_pipiens|it_pd|2016-07-20                                          0.01%    passed     99.92%
  13  MW164701|16pool2021|culex_pipiens|it_tv|2016-08-08                                          0.03%    passed     99.97%
  14  MW164693|15pool1939|culex_pipiens|it_ud|2015-09-21                                          0.01%    passed    100.00%
  15  MW164700|16pool1870|culex_pipiens|it_ve|2016-08-01                                          0.01%    passed    100.00%
  16  MW164706|16pool2355|culex_pipiens|it_ud|2016-08-29                                          0.01%    passed     99.99%
  17  MW164704|16pool2311|culex_pipiens|it_vi|2016-08-24                                          0.01%    passed     99.99%
  18  MW164731|18pool1018|culex_pipiens|it_ve|2018-07-10                                          0.01%    passed     99.99%
  19  MW164749|18pool1506|culex_pipiens|it_pd|2018-07-31                                          0.01%    passed    100.00%
  20  MW164710|17pool1250|culex_pipiens|it_vi|2017-07-19                                          0.03%    passed     99.95%
  21  MW164725|17pool1729|culex_pipiens|it_tv|2017-08-21                                          0.01%    passed     99.94%
  22  MW164729|17VIR8655-3|larus_michahellis|it_ro|2017-09-18                                     0.01%    passed     99.98%
  23  MW164748|18pool1442|culex_pipiens|it_tv|2018-07-31                                          0.02%    passed     99.97%
  24  MW164727|17VIR7761-4|sturnus_vulgaris|it_ro|2017-09-01                                      0.01%    passed     99.97%
  25  MW164728|17VIR7838-4|turdus_merula|it_ro|2017-08-30                                         0.01%    passed     99.94%
  26  MW164722|17pool1671|culex_pipiens|it_pd|2017-08-16                                          0.01%    passed    100.00%
  27  MW164709|17pool1191|culex_pipiens|it_ve|2017-07-17                                          0.02%    passed     99.96%
  28  MW164761|18pool1662|culex_pipiens|it_tv|2018-08-14                                          0.01%    passed     99.97%
  29  MW164686|15pool1335|culex_pipiens|it_ro|2015-08-03                                          0.01%    passed     99.88%
  30  MW164703|16pool2117|culex_pipiens|it_ve|2016-08-16                                          0.04%    passed     99.66%
  31  MW164734|18pool1141|culex_pipiens|it_pn|2018-07-17                                          0.01%    passed     99.83%
  32  MW164712|17pool1309|culex_pipiens|it_tv|2017-07-24                                          0.01%    passed     99.98%
  33  MW164723|17pool1688|culex_pipiens|it_ve|2017-08-16                                          0.01%    passed     99.98%
  34  MW164716|17pool1544|culex_pipiens|it_pn|2017-08-07                                          0.02%    passed    100.00%
  35  MW164730|18pool1009|culex_pipiens|it_ve|2018-07-10                                          0.01%    passed     99.93%
  36  MW164754|18pool1556|culex_pipiens|it_tv|2018-08-07                                          0.01%    passed     99.94%
  37  MW164759|18pool1649|culex_pipiens|it_ud|2018-08-14                                          0.01%    passed     99.96%
  38  MW164746|18pool1405|culex_pipiens|it_vr|2018-07-26                                          0.01%    passed     99.96%
  39  MW164766|18pool1965|culex_pipiens|it_vr|2018-09-06                                          0.02%    passed     99.86%
  40  MW164715|17pool1525|culex_pipiens|it_tv|2017-08-07                                          0.01%    passed     99.96%
  41  MW164747|18pool1430|culex_pipiens|it_pn|2018-07-31                                          0.01%    passed     99.94%
  42  MW164760|18pool1660|culex_pipiens|it_ud|2018-08-14                                          0.02%    passed    100.00%
  43  MW164687|15pool1419|culex_pipiens|it_vi|2015-08-05                                          0.01%    passed     99.98%
  44  MW164691|15pool1751|culex_pipiens|it_vr|2015-09-02                                          0.01%    passed    100.00%
  45  MW164694|15VIR4781-31|turdus_iliacus|it_tv|2015-09-15                                       0.01%    passed    100.00%
  46  MW164743|18pool1267|culex_pipiens|it_vr|2018-07-19                                          0.01%    passed    100.00%
  47  MW164699|16pool1839|culex_pipiens|it_ro|2016-08-01                                          0.01%    passed     99.80%
  48  MW164737|18pool1229|culex_pipiens|it_pd|2018-07-19                                          0.29%    passed     99.62%
  49  MW164742|18pool1264|culex_pipiens|it_vr|2018-07-19                                          0.02%    passed     99.72%
  50  NA|20VIR4951|serinus_canaria|it_pd|2020-08-19                                               0.01%    passed     99.98%
  51  MW164769|18pool948|culex_pipiens|it_pd|2018-07-06                                           0.01%    passed     99.90%
  52  MW164732|18pool108G|culex_pipiens|it_vr|2018-09-06                                          0.02%    passed     99.78%
  53  MW164757|18pool1614|culex_pipiens|it_vi|2018-08-09                                          0.01%    passed     99.79%
  54  MW164770|18VIR7808-6|ciconia_ciconia|it_vi|2018-09-07                                       0.01%    passed     99.99%
  55  ON032478|ITA2018_18638|turdus_merula|it_tv|2018-09-03                                       0.01%    passed     99.93%
  56  MW164713|17pool1488|culex_pipiens|it_pd|2017-08-02                                          0.01%    passed     99.83%
  57  MW164735|18pool1163|culex_pipiens|it_tv|2018-07-17                                          0.10%    passed     99.83%
  58  MW164726|17pool1923|culex_pipiens|it_ve|2017-09-11                                          0.01%    passed     99.96%
  59  MT784898|NA|turdus_iliacus|ita|2017                                                         0.01%    passed     99.97%
  60  MW164739|18pool1261|culex_pipiens|it_vr|2018-07-19                                          0.02%    passed     99.96%
  61  MW164750|18pool1509|culex_pipiens|it_ve|2018-07-31                                          0.41%    passed     99.32%
  62  MW164717|17pool1609|culex_pipiens|it_ud|2017-08-16                                          0.31%    passed     99.82%
  63  MW164765|18pool1832|culex_pipiens|it_tv|2018-08-28                                          0.01%    passed     99.84%
  64  NA|20VIR4811|serinus_canaria|it_pd|2020-08-10                                               0.01%    passed     99.87%
  65  MW164762|18pool1712|culex_pipiens|it_vr|2018-08-17                                          0.02%    passed     99.98%
  66  MW164753|18pool1523|culex_pipiens|it_vi|2018-08-02                                          0.16%    passed     99.87%
  67  KX816649|231247/2011|turdus_merula|ita|2011-09                                              0.01%    passed     99.69%
  68  MW164636|11pool1941|culex_pipiens|it_ro|2011-08-16                                          0.01%    passed     99.79%
  69  MW164639|11pool2135|culex_pipiens|it_vr|2011-08-30                                          0.01%    passed     99.87%
  70  MW164634|11pool1743|culex_pipiens|it_pd|2011-08-09                                          0.01%    passed     99.95%
  71  MW164635|11pool1805|culex_pipiens|it_pd|2011-08-09                                          0.02%    passed     99.86%
  72  KX268471|ITA-055|culex_modestus|ita|2011                                                    0.01%    passed     99.80%
  73  MW164641|12pool1898|culex_pipiens|it_ro|2012-07-24                                          0.06%    passed     99.90%
  74  MW164642|12pool1948|culex_pipiens|it_vr|2012-07-24                                          0.02%    passed     99.87%
  75  MW164669|13pool6471|culex_pipiens|it_vi|2013-09-05                                          0.01%    passed     99.94%
  76  MW164670|13pool6472|culex_pipiens|it_vi|2013-09-05                                          0.01%    passed     99.83%
  77  MW164658|13pool5009|culex_pipiens|it_vr|2013-07-31                                          0.02%    passed     99.74%
  78  MW164678|14pool1494|culex_pipiens|it_vr|2014-09-02                                          0.01%    passed     99.89%
  79  MW164679|14pool1511|culex_pipiens|it_vi|2014-09-03                                          0.02%    passed     99.61%
  80  MW164640|11pool2444|culex_pipiens|it_vr|2011-09-21                                          0.02%    passed     99.94%
  81  MW164663|13pool5778|culex_pipiens|it_vr|2013-08-13                                          0.02%    passed     99.90%
  82  MW164668|13pool6465|culex_pipiens|it_vi|2013-09-05                                          0.02%    passed     99.90%
  83  MW164648|12pool2316|culex_pipiens|it_vi|2012-08-22                                          0.01%    passed     99.73%
  84  MW164654|12VIR6777-9|turdus_pilaris|it_pd|2012-09-05                                        0.01%    passed     99.80%
  85  MW164652|12pool2628|culex_pipiens|it_vi|2012-09-05                                          0.01%    passed     99.98%
  86  MW164676|14pool1478|culex_pipiens|it_ro|2014-09-02                                          0.02%    passed     99.20%
  87  MW164672|14pool1388|culex_pipiens|it_vi|2014-08-22                                          0.15%    passed     99.85%
  88  MW164671|14pool1366|culex_pipiens|it_vr|2014-08-20                                          0.01%    passed     99.96%
  89  MW164682|14pool857|culex_pipiens|it_ro|2014-07-22                                           0.03%    passed     99.85%
  90  MW164673|14pool1394|culex_pipiens|it_ve|2014-08-26                                          0.02%    passed     99.98%
  91  MW164684|14VIR5467-8|NA|it_tv|2014-09-02                                                    0.01%    passed     99.96%
  92  MW164685|15pool1187|culex_pipiens|it_vr|2015-07-22                                          0.03%    passed     99.84%
  93  MW164711|17pool1252|culex_pipiens|it_vi|2017-07-19                                          0.03%    passed     99.67%
  94  MW164740|18pool1262|culex_pipiens|it_vr|2018-07-19                                          0.01%    passed     99.56%
  95  MW164751|18pool1519|culex_pipiens|it_pd|2018-08-02                                          0.01%    passed     99.64%
  96  MW164752|18pool1522|culex_pipiens|it_vi|2018-08-02                                          0.05%    passed     99.79%
  97  MW164755|18pool1575|culex_pipiens|it_ro|2018-08-07                                          0.01%    passed     99.59%
  98  MW164744|18pool1347|culex_pipiens|it_ro|2018-07-24                                          0.02%    passed     99.43%
  99  MW164768|18pool78G|culex_pipiens|it_vr|2018-08-09                                           0.02%    passed     99.77%
 100  MW164756|18pool1610|culex_pipiens|it_pd|2018-08-09                                          0.01%    passed     99.79%
 101  MW164767|18pool2042|culex_pipiens|it_vi|2018-09-13                                          0.01%    passed     99.88%
 102  MW164736|18pool1219|culex_pipiens|it_ro|2018-07-17                                          0.01%    passed     99.75%
 103  MW164707|16pool2571|culex_pipiens|it_vr|2016-09-14                                          0.02%    passed     99.95%
 104  MW164719|17pool1647|culex_pipiens|it_vr|2017-08-16                                          0.04%    passed     99.99%
 105  MW164764|18pool1795|culex_pipiens|it_vr|2018-08-23                                          0.01%    passed     99.99%
 106  MW164758|18pool1617|culex_pipiens|it_vr|2018-08-09                                          0.01%    passed    100.00%
 107  MW164745|18pool1398|culex_pipiens|it_vr|2018-07-26                                          0.03%    passed     99.98%
 108  MW164708|17pool103G|culex_pipiens|it_vi|2017-08-30                                          0.01%    passed     99.97%
 109  MW164771|18VIR7859-4|turdus_merula|it_tv|2018-09-07                                         0.01%    passed     99.99%
 110  MW164733|18pool1124|culex_pipiens|it_vi|2018-07-12                                          0.18%    passed     99.65%
 111  MW164714|17pool1493|culex_pipiens|it_vr|2017-08-02                                          0.01%    passed     99.84%
 112  MW164720|17pool1653|culex_pipiens|it_vr|2017-08-16                                          0.05%    passed     99.80%
 113  MW164688|15pool1426|culex_pipiens|it_pd|2015-08-06                                          0.01%    passed     99.87%
 114  MW164741|18pool1263|culex_pipiens|it_vr|2018-07-19                                          0.01%    passed     99.99%
 115  MW164724|17pool1709|culex_pipiens|it_ro|2017-08-17                                          0.39%    passed     99.74%
 116  KX816648|220921-2/2011|culex_pipiens|ita|2011-09                                            0.89%    passed     98.18%
 117  KU573070|216606/2013|culex_pipiens|it_ra|2013                                               0.01%    passed    100.00%
 118  KX816647|208576-8/2011|culex_pipiens|ita|2011-08                                            0.08%    passed     99.93%
 119  ON032479|ITA2010_12543|turdus_merula|it_ps|2010                                             0.01%    passed     99.97%
 120  KX555624|NA|turdus_merula|ita|2010                                                          0.01%    passed     99.97%
 121  MW164660|13pool5678|culex_pipiens|it_ro|2013-08-08                                          0.04%    passed     99.98%
 122  MW164661|13pool5687|culex_pipiens|it_ro|2013-08-08                                          0.01%    passed     99.99%
 123  KX816651|211204-8/2012|culex_pipiens|ita|2012-08                                            0.01%    passed    100.00%
 124  KX816650|211984-4/2012|culex_pipiens|ita|2012-08                                            0.01%    passed     99.99%
 125  HM569263|NA|homo_sapiens|ita|2009-09-24                                                     0.01%    passed     99.90%
 126  KX555625|NA|turdus_merula|ita|2010                                                          0.01%    passed     99.99%
 127  KX555626|NA|turdus_merula|ita|2010                                                          0.01%    passed    100.00%
 128  MW164664|13pool5827|culex_pipiens|it_ro|2013-08-13                                          0.02%    passed     99.98%
 129  KX816652|211204-7/2012|culex_pipiens|ita|2012-08                                            0.01%    passed     99.88%
 130  KX555627|NA|turdus_merula|ita|2010                                                          0.01%    passed    100.00%
 131  KX555628|NA|turdus_merula|ita|2010                                                          0.01%    passed    100.00%
 132  KU573075|201602-24/2014|culex_pipiens|it_re|2014                                            0.01%    passed     99.97%
 133  MF991886|BD1/17-AT|homo_sapiens|at_wi|2017-07-24                                            0.01%    passed     99.99%
 134  MF063042|AT-N211/16|turdus_merula|at_no_bl|2016-09-29                                       0.01%    passed     99.98%
 135  MF063043|HU-47540/16|turdus_merula|hun|2016-09-26                                           0.01%    passed     99.97%
 136  KU573072|221034-3/2013|culex_pipiens|it_ra|2013                                             0.02%    passed     99.36%
 137  ON032477|ITA2018_17495|turdus_merula|it_bo|2018-08-17                                       0.01%    passed    100.00%
 138  NA|23pool1280_23RS1633-583|culex_pipiens|it_pd|2023-07-05                                   0.01%    passed     99.98%
 139  NA|23VIR8795|turdus_merula|it_ve|2023-08-23                                                 0.01%    passed     99.98%
 140  NA|23pool2138_23RS2497-1|culex_pipiens|it_vi|2023-11-13                                     0.01%    passed     99.97%
 141  OP734256|NA|culex_pipiens|ita|2022-07-29                                                    0.01%    passed    100.00%
 142  OP734246|NA|culex_pipiens|ita|2022-07-29                                                    0.01%    passed     99.99%
 143  MN989418|Usutu/Goose/Italy/17917/2018|anatidae__duck_sp_|it_ac|2018-08-20                   0.01%    passed     99.98%
 144  OP734252|NA|culex_pipiens|ita|2022-08-01                                                    0.68%    passed     99.75%
 145  OP734251|NA|culex_pipiens|ita|2022-08-01                                                    0.28%    passed     99.99%
 146  OR757497|1740425|culex_pipiens|ita|2023-07-16                                               0.02%    passed     99.83%
 147  OR757493|17404216|culex_pipiens|ita|2023-07-15                                              0.01%    passed     99.67%
 148  PP104383|TE2518012|culex_pipiens|ita|2023-08-02                                             0.01%    passed     99.59%
 149  OP734260|NA|culex_pipiens|ita|2022-07-08                                                    0.01%    passed     99.93%
 150  ON032482|ITA2021_304421|larus_michahellis|it_rn|2021-09-08                                  0.01%    passed     99.95%
 151  OR757492|17404213|culex_pipiens|ita|2023-07-24                                              0.01%    passed     99.98%
 152  OR757494|17404220|turdus_merula|ita|2023-07-24                                              0.03%    passed     99.89%
 153  MT784899|NA|turdus_merula|ita|2017                                                          0.04%    passed     99.90%
 154  PP104387|TE2518512|sturnus_vulgaris|ita|2023-09-13                                          0.01%    passed    100.00%
 155  PP104388|TE2518612|turdus_merula|ita|2023-09-22                                             0.01%    passed    100.00%
 156  MW164721|17pool1664|culex_pipiens|it_vr|2017-08-16                                          0.03%    passed     99.93%
 157  MW164637|11pool1989|culex_pipiens|it_ve|2011-08-23                                          0.05%    passed     99.94%
 158  MW164638|11pool2109|culex_pipiens|it_vi|2011-08-24                                          0.01%    passed     99.94%
 159  JF266698|NA|turdus_merula|ita|2009                                                          0.01%    passed     99.91%
 160  MW164647|12pool2262|culex_pipiens|it_vi|2012-08-07                                          0.07%    passed     99.86%
 161  MW164653|12pool2653|culex_pipiens|it_ro|2012-09-05                                          0.01%    passed     99.80%
 162  MW164677|14pool1489|culex_pipiens|it_vr|2014-09-02                                          0.01%    passed     99.70%
 163  MW164651|12pool2626|culex_pipiens|it_vi|2012-09-05                                          0.01%    passed     99.99%
 164  MW164666|13pool5999|culex_pipiens|it_tv|2013-08-21                                          0.03%    passed     99.98%
 165  MW164643|12pool2046|culex_pipiens|it_ve|2012-07-24                                          0.01%    passed     99.40%
 166  MW164644|12pool2194|culex_pipiens|it_tv|2012-08-09                                          0.01%    passed     99.80%
 167  MW164645|12pool2214|culex_pipiens|it_ve|2012-08-07                                          0.05%    passed     99.77%
 168  MW164665|13pool5873|culex_pipiens|it_ve|2013-08-13                                          0.01%    passed     99.88%
 169  MW164650|12pool2586|culex_pipiens|it_tv|2012-08-23                                          0.02%    passed     99.95%
 170  MW164667|13pool6009|culex_pipiens|it_ro|2013-08-21                                          0.01%    passed     99.75%
 171  MW164656|12VIR6787-11|alauda_arvensis|it_tv|2012-09-03                                      0.01%    passed     99.97%
 172  MW164655|12VIR6787-10|alauda_arvensis|it_tv|2012-09-03                                      0.01%    passed     99.99%
 173  MW164657|12VIR6787-9|alauda_arvensis|it_tv|2012-09-03                                       0.01%    passed     99.99%
 174  MW164646|12pool2249|culex_pipiens|it_vi|2012-08-07                                          0.01%    passed     99.92%
 175  MW164659|13pool5600|culex_pipiens|it_tv|2013-08-07                                          0.03%    passed    100.00%
 176  MW164649|12pool2412|culex_pipiens|it_ro|2012-08-22                                          0.01%    passed     99.85%
 177  MW164674|14pool1419|culex_pipiens|it_tv|2014-08-26                                          0.01%    passed     99.97%
 178  MW164680|14pool1698|culex_pipiens|it_ve|2014-09-23                                          0.01%    passed     99.95%
 179  MW164698|16pool1777|culex_pipiens|it_go|2016-07-25                                          0.01%    passed     99.95%
 180  MW164695|15VIR4781-42|turdus_merula|it_tv|2015-09-15                                        0.01%    passed     99.99%
 181  MW164696|15VIR4781-43|turdus_merula|it_tv|2015-09-15                                        0.01%    passed     99.99%
 182  MW164705|16pool2336|culex_pipiens|it_ve|2016-08-29                                          0.02%    passed     99.84%
 183  MW164689|15pool1503|culex_pipiens|it_ve|2015-08-10                                          0.01%    passed     99.99%
 184  MW164702|16pool2106|culex_pipiens|it_ro|2016-08-16                                          0.01%    passed     99.99%
 185  NA|23VIR9292|turdus_merula|it_vr|2023-10-01                                                 0.01%    passed     99.99%
 186  OP734254|NA|NA|ita|2022-08-08                                                               0.01%    passed     99.76%
 187  MW164738|18pool1258|culex_pipiens|it_vr|2018-07-19                                          0.01%    passed    100.00%
 188  ON032476|ITA2020_155885|turdus_merula|it_fe|2020                                            0.02%    passed     99.94%
 189  ON813234|ITA2021_299815|turdus_merula|ita|2021                                              0.02%    passed     99.99%
 190  ON032487|ITA2021_299813|turdus_merula|it_bo|2021                                            0.01%    passed    100.00%
 191  ON032481|ITA2021_302715|turdus_merula|it_bo|2021-09-02                                      0.01%    passed     99.97%
 192  ON032483|ITA2021_301597|turdus_merula|it_bo|2021-08-19                                      0.16%    passed     99.96%
 193  ON032474|ITA2020_115108|culex_pipiens|it_re|2020                                            0.01%    passed     99.99%
 194  ON032475|ITA2020_123828|muscicapa_striata|it_fe|2020                                        0.01%    passed     99.99%
 195  ON032485|ITA2021_302331|turdus_merula|it_bo|2021                                            0.01%    passed     99.99%
 196  OP734250|NA|culex_pipiens|ita|2022-07-29                                                    0.01%    passed     99.86%
 197  OP734253|NA|culex_pipiens|ita|2022-08-05                                                    0.03%    passed     99.94%
 198  ON032480|ITA2021_305818|turdus_merula|it_bo|2021-09-30                                      0.01%    passed     99.92%
 199  ON032484|ITA2021_305812|columba_palumbus|it_fe|2021-09-10                                   0.26%    passed     99.95%
 200  OR921102|2023TE1908911|culex_pipiens|ita|2023-09-15                                         0.01%    passed     99.88%
 201  PP104391|TE2518912|turdus_merula|ita|2023-09-07                                             0.01%    passed     99.98%
 202  OR921103|2023TE1683411|culex_pipiens|ita|2023-08-11                                         0.86%    passed     99.95%
 203  ON032486|ITA2021_310782|turdus_merula|it_bo|2021                                            0.01%    passed     99.86%
 204  AY453411|NA|turdus_merula|aut|2001                                                          0.01%    passed     99.31%
 205  EF206350|Budapest|turdus_merula|hun|2005                                                    0.01%    passed     99.93%
 206  JQ219843|NA|cyanistes_caeruleus|aut|2002-08-29                                              0.02%    passed     99.32%
 207  MG888044|NA|culex_pipiens|srb|2014-08                                                       0.01%    passed     99.99%
 208  OR573992|AS201700144|branta_ruficollis|nl_li|2017-08-15                                     0.01%    passed     98.83%
 209  OR573993|AS201700147|branta_ruficollis|nl_li|2017-08-15                                     0.01%    passed     99.10%
 210  MN122166|AS201600133|turdus_merula|nl_ov_lo|2016-09-23                                      0.01%    passed     99.29%
 211  MN122190|AS201700080|turdus_merula|nl_ut_ut|2017-07-05                                      0.01%    passed     99.56%
 212  KY315178|Gracula_religiosa/U1609393/Belgium/2016|gracula_religiosa|bel|2016-10-03           0.01%    passed     99.45%
 213  MK796168|AS201600070|strix_nebulosa|nld|2016-09-13                                          0.01%    passed     99.64%
 214  MN122213|AS201700248|turdus_merula|nl_zh_hg|2017-09-20                                      0.01%    passed     99.37%
 215  MT133690|UV/BlackBird/Sweden/SVA190801SZ0368/VLT001567/2019|turdus_merula|swe|2019-08-01    0.01%    passed     99.78%
 216  KY199558|NA|turdus_merula|de_sn_de|2016                                                     0.01%    passed     98.65%
 217  KY426770|NA|turdus_merula|deu|2016-09-20                                                    0.01%    passed     99.75%
 218  KY426769|NA|turdus_merula|deu|2016-09-20                                                    0.01%    passed     99.44%
 219  KY426763|NA|turdus_merula|deu|2016-09-24                                                    0.01%    passed     99.64%
 220  KY426762|NA|turdus_merula|deu|2016-09-26                                                    0.01%    passed     99.81%
 221  KJ438775|NA|turdus_merula|deu|2011                                                          0.01%    passed     99.06%
 222  KJ438769|NA|turdus_merula|deu|2011                                                          0.01%    passed     99.44%
 223  KJ438772|NA|turdus_merula|deu|2011                                                          0.01%    passed     99.26%
 224  KJ438773|NA|turdus_merula|deu|2011                                                          0.01%    passed     99.44%
 225  KJ438770|NA|turdus_merula|deu|2011                                                          0.01%    passed     99.79%
 226  KJ438771|NA|turdus_merula|deu|2013                                                          0.01%    passed     99.45%
 227  KJ438779|NA|turdus_merula|deu|2012                                                          0.01%    passed     99.32%
 228  KJ438774|NA|turdus_merula|deu|2012                                                          0.01%    passed     98.71%
 229  KY426751|NA|turdus_pilaris|deu|2015-09-01                                                   0.01%    passed     98.84%
 230  KJ438776|NA|turdus_merula|deu|2011                                                          0.01%    passed     99.14%
 231  KJ438777|NA|turdus_merula|deu|2011                                                          0.01%    passed     99.77%
 232  KJ438768|NA|culex_sp|deu|2013                                                               0.01%    passed     98.43%
 233  KJ438778|NA|turdus_merula|deu|2011                                                          0.01%    passed     99.56%
 234  KJ438767|NA|culex_sp|deu|2011                                                               0.01%    passed     99.38%
 235  OP555956|NA|strix_nebulosa|bel|2017-07-10                                                   0.01%    passed     99.83%
 236  KY426760|NA|turdus_merula|deu|2016-09-29                                                    0.01%    passed     99.78%
 237  KJ438780|NA|turdus_merula|deu|2011                                                          0.01%    passed     99.31%
 238  KJ438781|NA|turdus_merula|deu|2011                                                          0.01%    passed     98.28%
 239  MN122215|AS201800038|turdus_merula|nl_fr_ty|2017-09-11                                      0.01%    passed     98.94%
 240  OP555957|NA|turdus_merula|bel|2017-07-24                                                    0.02%    passed     99.76%
 241  MN122198|AS201700109|turdus_merula|nl_ge_ed|2017-07-25                                      0.01%    passed     99.47%
 242  KJ438754|NA|turdus_merula|deu|2012                                                          0.01%    passed     99.35%
 243  MN122229|AS201800097|turdus_merula|nl_gr|2018-08-03                                         1.00%    passed     98.97%
 244  MT580899|NA|strix_nebulosa|de_ni_ha|2018                                                    0.01%    passed     99.78%
 245  KY263624|NA|turdus_merula|be_lg|2016-10                                                     0.01%    passed     99.14%
 246  KJ438764|NA|turdus_merula|deu|2012                                                          0.01%    passed     99.39%
 247  KX601691|USUV-HautRhin7316/France/2015|turdus_merula|fr_hr|2015-08-05                       0.01%    passed     98.56%
 248  MN122196|AS201700103|turdus_merula|nl_nb_bt|2017-07-19                                      0.01%    passed     98.61%
 249  MN122152|AS201600060|turdus_merula|nl_ge|2016-09-12                                         0.01%    passed     99.44%
 250  MN122203|AS201700127|turdus_merula|nld|2017-07-30                                           0.01%    passed     99.60%
 251  MN122192|AS201700086|turdus_merula|nl_nb_bs|2017-07-11                                      0.01%    passed     99.65%
 252  KY263626|NA|turdus_merula|be_lg|2016-09                                                     0.01%    passed     99.70%
 253  MN122189|AS201700077|turdus_merula|nl_nb_bs|2017-07-03                                      0.01%    passed     98.76%
 254  MN122188|AS201700024|turdus_merula|nl_ge_wv|2017-04-11                                      0.01%    passed     99.60%
 255  MN122174|AS201600241|turdus_merula|nl_dr|2016-09-27                                         0.01%    passed     99.39%
 256  KY426755|NA|turdus_merula|deu|2016-09-19                                                    0.01%    passed     99.54%
 257  KY426756|NA|turdus_merula|deu|2016-09-23                                                    0.01%    passed     99.16%
 258  OP555958|NA|turdus_merula|bel|2017-08-07                                                    0.01%    passed     99.14%
 259  MN122158|AS201600104|turdus_merula|nl_ov_ra|2016-09-22                                      0.01%    passed     98.95%
 260  MK230890|NA|turdus_merula|be_bw|2017-08                                                     0.01%    passed     99.30%
 261  MN122177|AS201600253|turdus_merula|nl_li_la|2016-09-27                                      0.01%    passed     99.79%
 262  MN122235|AS201800112|turdus_merula|nl_nb_bo|2018-08-14                                      0.01%    passed     98.87%
 263  KJ438748|NA|turdus_merula|deu|2012                                                          0.01%    passed     99.32%
 264  KY426752|NA|turdus_merula|deu|2015-08-18                                                    0.01%    passed     98.99%
 265  KJ438706|NA|culex_sp|deu|2011                                                               0.01%    passed     99.17%
 266  KJ438714|NA|turdus_merula|deu|2011                                                          0.01%    passed     98.99%
 267  KJ438711|NA|turdus_merula|deu|2011                                                          0.01%    passed     98.99%
 268  KJ438707|NA|culex_sp|deu|2011                                                               0.01%    passed     99.17%
 269  KJ438708|NA|culex_pipiens|deu|2011                                                          0.01%    passed     99.44%
 270  KJ438715|NA|passer_domesticus|deu|2011                                                      0.01%    passed     99.43%
 271  KJ438732|NA|turdus_merula|deu|2011                                                          0.01%    passed     99.17%
 272  KY426750|NA|turdus_merula|deu|2015-10-07                                                    0.01%    passed     99.14%
 273  KJ438710|NA|turdus_merula|deu|2011                                                          0.01%    passed     99.16%
 274  KJ438709|NA|culex_sp|deu|2012                                                               0.01%    passed     98.64%
 275  KJ438713|NA|turdus_merula|deu|2011                                                          0.01%    passed     99.32%
 276  KJ438720|NA|turdus_merula|deu|2011                                                          0.01%    passed     99.55%
 277  KJ438733|NA|turdus_merula|deu|2012                                                          0.01%    passed     98.99%
 278  KY426753|NA|turdus_merula|deu|2015-08-18                                                    0.01%    passed     99.29%
 279  KJ438712|NA|turdus_merula|deu|2011                                                          0.01%    passed     99.17%
 280  KJ438716|NA|culex_sp|deu|2012                                                               0.01%    passed     99.13%
 281  KJ438717|NA|turdus_merula|deu|2012                                                          0.01%    passed     99.13%
 282  KJ438719|NA|turdus_merula|deu|2011                                                          0.01%    passed     99.43%
 283  HE599647|BH65/11-02-03|turdus_merula|de_bw_mn|2011-09-10                                    0.01%    passed     99.44%
 284  KJ438734|NA|sturnus_vulgaris|deu|2011                                                       0.01%    passed     98.36%
 285  KJ438731|NA|turdus_merula|deu|2011                                                          0.01%    passed     99.32%
 286  KJ859683|BAT2USUTU-BNI|pipistrellus_pipistrellus|deu|2013                                   0.01%    passed     99.17%
 287  KY426766|NA|turdus_merula|deu|2016-10-11                                                    0.01%    passed     99.30%
 288  KJ438755|NA|turdidae_sp|deu|2011                                                            0.01%    passed     99.29%
 289  KJ438743|NA|turdus_merula|deu|2011                                                          0.01%    passed     98.79%
 290  KJ438721|NA|culex_sp|deu|2011                                                               0.01%    passed     99.02%
 291  KJ438735|NA|turdus_merula|deu|2012                                                          0.01%    passed     99.55%
 292  KJ438722|NA|turdus_merula|deu|2012                                                          0.01%    passed     98.61%
 293  KJ438728|NA|turdus_merula|deu|2011                                                          0.01%    passed     98.64%
 294  KJ438729|NA|turdus_merula|deu|2012                                                          0.01%    passed     99.24%
 295  KJ438718|NA|culex_sp|deu|2011                                                               0.01%    passed     99.43%
 296  KJ438741|NA|turdus_merula|deu|2013                                                          0.01%    passed     98.41%
 297  KJ438738|NA|turdus_merula|deu|2011                                                          0.01%    passed     99.64%
 298  KJ438736|NA|culex_sp|deu|2012                                                               0.01%    passed     99.14%
 299  KJ438705|NA|culex_pipiens|deu|2010                                                          0.01%    passed     98.97%
 300  KJ438730|NA|turdus_merula|deu|2011                                                          0.01%    passed     99.42%
 301  KJ438723|NA|turdus_merula|deu|2011                                                          0.01%    passed     99.29%
 302  KJ438724|NA|turdus_merula|deu|2011                                                          0.01%    passed     99.16%
 303  KJ438727|NA|turdus_merula|deu|2011                                                          0.01%    passed     99.61%
 304  KJ438725|NA|turdus_merula|deu|2011                                                          0.01%    passed     99.17%
 305  KJ438726|NA|turdus_merula|deu|2011                                                          0.01%    passed     99.17%
 306  KJ438742|NA|turdus_merula|deu|2013                                                          0.01%    passed     99.32%
 307  KJ438744|NA|turdus_merula|deu|2012                                                          0.01%    passed     99.25%
 308  KJ438753|NA|turdus_merula|deu|2011                                                          0.01%    passed     98.95%
 309  KJ438737|NA|culex_torrentium|deu|2011                                                       0.01%    passed     98.56%
 310  KY426759|NA|turdus_merula|deu|2016-09-12                                                    0.01%    passed     99.14%
 311  KJ438760|NA|turdus_merula|deu|2011                                                          0.01%    passed     98.42%
 312  KJ438739|NA|turdus_merula|deu|2013                                                          0.01%    passed     99.42%
 313  KJ438750|NA|turdus_merula|deu|2011                                                          0.01%    passed     99.30%
 314  KJ438747|NA|turdus_merula|deu|2012                                                          0.01%    passed     99.68%
 315  KJ438740|NA|turdus_merula|deu|2011                                                          0.01%    passed     98.85%
 316  KJ859682|BAT1USUTU-BNI|pipistrellus_pipistrellus|deu|2013                                   0.01%    passed     99.54%
 317  KJ438749|NA|turdus_merula|deu|2012                                                          0.01%    passed     99.54%
 318  KJ438746|NA|turdus_merula|deu|2011                                                          0.01%    passed     99.53%
 319  KJ438752|NA|turdus_merula|deu|2011                                                          0.01%    passed     99.39%
 320  KX601690|USUV-HautRhin7315/France/2015|turdus_merula|fr_hr|2015-08-10                       0.01%    passed     99.51%
 321  KJ438758|NA|turdus_merula|deu|2013                                                          0.01%    passed     99.29%
 322  KJ438745|NA|turdus_merula|deu|2011                                                          0.01%    passed     99.60%
 323  KJ438757|NA|turdus_merula|deu|2013                                                          0.01%    passed     99.45%
 324  KJ438765|NA|turdus_merula|deu|2011                                                          0.01%    passed     99.42%
 325  KJ438751|NA|turdus_merula|deu|2011                                                          0.01%    passed     99.77%
 326  KJ438756|NA|turdus_merula|deu|2011                                                          0.01%    passed     99.17%
 327  KJ438759|NA|turdus_merula|deu|2011                                                          0.01%    passed     99.78%
 328  KJ438761|NA|turdus_merula|deu|2011                                                          0.01%    passed     99.63%
 329  KJ438766|NA|turdus_merula|deu|2012                                                          0.01%    passed     98.61%
 330  KJ438763|NA|turdus_merula|deu|2012                                                          0.01%    passed     99.35%
 331  MN122176|AS201600247|turdus_merula|nl_ze_te|2016-09-30                                      0.01%    passed     99.45%
 332  MN122170|AS201600197|turdus_merula|nl_ze_re|2016-10-11                                      0.01%    passed     99.55%
 333  MN122154|AS201600089|turdus_merula|nl_nb_hs|2016-09-20                                      0.01%    passed     99.68%
 334  KY426767|NA|turdus_merula|deu|2016-10-14                                                    0.01%    passed     99.14%
 335  KY426768|NA|turdus_merula|deu|2016-10-12                                                    0.01%    passed     98.79%
 336  KJ438762|NA|turdus_merula|deu|2011                                                          0.01%    passed     99.40%
 337  KX977447|NA|turdus_merula|bel|2016-09                                                       0.62%    passed     99.72%
 338  MN122172|AS201600221|turdus_merula|nl_ut_ut|2016-09-22                                      0.01%    passed     99.49%
 339  MN122181|AS201600277|turdus_merula|nl_ut_ut|2016-09-27                                      0.01%    passed     99.39%
 340  MK796169|AS201600083|strix_nebulosa|nld|2016-09-20                                          0.01%    passed     99.25%
 341  MN122179|AS201600268|turdus_merula|nl_ge_ed|2016-09-30                                      0.01%    passed     99.25%
 342  MK230892|NA|turdus_merula|be_lg|2017-08                                                     0.01%    passed     99.54%
 343  KY128481|Snebulosa-7890/Fra/2016|strix_nebulosa|fr_ap|2016-09-22                            0.07%    passed     99.80%
 344  NA|22VIR7086-3|turdus_merula|it_ve|2022-07-18                                               0.00%    passed     99.94%
 345  NA|22VIR8404-2|turdus_merula|it_ud|2022-09-01                                               0.00%    passed     99.85%
 346  KU573073|229615-1/2013|culex_pipiens|it_bs|2013                                             0.01%    passed     99.78%
 347  KX816653|206795-3/2012|culex_pipiens|ita|2012-09                                            0.01%    passed     99.95%
 348  KX555629|NA|turdus_merula|ita|2015                                                          0.01%    passed     99.28%
 349  MK230893|NA|turdus_merula|be_lg|2017-08                                                     0.01%    passed     99.88%
 350  KC754955|HB81P08|homo_sapiens|caf|1981                                                      0.01%    passed     97.47%
 351  KC754956|ArD101291|culex_univittatus|sn_lg|1993                                             0.01%    passed     94.69%
 352  MG461306|USUV_269m_Israel15_USUTU_|culex_perexiguus|isr|2015-06-30                          0.01%    passed     99.95%
 353  MG461307|USUV_569m_Israel15_USUTU_|culex_pipiens|isr|2015-09-08                             0.01%    passed     99.96%
 354  MG461313|USUV_550m_Israel15_USUTU_|culex_perexiguus|isr|2015-09-08                          0.01%    passed     99.90%
 355  MG461308|USUV_593m_Israel15_USUTU_|aedes_albopictus|isr|2015-09-21                          0.01%    passed     99.86%
 356  KC754957|ArD192495|culex_neavei|sn_lg|2007                                                  0.01%    passed     99.66%
 357  MG461309|USUV_100m_Israel04_USUTU_|culex_pipiens|isr|2004-07-14                             0.01%    passed     99.64%
 358  MG461310|USUV_269m_Israel04_USUTU_|culex_perexiguus|isr|2004-08-24                          0.01%    passed     99.52%
 359  MG461311|USUV_341m_Israel04_USUTU_|culex_pipiens|isr|2004-09-23                             0.01%    passed     99.62%
 360  MG461312|USUV_355m_Israel04_USUTU_|culex_perexiguus|isr|2004-09-27                          0.01%    passed     99.66%
 361  MT241508|UG09615|culex_univittatus|ug_ji|2012-02                                            0.01%    passed     98.13%
 362  MN813491|UG09615|culex_univittatus|uga|2012                                                 0.01%    passed     97.97%
 363  ON755214|Turdusmerula12_feather_2W1L_Day0|turdus_merula|nld|2016                            0.01%    passed     96.96%
 364  ON755218|Turdusmerula16_feather_WLC_Day0|turdus_merula|nld|2016                             1.23%    passed     93.37%
 365  MN122245|AS201800125|turdus_merula|nl_dr_we|2018-08-22                                      0.01%    passed     96.60%
 366  MN122220|AS201800087|turdus_merula|nl_ov_wi|2018-08-01                                      0.01%    passed     97.29%
 367  MN122246|AS201800126|turdus_merula|nl_ov_hd|2018-08-22                                      0.01%    passed     98.67%
 368  MN122244|AS201800123|turdus_merula|nl_fr_ty|2018-08-21                                      0.01%    passed     98.22%
 369  KY426761|NA|turdus_merula|deu|2016-09-04                                                    0.01%    passed     97.37%
 370  KM659877|NA|turdus_merula|de_nw_bn|2014                                                     0.01%    passed     97.65%
 371  KY426765|NA|turdus_merula|deu|2016-09-30                                                    0.01%    passed     96.34%
 372  MN122156|AS201600098|turdus_merula|nl_nb_ud|2016-09-21                                      0.01%    passed     95.84%
 373  MT795154|NA|turdus_merula|deu|2016                                                          0.01%    passed     95.84%
 374  MN122185|AS201600284|turdus_merula|nl_nb_os|2016-10-03                                      0.01%    passed     95.84%
 375  MN122236|AS201800113|turdus_merula|nld|2018-08-14                                           0.01%    passed     96.23%
 376  MN122164|AS201600124|turdus_merula|nl_ge_wv|2016-09-23                                      0.01%    passed     94.84%
 377  MN122211|AS201700186|turdus_merula|nl_zh_zd|2017-09-13                                      0.01%    passed     94.84%
 378  MN122162|AS201600118|turdus_merula|nl_ut_ut|2016-09-22                                      0.01%    passed     94.83%
 379  MN122187|AS201600287|turdus_merula|nl_nb_ln|2016-09-27                                      0.01%    passed     96.24%
 380  MN122145|AS201600034|turdus_merula|nl_li_ge|2016-09-01                                      0.01%    passed     96.62%
 381  PQ041659|USUV_TM_Netherlands_2016|NA|nld|2020                                               0.01%    passed     95.49%
 382  MT188658|NA|turdus_merula|nld|2016                                                          0.01%    passed     95.02%
 383  MH891847|AS201600045|turdus_merula|nld|2016-09-07                                           0.02%    passed     95.27%
 384  MN813490|TMNetherlands|turdus_merula|nld|2016                                               0.01%    passed     95.88%
 385  MN122148|AS201600045|turdus_merula|nl_nb_sr|2016-09-07                                      0.01%    passed     94.46%
 386  MN122249|AS201800129|turdus_merula|nl_ge_lo|2018-08-23                                      0.01%    passed     94.83%
 387  MN122175|AS201600244|turdus_merula|nl_ge_zu|2016-09-27                                      0.01%    passed     95.84%
 388  MN122230|AS201800099|turdus_merula|nl_fl_no|2018-08-07                                      0.01%    passed     95.02%
 389  MN122254|AS201800155|turdus_merula|nl_nh_hh|2018-08-31                                      0.01%    passed     93.01%
 390  MN122227|AS201800094|turdus_merula|nl_ut_ut|2018-08-03                                      0.01%    passed     96.93%
 391  MN122224|AS201800091|turdus_merula|nl_ge_er|2018-08-02                                      0.01%    passed     94.48%
 392  MN122240|AS201800118|turdus_merula|nld|2018-08-16                                           0.01%    passed     98.64%
 393  MN122186|AS201600286|turdus_merula|nl_nb_os|2016-09-28                                      0.01%    passed     96.81%
 394  MN122201|AS201700121|turdus_merula|nl_dr_dw|2017-08-01                                      0.01%    passed     97.58%
 395  MN122182|AS201600280|turdus_merula|nl_ge_bu|2016-09-26                                      0.01%    passed     97.17%
 396  ON755217|Turdusmerula15_feather_WLC_Day0|turdus_merula|nld|2016                             1.23%    passed     93.78%
 397  MN122232|AS201800101|turdus_merula|nl_dr_ty|2018-08-07                                      0.01%    passed     98.59%
 398  MN122231|AS201800100|turdus_merula|nl_li_vl|2018-08-07                                      0.01%    passed     98.12%
 399  MN122163|AS201600121|turdus_merula|nl_ut_ut|2016-09-22                                      0.01%    passed     96.46%
 400  MN122169|AS201600173|turdus_merula|nl_ge_dt|2016-10-07                                      0.01%    passed     97.21%
 401  MN122206|AS201700155|turdus_merula|nl_fl_al|2017-08-10                                      0.01%    passed     95.82%
 402  OM202464|Greater_London_2021|turdus_merula|gbr|2021-09                                      0.01%    passed     96.66%
 403  MW001216|NA|turdus_merula|gbr|2020-07                                                       0.02%    passed     95.03%
 404  ON755209|Turdusmerula14_feather_WLC_Day43|turdus_merula|nld|2016                            1.23%    passed     88.68%
 405  ON755216|Turdusmerula14_feather_WLC_Day0|turdus_merula|nld|2016                             1.23%    passed     88.68%
 406  MN122233|AS201800102|turdus_merula|nl_dr_no|2018-08-09                                      0.01%    passed     97.93%
 407  MN122214|AS201700254|turdus_merula|nl_nh_hi|2017-09-22                                      0.01%    passed     92.91%
 408  MN122151|AS201600057|turdus_merula|nl_nb_cu|2016-09-08                                      0.01%    passed     96.97%
 409  NA|Blackbird_Cambridgeshire_2023_a|turdus_merula|gbr|2023-08                                0.00%    passed     96.85%
 410  NA|Blackbird_London_2022_a|turdus_merula|gbr|2022-09                                        0.00%    passed     96.70%
 411  NA|Blackbird_London_2022_b|turdus_merula|gbr|2022-09                                        0.00%    passed     96.37%
 412  MN122173|AS201600227|turdus_merula|nl_nh_hi|2016-09-30                                      0.01%    passed     99.53%
 413  MN122205|AS201700152|turdus_merula|nl_li_st|2017-07-19                                      0.01%    passed     99.40%
 414  MN122226|AS201800093|turdus_merula|nl_zh_ld|2018-08-03                                      0.01%    passed     99.40%
 415  MN122197|AS201700106|turdus_merula|nl_ut_ut|2017-07-25                                      0.01%    passed     99.00%
 416  MN122222|AS201800089|turdus_merula|nl_zh_rj|2018-08-02                                      0.01%    passed     99.00%
 417  MN122217|AS201800082|turdus_merula|nl_nh|2018-07-27                                         0.01%    passed     99.04%
 418  MN122199|AS201700112|turdus_merula|nl_ge_ed|2017-07-27                                      0.01%    passed     98.66%
 419  MN122209|AS201700174|turdus_merula|nl_ut_ut|2017-08-29                                      0.01%    passed     98.85%
 420  MN122242|AS201800121|turdus_merula|nl_fr_he|2018-08-17                                      0.01%    passed     98.85%
 421  MN122147|AS201600042|turdus_merula|nl_li_vl|2016-09-07                                      0.01%    passed     99.65%
 422  MN122193|AS201700087|turdus_merula|nl_ge_zu|2017-07-11                                      0.01%    passed     99.45%
 423  MN122153|AS201600062|turdus_merula|nl_ge_ov|2016-09-13                                      0.01%    passed     99.43%
 424  MN122184|AS201600283|turdus_merula|nl_nb_os|2016-09-27                                      0.01%    passed     99.45%
 425  KY128482|Snebulosa-6004/NL/2016|strix_nebulosa|nl_li_kr|2016-09                             0.01%    passed     99.43%
 426  MN122247|AS201800127|turdus_merula|nl_ge_bu|2018-08-22                                      0.01%    passed     99.55%
 427  MN122149|AS201600048|turdus_merula|nl_nb_sr|2016-09-07                                      0.01%    passed     99.65%
 428  MN122195|AS201700096|turdus_merula|nl_nb_sh|2017-07-14                                      0.01%    passed     99.60%
 429  MN122161|AS201600115|turdus_merula|nl_ut_ut|2016-09-22                                      0.01%    passed     98.87%
 430  MN122239|AS201800116|turdus_merula|nl_ge_bu|2018-08-16                                      0.01%    passed     99.22%
 431  ON755220|Turdusmerula19_feather_WLC_Day0|turdus_merula|nld|2016                             0.01%    passed     99.33%
 432  ON755211|Turdusmerula19_feather_WLC_Day43|turdus_merula|nld|2016                            1.23%    passed     97.58%
 433  MN122165|AS201600127|turdus_merula|nl_ov_dv|2016-09-23                                      0.01%    passed     98.82%
 434  MN122150|AS201600051|turdus_merula|nl_li_ge|2016-09-07                                      0.01%    passed     99.33%
 435  MN122208|AS201700170|turdus_merula|nl_fl_al|2017-08-25                                      0.01%    passed     99.44%
 436  MN122241|AS201800120|turdus_merula|nl_ut_ut|2018-08-17                                      0.01%    passed     98.85%
 437  ON755210|Turdusmerula17_feather_WLC_Day43|turdus_merula|nld|2016                            1.23%    passed     97.24%
 438  MN122202|AS201700124|turdus_merula|nl_ge_ed|2017-08-01                                      0.01%    passed     99.33%
 439  MN122160|AS201600110|turdus_merula|nl_nb_ln|2016-09-22                                      0.01%    passed     99.01%
 440  MN122219|AS201800086|turdus_merula|nl_ge_el|2018-08-01                                      0.01%    passed     99.31%
 441  MN122228|AS201800095|turdus_merula|nl_ge_el|2018-08-06                                      0.01%    passed     99.01%
 442  MN122234|AS201800103|turdus_merula|nl_ov_ra|2018-08-10                                      0.01%    passed     98.44%
 443  MN122180|AS201600274|turdus_merula|nld|2016-09-27                                           0.01%    passed     97.89%
 444  MN122155|AS201600095|turdus_merula|nl_li_bk|2016-09-21                                      0.01%    passed     97.41%
 445  MN122194|AS201700090|turdus_merula|nl_ge_dt|2017-07-13                                      0.01%    passed     98.40%
 446  MN122243|AS201800122|turdus_merula|nl_fr_ty|2018-08-21                                      0.01%    passed     98.21%
 447  MN122237|AS201800114|turdus_merula|nl_fl_no|2018-08-15                                      0.01%    passed     97.04%
 448  MN122218|AS201800084|turdus_merula|nl_gr|2018-07-31                                         0.01%    passed     98.64%
 449  MN122204|AS201700130|turdus_merula|nl_fl_le|2017-08-16                                      0.01%    passed     98.58%
 450  MN122183|AS201600281|turdus_merula|nl_ut_wd|2016-09-25                                      0.01%    passed     99.11%
 451  MN122200|AS201700118|turdus_merula|nl_nh_hu|2017-08-03                                      0.01%    passed     98.21%
 452  MN122159|AS201600107|turdus_merula|nl_nb_zu|2016-09-22                                      0.01%    passed     99.33%
 453  MN122255|AS201800156|turdus_merula|nl_ut_ze|2018-08-31                                      0.01%    passed     99.70%
 454  MN122191|AS201700084|turdus_merula|nl_ut_ut|2017-07-05                                      0.01%    passed     99.55%
 455  MN122168|AS201600148|turdus_merula|nl_ut_ut|2016-09-23                                      0.01%    passed     99.33%
 456  MK230891|NA|turdus_merula|be_lg|2017-08                                                     0.01%    passed     99.64%
 457  ON755215|Turdusmerula13_feather_3W1L_Day0|turdus_merula|nld|2016                            0.17%    passed     98.69%
 458  ON755213|Turdusmerula11_feather_1W1L_Day0|turdus_merula|nld|2016                            1.23%    passed     97.20%
 459  ON755222|Turdusmerula13_feather_3W2L_Day43|turdus_merula|nld|2016                           1.23%    passed     97.20%
 460  MN122221|AS201800088|turdus_merula|nl_nb_os|2018-08-01                                      0.01%    passed     99.55%
 461  MN122252|AS201800152|turdus_merula|nl_nh_bl|2018-08-30                                      0.01%    passed     99.55%
 462  MN122253|AS201800154|turdus_merula|nl_ge_ol|2018-08-31                                      0.01%    passed     99.03%
 463  MN122256|AS201800157|turdus_merula|nl_dr_bo|2018-09-04                                      0.01%    passed     98.87%
 464  KY426754|NA|turdus_merula|deu|2015-09-09                                                    0.01%    passed     99.00%
 465  MN122178|AS201600265|turdus_merula|nl_ge_ed|2016-09-30                                      0.01%    passed     99.55%
 466  KY263625|NA|turdus_merula|be_ht|2016-10                                                     0.01%    passed     98.80%
 467  MN122157|AS201600101|turdus_merula|nl_li_bk|2016-09-22                                      0.01%    passed     99.64%
 468  MN122212|AS201700189|turdus_merula|nl_dr_ah|2017-09-14                                      0.01%    passed     99.29%
 469  MN122210|AS201700177|turdus_merula|nl_ge_ep|2017-09-15                                      0.01%    passed     99.18%
 470  MN122167|AS201600136|turdus_merula|nl_ge_ar|2016-09-23                                      0.01%    passed     99.40%
 471  KY426764|NA|turdus_merula|deu|2016-10-04                                                    0.01%    passed     99.17%
 472  MN122146|AS201600036|turdus_merula|nl_ge_ov|2016-09-06                                      0.01%    passed     97.82%
 473  MN122248|AS201800128|turdus_merula|nl_gr|2018-08-22                                         0.01%    passed     98.37%
 474  MN122250|AS201800150|turdus_merula|nl_nh_bl|2018-08-30                                      0.01%    passed     99.20%
 475  KY426757|NA|turdus_merula|deu|2016-09-23                                                    0.01%    passed     99.26%
 476  MN122251|AS201800151|turdus_merula|nl_nh_bl|2018-08-30                                      0.01%    passed     99.95%
 477  MN122216|AS201800081|turdus_merula|nl_nh|2018-07-27                                         0.01%    passed     98.42%
 478  MN122225|AS201800092|turdus_merula|nl_zh_rt|2018-08-02                                      0.01%    passed     99.14%
 479  MN122223|AS201800090|turdus_merula|nl_ge_er|2018-08-02                                      0.01%    passed     98.66%
 480  KY294723|S-1238|turdus_merula|deu|2016                                                      0.01%    passed     99.17%
 481  KY294722|S-1232|turdus_merula|deu|2016                                                      0.01%    passed     99.47%
 482  KY199557|NA|turdus_merula|de_sn_ll|2016                                                     0.01%    passed     99.72%
 483  MN122238|AS201800115|turdus_merula|nl_ge_bu|2018-08-15                                      0.01%    passed     98.87%
 484  MK419834|USU-BE-Scoter/2018|melanitta_nigra|bel|2018-08                                     0.01%    passed     97.22%
 485  OU674388|NA|turdus_merula|lux|2020                                                          0.02%    passed     99.55%
 486  MT863562|HauteVienne4997/France/2018|turdus_merula|fr_vn|2018-07-24                         0.01%    passed     99.68%
 487  ON755212|Turdusmerula20_feather_WLC_Day43|turdus_merula|nld|2016                            1.23%    passed     99.64%
 488  ON755221|Turdusmerula20_feather_WLC_Day0|turdus_merula|nld|2016                             1.23%    passed     99.64%
 489  MN813488|DakPM173701|culex_neavei|sen|2003                                                  0.02%    passed     98.95%
 490  KC754954|ArD19848|culex_perfuscus|sn_kg|1974                                                0.01%    passed     98.77%
 491  ON813227|SN2005_ArD_171185|culex_neavei|sn_lg|2005                                          0.15%    passed     98.27%
 492  ON813228|SN2005_ArD_173775|culex_neavei|sn_lg|2005                                          0.01%    passed     99.12%
 493  MN813492|SARR1776|culex_neavei|zaf|1959                                                     0.01%    passed     99.36%
 494  KU760915|NA|NA|esp|2010                                                                     0.01%    passed     99.59%
 495  MF374485|NA|homo_sapiens|zaf|1959-02-06                                                     0.01%    passed     99.35%
 496  MH727238|ROD_259466|mastomys_natalensis|sn_kg|2013-10-23                                    0.01%    passed     99.61%
 497  MH727240|CROC_259520|soricidae_sp|sn_kg|2013-10-23                                          0.01%    passed     99.48%
 498  MH727241|ROD_259524|mastomys_natalensis|sn_kg|2013-10-24                                    0.01%    passed     99.32%
 499  MH727239|ROD_259496|mastomys_natalensis|sn_kg|2013-10-23                                    0.01%    passed     98.98%
 500  MH727242|ROD_259552|rattus_rattus|sn_kg|2013-10-24                                          0.01%    passed     99.36%
 501  AY453412|NA|culex_neavei|zaf|1959                                                           0.01%    passed     99.48%
 502  KX268472|HU10279/09|culex_perexiguus|esp|2009                                               0.01%    passed     95.67%
 503  MN813489|HU10279-09|culex_perexiguus|esp|2009                                               0.01%    passed     96.07%
 504  KU664608|Usutu_Berlin|strix_nebulosa|de_be|2015-08-21                                       0.01%    passed     98.79%
 505  KY426758|NA|turdus_merula|deu|2016-09-25                                                    0.01%    passed     97.78%
 506  KY199556|NA|strix_nebulosa|de_st_ha|2016                                                    0.01%    passed     95.31%
 507  KX601692|USUV-Rhone2705/France/2015|turdus_merula|fr_rh|2015-09-23                          0.01%    passed     95.68%
 508  KF573410|NA|culex_pipiens|es_ct_br|2006-08-22                                               0.01%    passed     97.78%
 509  ON813235|ITA2021_300240|turdus_merula|ita|2021                                              0.13%    passed     99.98%
 510  KU573074|245735-8/2013|culex_pipiens|it_mo|2013                                             0.18%    passed     99.93%
 511  KU573076|201602-25/2014|culex_pipiens|it_re|2014                                            0.34%    passed     99.86%
 512  OR757496|1740423|NA|ita|2023-07-15                                                          0.38%    passed     99.98%
 513  ON813229|SN2005_ArD_173133|culex_neavei|sn_lg|2005                                          0.46%    passed     98.34%
 514  KX816646|200092/2010|turdus_merula|ita|2010-08                                              1.02%    passed     99.67%
 515  OR921101|2023TE1838411|culex_pipiens|ita|2023-09-08                                         0.60%    passed     99.88%
 516  OR921106|2023TE1699411|culex_pipiens|ita|2023-08-24                                         0.70%    passed     99.90%
 517  OR921099|2023TE1908111|turdus_merula|ita|2023-09-15                                         0.70%    passed     99.10%
 518  OP734249|NA|culex_pipiens|ita|2022-08-01                                                    0.91%    passed     99.96%
 519  OR921098|2023TE1683511|columba_palumbus|ita|2023-08-23                                      1.42%    passed     99.84%
 520  OR921105|2023TE1839111|phoenicurus_phoenicurus|ita|2023-09-08                               1.41%    passed     99.77%
 521  ON813226|SN2005_173459|culex_neavei|sn_lg|2005                                              1.42%    passed     98.67%
 522  OR757495|1740422|culex_pipiens|ita|2023-07-18                                               1.97%    passed     99.95%
 523  PP104384|TE2518112|culex_pipiens|ita|2023-09-22                                             3.55%    passed     99.58%
 524  OR921093|2023TE1639111|culex_pipiens|ita|2023-08-11                                         2.54%    passed     99.73%
 525  OP734257|NA|culex_pipiens|ita|2022-07-22                                                    2.20%    passed     99.15%
 526  OP734259|NA|culex_pipiens|ita|2022-07-25                                                    2.30%    passed     98.25%
 527  ON813225|SN2013_260237|culex_neavei|sn_lg|2013                                              2.54%    passed     98.41%
 528  OP734255|NA|culex_pipiens|ita|2022-07-27                                                    2.38%    passed     99.48%
 529  OP734248|NA|culex_pipiens|ita|2022-07-29                                                    2.37%    passed     99.17%
 530  ON813224|SN2016_286099|culex_poicilipes|sn_lg|2016                                          4.15%    passed     99.05%
 531  OR757490|17404210|culex_pipiens|ita|2023-07-11                                              2.42%    passed     99.17%
 532  OP734245|NA|culex_pipiens|ita|2022-07-01                                                    2.46%    passed     99.42%
 533  OR921097|2023TE1640411|culex_pipiens|ita|2023-08-11                                         2.40%    passed     99.61%
 534  PP104386|TE2518312|culex_pipiens|ita|2023-09-08                                             2.39%    passed     98.84%
 535  OR757488|1572124|culex_pipiens|ita|2023-07-06                                               2.40%    passed     99.99%
 536  PP104389|TE2518712|culex_pipiens|ita|2023-09-22                                             2.85%    passed     99.76%
 537  OR757489|1572126|culex_pipiens|ita|2023-07-07                                               2.41%    passed     99.73%
 538  OR757491|17404212|laridae_sp|ita|2023-07-20                                                 2.41%    passed     99.15%
 539  OR921095|2023TE1639211|culex_pipiens|ita|2023-08-11                                         2.42%    passed     99.19%
 540  OP734261|NA|culex_pipiens|ita|2022-07-08                                                    4.37%    passed     98.79%
 541  PP104385|TE2518212|culex_pipiens|ita|2023-09-22                                             2.41%    passed    100.00%
 542  ON813222|SN2016_288158|culex_neavei|sn_lg|2016                                              2.47%    passed     99.89%
 543  ON813221|SN2016_288129|culex_neavei|sn_lg|2016                                              2.45%    passed     99.73%
 544  OR921104|2023TE1838911|culex_pipiens|ita|2023-09-08                                         3.30%    passed     99.97%
 545  OR921096|2023TE1822511|turdus_merula|ita|2023-09-07                                         2.84%    passed     99.53%
 546  ON813236|305920/2021|culex_pipiens|ita|2021                                                 5.00%    passed     99.94%
****  TOTAL                                                                                       0.19%  0 sequences failed composition chi2 test (p-value<5%; df=3)
NOTE: MW164692|15pool1759|culex_pipiens|it_tv|2015-09-02 is identical to MW164690|15pool1564|culex_pipiens|it_ve|2015-08-17 but kept for subsequent analysis
NOTE: MW164723|17pool1688|culex_pipiens|it_ve|2017-08-16 is identical to MW164712|17pool1309|culex_pipiens|it_tv|2017-07-24 but kept for subsequent analysis
NOTE: MW164696|15VIR4781-43|turdus_merula|it_tv|2015-09-15 is identical to MW164695|15VIR4781-42|turdus_merula|it_tv|2015-09-15 but kept for subsequent analysis
NOTE: ON032475|ITA2020_123828|muscicapa_striata|it_fe|2020 is identical to ON032474|ITA2020_115108|culex_pipiens|it_re|2020 but kept for subsequent analysis
NOTE: KJ438717|NA|turdus_merula|deu|2012 is identical to KJ438716|NA|culex_sp|deu|2012 but kept for subsequent analysis
NOTE: KJ438726|NA|turdus_merula|deu|2011 is identical to KJ438725|NA|turdus_merula|deu|2011 but kept for subsequent analysis
NOTE: ON755216|Turdusmerula14_feather_WLC_Day0|turdus_merula|nld|2016 is identical to ON755209|Turdusmerula14_feather_WLC_Day43|turdus_merula|nld|2016 but kept for subsequent analysis
NOTE: ON755222|Turdusmerula13_feather_3W2L_Day43|turdus_merula|nld|2016 is identical to ON755213|Turdusmerula11_feather_1W1L_Day0|turdus_merula|nld|2016 but kept for subsequent analysis
NOTE: ON755221|Turdusmerula20_feather_WLC_Day0|turdus_merula|nld|2016 is identical to ON755212|Turdusmerula20_feather_WLC_Day43|turdus_merula|nld|2016 but kept for subsequent analysis

Creating fast initial parsimony tree by random order stepwise addition...
0.528 seconds, parsimony score: 5817 (based on 2919 sites)
Perform fast likelihood tree search using GTR+I+G model...
Estimate model parameters (epsilon = 5.000)
Perform nearest neighbor interchange...
Estimate model parameters (epsilon = 1.000)
1. Initial log-likelihood: -57941.188
Optimal log-likelihood: -57941.047
Rate parameters:  A-C: 0.90532  A-G: 8.68882  A-T: 1.28474  C-G: 0.21429  C-T: 26.66088  G-T: 1.00000
Base frequencies:  A: 0.270  C: 0.229  G: 0.283  T: 0.218
Proportion of invariable sites: 0.367
Gamma shape alpha: 0.815
Parameters optimization took 1 rounds (0.744 sec)
Time for fast ML tree search: 11.162 seconds

NOTE: ModelFinder requires 502 MB RAM!
ModelFinder will test up to 286 DNA models (sample size: 10306) ...
 No. Model         -LnL         df  AIC          AICc         BIC
  1  GTR+F         59633.261    1097 121460.522   121722.144   129403.330
  2  GTR+F+I       58126.018    1098 118448.037   118710.164   126398.085
  3  GTR+F+G4      57980.060    1098 118156.120   118418.247   126106.169
  4  GTR+F+I+G4    57940.895    1099 118079.790   118342.423   126037.079
  5  GTR+F+R2      57980.838    1099 118159.676   118422.309   126116.965
  6  GTR+F+R3      57978.098    1101 118158.196   118421.842   126129.966
 17  SYM+I+G4      58009.324    1096 118210.649   118471.765   126146.216
 30  TVM+F+I+G4    58338.890    1098 118873.780   119135.907   126823.828
 43  TVMe+I+G4     58258.463    1095 118706.927   118967.539   126635.254
 56  TIM3+F+I+G4   57984.378    1097 118162.756   118424.377   126105.564
 69  TIM3e+I+G4    58050.523    1094 118289.046   118549.154   126210.132
 82  TIM2+F+I+G4   57991.088    1097 118176.176   118437.797   126118.984
 95  TIM2e+I+G4    58055.130    1094 118298.261   118558.370   126219.348
108  TIM+F+I+G4    58008.926    1097 118211.852   118473.474   126154.660
121  TIMe+I+G4     58070.646    1094 118329.292   118589.400   126250.379
134  TPM3u+F+I+G4  58382.601    1096 118957.203   119218.320   126892.771
147  TPM3+F+I+G4   58382.601    1096 118957.203   119218.320   126892.771
160  TPM2u+F+I+G4  58393.577    1096 118979.155   119240.271   126914.722
173  TPM2+F+I+G4   58393.577    1096 118979.155   119240.271   126914.722
186  K3Pu+F+I+G4   58411.391    1096 119014.783   119275.899   126950.350
199  K3P+I+G4      58322.725    1093 118831.451   119091.056   126745.297
212  TN+F+I+G4     58016.819    1096 118225.639   118486.756   126161.207
225  TNe+I+G4      58078.355    1093 118342.709   118602.315   126256.556
238  HKY+F+I+G4    58419.289    1095 119028.578   119289.190   126956.905
251  K2P+I+G4      58330.366    1092 118844.733   119103.835   126751.338
264  F81+F+I+G4    62772.220    1094 127732.440   127992.549   135653.527
277  JC+I+G4       62568.940    1091 127319.879   127578.480   135219.245
Akaike Information Criterion:           GTR+F+I+G4
Corrected Akaike Information Criterion: GTR+F+I+G4
Bayesian Information Criterion:         GTR+F+I+G4
Best-fit model: GTR+F+I+G4 chosen according to BIC

All model information printed to USUV_2024Aug28_alldata_aligned_formatted_noFLI_nflg.fasta.model.gz
CPU time for ModelFinder: 1175.642 seconds (0h:19m:35s)
Wall-clock time for ModelFinder: 296.659 seconds (0h:4m:56s)
Generating 1000 samples for ultrafast bootstrap (seed: 785651)...

NOTE: 207 MB RAM (0 GB) is required!
Estimate model parameters (epsilon = 0.100)
Thoroughly optimizing +I+G parameters from 10 start values...
Init pinv, alpha: 0.000, 0.825 / Estimate: 0.000, 0.313 / LogL: -57980.074
Init pinv, alpha: 0.080, 0.825 / Estimate: 0.202, 0.487 / LogL: -57955.722
Init pinv, alpha: 0.159, 0.825 / Estimate: 0.323, 0.696 / LogL: -57943.798
Init pinv, alpha: 0.239, 0.825 / Estimate: 0.366, 0.812 / LogL: -57940.628
Init pinv, alpha: 0.319, 0.825 / Estimate: 0.364, 0.806 / LogL: -57941.090
Init pinv, alpha: 0.398, 0.825 / Estimate: 0.400, 0.932 / LogL: -57939.251
Init pinv, alpha: 0.478, 0.825 / Estimate: 0.468, 1.295 / LogL: -57939.053
Init pinv, alpha: 0.557, 0.825 / Estimate: 0.477, 1.356 / LogL: -57940.164
Init pinv, alpha: 0.637, 0.825 / Estimate: 0.478, 1.368 / LogL: -57941.095
Init pinv, alpha: 0.717, 0.825 / Estimate: 0.479, 1.371 / LogL: -57942.330
Optimal pinv,alpha: 0.468, 1.295 / LogL: -57939.053

Parameters optimization took 332.636 sec
Computing ML distances based on estimated model parameters... 30.017 sec
Computing BIONJ tree...
0.339 seconds
Log-likelihood of BIONJ tree: -58280.352
--------------------------------------------------------------------
|             INITIALIZING CANDIDATE TREE SET                      |
--------------------------------------------------------------------
Generating 98 parsimony trees... 16.175 second
Computing log-likelihood of 98 initial trees ... 14.574 seconds
Current best score: -57923.150

Do NNI search on 20 best initial trees
Estimate model parameters (epsilon = 0.100)
BETTER TREE FOUND at iteration 1: -57891.243
Estimate model parameters (epsilon = 0.100)
BETTER TREE FOUND at iteration 2: -57890.784
Estimate model parameters (epsilon = 0.100)
BETTER TREE FOUND at iteration 4: -57876.115
Iteration 10 / LogL: -57884.483 / Time: 0h:7m:19s
Iteration 20 / LogL: -57890.309 / Time: 0h:8m:29s
Finish initializing candidate tree set (20)
Current best tree score: -57876.115 / CPU time: 168.025
Number of iterations: 20
--------------------------------------------------------------------
|               OPTIMIZING CANDIDATE TREE SET                      |
--------------------------------------------------------------------
Estimate model parameters (epsilon = 0.100)
BETTER TREE FOUND at iteration 23: -57872.760
Iteration 30 / LogL: -57920.601 / Time: 0h:9m:28s (0h:30m:22s left)
Iteration 40 / LogL: -57883.251 / Time: 0h:10m:25s (0h:22m:12s left)
Iteration 50 / LogL: -57884.470 / Time: 0h:11m:20s (0h:16m:53s left)
Log-likelihood cutoff on original alignment: -57960.623
Iteration 60 / LogL: -57884.536 / Time: 0h:12m:22s (0h:13m:12s left)
Estimate model parameters (epsilon = 0.100)
BETTER TREE FOUND at iteration 61: -57871.005
Iteration 70 / LogL: -57890.672 / Time: 0h:13m:24s (0h:17m:41s left)
Iteration 80 / LogL: -57874.912 / Time: 0h:14m:27s (0h:14m:49s left)
Estimate model parameters (epsilon = 0.100)
BETTER TREE FOUND at iteration 84: -57870.587
Iteration 90 / LogL: -57871.369 / Time: 0h:15m:31s (0h:16m:23s left)
Iteration 100 / LogL: -57873.755 / Time: 0h:16m:28s (0h:13m:58s left)
Log-likelihood cutoff on original alignment: -57960.623
NOTE: Bootstrap correlation coefficient of split occurrence frequencies: 0.997
Iteration 110 / LogL: -57881.676 / Time: 0h:17m:32s (0h:14m:29s left)
Iteration 120 / LogL: -57904.814 / Time: 0h:18m:32s (0h:12m:28s left)
Iteration 130 / LogL: -57877.830 / Time: 0h:19m:31s (0h:10m:35s left)
Iteration 140 / LogL: -57875.940 / Time: 0h:20m:26s (0h:8m:49s left)
Iteration 150 / LogL: -57872.903 / Time: 0h:21m:23s (0h:7m:10s left)
Log-likelihood cutoff on original alignment: -57960.623
Iteration 160 / LogL: -57911.657 / Time: 0h:22m:22s (0h:5m:37s left)
Iteration 170 / LogL: -57923.045 / Time: 0h:23m:20s (0h:4m:8s left)
Iteration 180 / LogL: -57968.329 / Time: 0h:24m:19s (0h:2m:43s left)
TREE SEARCH COMPLETED AFTER 185 ITERATIONS / Time: 0h:24m:52s

--------------------------------------------------------------------
|                    FINALIZING TREE SEARCH                        |
--------------------------------------------------------------------
Performs final model parameters optimization
Estimate model parameters (epsilon = 0.010)
1. Initial log-likelihood: -57870.587
2. Current log-likelihood: -57870.573
3. Current log-likelihood: -57870.556
4. Current log-likelihood: -57870.537
5. Current log-likelihood: -57870.525
6. Current log-likelihood: -57870.510
7. Current log-likelihood: -57870.500
Optimal log-likelihood: -57870.487
Rate parameters:  A-C: 0.90185  A-G: 8.80860  A-T: 1.28969  C-G: 0.21380  C-T: 26.72310  G-T: 1.00000
Base frequencies:  A: 0.270  C: 0.229  G: 0.283  T: 0.218
Proportion of invariable sites: 0.460
Gamma shape alpha: 1.246
Parameters optimization took 7 rounds (5.479 sec)
BEST SCORE FOUND : -57870.487
Creating bootstrap support values...
Split supports printed to NEXUS file USUV_2024Aug28_alldata_aligned_formatted_noFLI_nflg.fasta.splits.nex
Collapsing near-zero internal branches... 216 collapsed
Total tree length: 0.582

Total number of iterations: 185
CPU time used for tree search: 4490.911 sec (1h:14m:50s)
Wall-clock time used for tree search: 1150.874 sec (0h:19m:10s)
Total CPU time used: 5873.567 sec (1h:37m:53s)
Total wall-clock time used: 1500.198 sec (0h:25m:0s)

Computing bootstrap consensus tree...
Reading input file USUV_2024Aug28_alldata_aligned_formatted_noFLI_nflg.fasta.splits.nex...
546 taxa and 6100 splits.
Consensus tree written to USUV_2024Aug28_alldata_aligned_formatted_noFLI_nflg.fasta.contree
Reading input trees file USUV_2024Aug28_alldata_aligned_formatted_noFLI_nflg.fasta.contree
Log-likelihood of consensus tree: -57875.092

Analysis results written to: 
  IQ-TREE report:                USUV_2024Aug28_alldata_aligned_formatted_noFLI_nflg.fasta.iqtree
  Maximum-likelihood tree:       USUV_2024Aug28_alldata_aligned_formatted_noFLI_nflg.fasta.treefile
  Likelihood distances:          USUV_2024Aug28_alldata_aligned_formatted_noFLI_nflg.fasta.mldist

Ultrafast bootstrap approximation results written to:
  Split support values:          USUV_2024Aug28_alldata_aligned_formatted_noFLI_nflg.fasta.splits.nex
  Consensus tree:                USUV_2024Aug28_alldata_aligned_formatted_noFLI_nflg.fasta.contree
  Screen log file:               USUV_2024Aug28_alldata_aligned_formatted_noFLI_nflg.fasta.log

Date and Time: Wed Aug 28 12:52:25 2024
