IQ-TREE multicore version 2.4.0 for MacOS Intel 64-bit built Feb 12 2025
Developed by Bui Quang Minh, Nguyen Lam Tung, Olga Chernomor, Heiko Schmidt,
Dominik Schrempf, Michael Woodhams, Ly Trong Nhan, Thomas Wong

Host:    S31-9YFL2JH7 (SSE4.2, 48 GB RAM)
Command: iqtree -s ../USUV_2025Jun24_alldata_aligned_formatted_noFLI_NFLG_subsampled.fasta -m GTR+F -czb -B 1000 -T AUTO
Seed:    161274 (Using SPRNG - Scalable Parallel Random Number Generator)
Time:    Fri Jul  4 11:47:12 2025
Kernel:  SSE2 - auto-detect threads (16 CPU cores detected)

Reading alignment file ../USUV_2025Jun24_alldata_aligned_formatted_noFLI_NFLG_subsampled.fasta ... Fasta format detected
Reading fasta file: done in 0.0577788 secs using 92.41% CPU
Alignment most likely contains DNA/RNA sequences
Alignment has 493 sequences with 10305 columns, 3193 distinct patterns
2055 parsimony-informative, 1081 singleton sites, 7169 constant sites
                                                                                         Gap/Ambiguity  Composition  p-value
Analyzing sequences: done in 0.000814915 secs using 919.2% CPU
   1  NA|20VIR5077|turdus_merula|IT|2020-08-21                                                   0.00%    passed     99.78%
   2  NA|23VIR9300|turdus_merula|IT|2023-10-01                                                   0.00%    passed     99.44%
   3  NA|23pool2067_23RS1943-143|culex_pipiens|IT|2023-08-24                                     0.00%    passed     99.55%
   4  NA|23pool1901_23RS1909-300|culex_pipiens|IT|2023-08-16                                     0.00%    passed     99.55%
   5  NA|23VIR8708|columbidae_sp|IT|2023-09-01                                                   0.01%    passed     99.15%
   6  MW164662|13pool5744|culex_pipiens|IT|2013-08-13                                            0.01%    passed     99.74%
   7  MW164681|14pool1703|culex_pipiens|IT|2014-09-23                                            0.03%    passed     99.70%
   8  MW164690|15pool1564|culex_pipiens|IT|2015-08-17                                            0.00%    passed     99.74%
   9  MW164697|16pool1634|culex_pipiens|IT|2016-07-20                                            0.00%    passed     99.82%
  10  MW164731|18pool1018|culex_pipiens|IT|2018-07-10                                            0.00%    passed     99.92%
  11  MW164729|17VIR8655-3|larus_michahellis|IT|2017-09-18                                       0.00%    passed     99.90%
  12  MW164748|18pool1442|culex_pipiens|IT|2018-07-31                                            0.01%    passed     99.86%
  13  MW164727|17VIR7761-4|sturnus_vulgaris|IT|2017-09-01                                        0.00%    passed     99.93%
  14  MW164728|17VIR7838-4|turdus_merula|IT|2017-08-30                                           0.00%    passed     99.92%
  15  MW164722|17pool1671|culex_pipiens|IT|2017-08-16                                            0.00%    passed     99.98%
  16  MW164709|17pool1191|culex_pipiens|IT|2017-07-17                                            0.01%    passed     99.78%
  17  MW164761|18pool1662|culex_pipiens|IT|2018-08-14                                            0.00%    passed     99.83%
  18  MW164686|15pool1335|culex_pipiens|IT|2015-08-03                                            0.00%    passed     99.67%
  19  MW164703|16pool2117|culex_pipiens|IT|2016-08-16                                            0.03%    passed     99.47%
  20  MW164734|18pool1141|culex_pipiens|IT|2018-07-17                                            0.00%    passed     99.67%
  21  MW164716|17pool1544|culex_pipiens|IT|2017-08-07                                            0.01%    passed     99.96%
  22  MW164754|18pool1556|culex_pipiens|IT|2018-08-07                                            0.00%    passed     99.96%
  23  MW164746|18pool1405|culex_pipiens|IT|2018-07-26                                            0.00%    passed    100.00%
  24  MW164715|17pool1525|culex_pipiens|IT|2017-08-07                                            0.00%    passed     99.84%
  25  MW164747|18pool1430|culex_pipiens|IT|2018-07-31                                            0.00%    passed     99.84%
  26  MW164760|18pool1660|culex_pipiens|IT|2018-08-14                                            0.01%    passed     99.93%
  27  MW164687|15pool1419|culex_pipiens|IT|2015-08-05                                            0.00%    passed     99.86%
  28  MW164691|15pool1751|culex_pipiens|IT|2015-09-02                                            0.00%    passed     99.98%
  29  MW164694|15VIR4781-31|turdus_iliacus|IT|2015-09-15                                         0.00%    passed     99.97%
  30  MW164743|18pool1267|culex_pipiens|IT|2018-07-19                                            0.00%    passed     99.97%
  31  MW164742|18pool1264|culex_pipiens|IT|2018-07-19                                            0.01%    passed     99.79%
  32  NA|20VIR4951|serinus_canaria|IT|2020-08-19                                                 0.00%    passed     99.87%
  33  MW164769|18pool948|culex_pipiens|IT|2018-07-06                                             0.00%    passed     99.68%
  34  MW164757|18pool1614|culex_pipiens|IT|2018-08-09                                            0.00%    passed     99.55%
  35  MW164770|18VIR7808-6|ciconia_ciconia|IT|2018-09-07                                         0.00%    passed     99.99%
  36  MW164739|18pool1261|culex_pipiens|IT|2018-07-19                                            0.01%    passed     99.97%
  37  MW164717|17pool1609|culex_pipiens|IT|2017-08-16                                            0.30%    passed     99.70%
  38  MW164765|18pool1832|culex_pipiens|IT|2018-08-28                                            0.00%    passed     99.55%
  39  NA|22VIR7086-3|turdus_merula|IT|2022-07-18                                                 0.00%    passed     99.83%
  40  NA|23pool1280_23RS1633-583|culex_pipiens|IT|2023-07-05                                     0.00%    passed     99.94%
  41  NA|23VIR8795|turdus_merula|IT|2023-08-23                                                   0.00%    passed     99.93%
  42  NA|23pool2138_23RS2497-1|culex_pipiens|IT|2023-11-13                                       0.00%    passed    100.00%
  43  NA|20VIR4811|serinus_canaria|IT|2020-08-10                                                 0.00%    passed     99.87%
  44  MW164753|18pool1523|culex_pipiens|IT|2018-08-02                                            0.16%    passed     99.91%
  45  MW164641|12pool1898|culex_pipiens|IT|2012-07-24                                            0.05%    passed     99.64%
  46  MW164670|13pool6472|culex_pipiens|IT|2013-09-05                                            0.00%    passed     99.49%
  47  MW164679|14pool1511|culex_pipiens|IT|2014-09-03                                            0.01%    passed     99.06%
  48  MW164640|11pool2444|culex_pipiens|IT|2011-09-21                                            0.01%    passed     99.69%
  49  MW164652|12pool2628|culex_pipiens|IT|2012-09-05                                            0.00%    passed     99.86%
  50  MW164663|13pool5778|culex_pipiens|IT|2013-08-13                                            0.01%    passed     99.64%
  51  MW164668|13pool6465|culex_pipiens|IT|2013-09-05                                            0.01%    passed     99.75%
  52  MW164676|14pool1478|culex_pipiens|IT|2014-09-02                                            0.01%    passed     98.44%
  53  MW164671|14pool1366|culex_pipiens|IT|2014-08-20                                            0.00%    passed     99.78%
  54  MW164682|14pool857|culex_pipiens|IT|2014-07-22                                             0.02%    passed     99.50%
  55  MW164673|14pool1394|culex_pipiens|IT|2014-08-26                                            0.01%    passed     99.84%
  56  MW164685|15pool1187|culex_pipiens|IT|2015-07-22                                            0.02%    passed     99.46%
  57  MW164711|17pool1252|culex_pipiens|IT|2017-07-19                                            0.02%    passed     99.09%
  58  MW164736|18pool1219|culex_pipiens|IT|2018-07-17                                            0.00%    passed     99.24%
  59  MW164707|16pool2571|culex_pipiens|IT|2016-09-14                                            0.01%    passed     99.76%
  60  MW164719|17pool1647|culex_pipiens|IT|2017-08-16                                            0.03%    passed     99.94%
  61  MW164764|18pool1795|culex_pipiens|IT|2018-08-23                                            0.00%    passed    100.00%
  62  MW164758|18pool1617|culex_pipiens|IT|2018-08-09                                            0.00%    passed     99.98%
  63  MW164745|18pool1398|culex_pipiens|IT|2018-07-26                                            0.02%    passed     99.98%
  64  MW164708|17pool103G|culex_pipiens|IT|2017-08-30                                            0.00%    passed     99.85%
  65  MW164771|18VIR7859-4|turdus_merula|IT|2018-09-07                                           0.00%    passed     99.87%
  66  MW164733|18pool1124|culex_pipiens|IT|2018-07-12                                            0.17%    passed     99.29%
  67  MW164714|17pool1493|culex_pipiens|IT|2017-08-02                                            0.00%    passed     99.49%
  68  MW164741|18pool1263|culex_pipiens|IT|2018-07-19                                            0.00%    passed     99.89%
  69  MW164724|17pool1709|culex_pipiens|IT|2017-08-17                                            0.38%    passed     99.55%
  70  KU573070|216606/2013|culex_pipiens|IT|2013                                                 0.00%    passed     99.92%
  71  KX816647|208576-8/2011|culex_pipiens|IT|2011-08                                            0.07%    passed     99.69%
  72  KX816648|220921-2/2011|culex_pipiens|IT|2011-09                                            0.88%    passed     97.17%
  73  MW164660|13pool5678|culex_pipiens|IT|2013-08-08                                            0.03%    passed    100.00%
  74  MW164664|13pool5827|culex_pipiens|IT|2013-08-13                                            0.01%    passed    100.00%
  75  KX816651|211204-8/2012|culex_pipiens|IT|2012-08                                            0.00%    passed     99.92%
  76  KX816650|211984-4/2012|culex_pipiens|IT|2012-08                                            0.00%    passed     99.95%
  77  KU573075|201602-24/2014|culex_pipiens|IT|2014                                              0.00%    passed     99.94%
  78  KX816652|211204-7/2012|culex_pipiens|IT|2012-08                                            0.00%    passed     99.61%
  79  ON032479|ITA2010_12543|turdus_merula|IT|2010                                               0.00%    passed     99.83%
  80  KX555625|NA|turdus_merula|IT|2010                                                          0.00%    passed     99.90%
  81  HM569263|NA|homo_sapiens|IT|2009-09-24                                                     0.00%    passed     99.63%
  82  MF991886|BD1/17-AT|homo_sapiens|AT|2017-07-24                                              0.00%    passed     99.97%
  83  KX555627|NA|turdus_merula|IT|2010                                                          0.00%    passed     99.93%
  84  KX555628|NA|turdus_merula|IT|2010                                                          0.00%    passed     99.99%
  85  KU573072|221034-3/2013|culex_pipiens|IT|2013                                               0.01%    passed     98.58%
  86  ON032477|ITA2018_17495|turdus_merula|IT|2018-08-17                                         0.00%    passed     99.93%
  87  OP734256|NA|culex_pipiens|IT|2022-07-29                                                    0.00%    passed     99.99%
  88  MF063042|AT-N211/16|turdus_merula|AT|2016-09-29                                            0.00%    passed     99.85%
  89  MF063043|HU-47540/16|turdus_merula|HU|2016-09-26                                           0.00%    passed    100.00%
  90  MW164637|11pool1989|culex_pipiens|IT|2011-08-23                                            0.04%    passed     99.70%
  91  MW164638|11pool2109|culex_pipiens|IT|2011-08-24                                            0.00%    passed     99.79%
  92  MW164650|12pool2586|culex_pipiens|IT|2012-08-23                                            0.01%    passed     99.78%
  93  MW164667|13pool6009|culex_pipiens|IT|2013-08-21                                            0.00%    passed     99.35%
  94  MW164656|12VIR6787-11|alauda_arvensis|IT|2012-09-03                                        0.00%    passed     99.83%
  95  MW164657|12VIR6787-9|alauda_arvensis|IT|2012-09-03                                         0.00%    passed     99.90%
  96  MW164646|12pool2249|culex_pipiens|IT|2012-08-07                                            0.00%    passed     99.66%
  97  MW164659|13pool5600|culex_pipiens|IT|2013-08-07                                            0.02%    passed     99.93%
  98  MW164649|12pool2412|culex_pipiens|IT|2012-08-22                                            0.00%    passed     99.53%
  99  MW164674|14pool1419|culex_pipiens|IT|2014-08-26                                            0.00%    passed     99.82%
 100  MW164698|16pool1777|culex_pipiens|IT|2016-07-25                                            0.00%    passed     99.73%
 101  MW164695|15VIR4781-42|turdus_merula|IT|2015-09-15                                          0.00%    passed     99.96%
 102  MW164705|16pool2336|culex_pipiens|IT|2016-08-29                                            0.01%    passed     99.67%
 103  MW164689|15pool1503|culex_pipiens|IT|2015-08-10                                            0.00%    passed     99.89%
 104  MW164702|16pool2106|culex_pipiens|IT|2016-08-16                                            0.00%    passed     99.99%
 105  MW164647|12pool2262|culex_pipiens|IT|2012-08-07                                            0.06%    passed     99.55%
 106  MW164677|14pool1489|culex_pipiens|IT|2014-09-02                                            0.00%    passed     99.23%
 107  MW164651|12pool2626|culex_pipiens|IT|2012-09-05                                            0.00%    passed     99.89%
 108  MW164666|13pool5999|culex_pipiens|IT|2013-08-21                                            0.02%    passed     99.93%
 109  JF266698|NA|turdus_merula|IT|2009                                                          0.00%    passed     99.66%
 110  JQ219843|NA|cyanistes_caeruleus|AT|2002-08-29                                              0.01%    passed     98.55%
 111  EF206350|Budapest|turdus_merula|HU|2005                                                    0.00%    passed     99.67%
 112  AY453411|NA|NA|AT|2001                                                                     0.00%    passed     98.45%
 113  MW164721|17pool1664|culex_pipiens|IT|2017-08-16                                            0.02%    passed     99.99%
 114  MT784898|NA|turdus_iliacus|IT|2017                                                         0.00%    passed     99.99%
 115  PP104383|TE2518012|culex_pipiens|IT|2023-08-02                                             0.00%    passed     99.90%
 116  OP734260|NA|culex_pipiens|IT|2022-07-08                                                    0.00%    passed    100.00%
 117  ON032482|ITA2021_304421|larus_michahellis|IT|2021-09-08                                    0.00%    passed    100.00%
 118  OR757492|17404213|culex_pipiens|IT|2023-07-24                                              0.00%    passed     99.94%
 119  OR757494|17404220|turdus_merula|IT|2023-07-24                                              0.02%    passed     99.94%
 120  MT784899|NA|turdus_merula|IT|2017                                                          0.03%    passed     99.78%
 121  PP104387|TE2518512|sturnus_vulgaris|IT|2023-09-13                                          0.00%    passed     99.95%
 122  PP104388|TE2518612|turdus_merula|IT|2023-09-22                                             0.00%    passed     99.93%
 123  NA|23VIR9292|turdus_merula|IT|2023-10-01                                                   0.00%    passed     99.90%
 124  OR921102|2023TE1908911|culex_pipiens|IT|2023-09-15                                         0.00%    passed     99.55%
 125  OP734253|NA|culex_pipiens|IT|2022-08-05                                                    0.02%    passed     99.98%
 126  ON032483|ITA2021_301597|turdus_merula|IT|2021-08-19                                        0.15%    passed     99.88%
 127  ON032480|ITA2021_305818|turdus_merula|IT|2021-09-30                                        0.00%    passed     99.94%
 128  ON032485|ITA2021_302331|turdus_merula|IT|2021                                              0.00%    passed     99.97%
 129  ON032474|ITA2020_115108|culex_pipiens|IT|2020                                              0.00%    passed    100.00%
 130  MW164738|18pool1258|culex_pipiens|IT|2018-07-19                                            0.00%    passed     99.99%
 131  ON032476|ITA2020_155885|turdus_merula|IT|2020                                              0.01%    passed     99.99%
 132  ON032486|ITA2021_310782|turdus_merula|IT|2021                                              0.00%    passed     99.91%
 133  ON032484|ITA2021_305812|columba_palumbus|IT|2021-09-10                                     0.25%    passed     99.99%
 134  OR921103|2023TE1683411|culex_pipiens|IT|2023-08-11                                         0.85%    passed     99.77%
 135  OP734254|NA|NA|IT|2022-08-08                                                               0.00%    passed     99.82%
 136  OR757493|17404216|culex_pipiens|IT|2023-07-15                                              0.00%    passed     99.88%
 137  OP734246|NA|culex_pipiens|IT|2022-07-29                                                    0.00%    passed     99.99%
 138  OR757497|1740425|culex_pipiens|IT|2023-07-16                                               0.01%    passed     99.98%
 139  OP734251|NA|culex_pipiens|IT|2022-08-01                                                    0.27%    passed     99.95%
 140  NA|22VIR8404-2|turdus_merula|IT|2022-09-01                                                 0.00%    passed     99.95%
 141  MN989418|Usutu/Goose/Italy/17917/2018|anatidae__duck_sp_|IT|2018-08-20                     0.00%    passed     99.86%
 142  NA|USUV-GR1439/2024|homo_sapiens|EL|2024-09-16                                             0.00%    passed     99.95%
 143  OP734252|NA|culex_pipiens|IT|2022-08-01                                                    0.67%    passed     99.94%
 144  NA|AS201700147|branta_ruficollis|NL|2017-08-14                                             0.00%    passed     98.20%
 145  NA|AS20190530|turdus_merula|NL|2019-08-19                                                  0.00%    passed     98.70%
 146  MN122166|AS201600133|turdus_merula|NL|2016-09-23                                           0.00%    passed     98.46%
 147  MN122190|AS201700080|turdus_merula|NL|2017-07-05                                           0.00%    passed     98.88%
 148  MK796168|AS201600070|strix_nebulosa|NL|2016-09-13                                          0.00%    passed     99.07%
 149  MN122213|AS201700248|turdus_merula|NL|2017-09-20                                           0.00%    passed     98.64%
 150  KY315178|Gracula_religiosa/U1609393/Belgium/2016|gracula_religiosa|BE|2016-10-03           0.00%    passed     98.70%
 151  NA|AS20221798|turdus_merula|NL|2022-08-30                                                  0.00%    passed     99.53%
 152  MT133690|UV/BlackBird/Sweden/SVA190801SZ0368/VLT001567/2019|turdus_merula|SE|2019-08-01    0.00%    passed     99.36%
 153  KX977447|NA|turdus_merula|BE|2016-09                                                       0.61%    passed     99.20%
 154  MN122152|AS201600060|turdus_merula|NL|2016-09-12                                           0.00%    passed     98.67%
 155  MN122196|AS201700103|turdus_merula|NL|2017-07-19                                           0.00%    passed     97.34%
 156  MN122203|AS201700127|turdus_merula|NL|2017-07-30                                           0.00%    passed     99.02%
 157  MN122158|AS201600104|turdus_merula|NL|2016-09-22                                           0.00%    passed     97.93%
 158  MN122235|AS201800112|turdus_merula|NL|2018-08-14                                           0.00%    passed     97.85%
 159  MN122177|AS201600253|turdus_merula|NL|2016-09-27                                           0.00%    passed     99.41%
 160  MN122174|AS201600241|turdus_merula|NL|2016-09-27                                           0.00%    passed     98.65%
 161  MN122188|AS201700024|turdus_merula|NL|2017-04-11                                           0.00%    passed     99.04%
 162  MN122189|AS201700077|turdus_merula|NL|2017-07-03                                           0.00%    passed     97.56%
 163  MN122192|AS201700086|turdus_merula|NL|2017-07-11                                           0.00%    passed     99.06%
 164  MN122198|AS201700109|turdus_merula|NL|2017-07-25                                           0.00%    passed     98.81%
 165  NA|20TV2299|turdus_merula|NL|2020-08-29                                                    0.00%    passed     98.81%
 166  MN122215|AS201800038|turdus_merula|NL|2017-09-11                                           0.00%    passed     97.86%
 167  KJ438764|NA|turdus_merula|DE|2012-07-17                                                    0.00%    passed     98.62%
 168  KY426753|NA|turdus_merula|DE|2015-08-18                                                    0.00%    passed     98.44%
 169  OP555958|NA|turdus_merula|BE|2017-08-07                                                    0.00%    passed     98.20%
 170  KY426755|NA|turdus_merula|DE|2016-09-19                                                    0.00%    passed     98.84%
 171  OP555957|NA|turdus_merula|BE|2017-07-24                                                    0.01%    passed     99.35%
 172  KY426756|NA|turdus_merula|DE|2016-09-23                                                    0.00%    passed     98.25%
 173  KY426759|NA|turdus_merula|DE|2016-09-12                                                    0.00%    passed     98.16%
 174  KJ438759|NA|turdus_merula|DE|2011-09-28                                                    0.00%    passed     99.34%
 175  KJ438705|NA|culex_pipiens|DE|2010-07-14                                                    0.00%    passed     97.90%
 176  KJ438708|NA|culex_pipiens|DE|2011-08-08                                                    0.00%    passed     98.67%
 177  KJ859683|BAT2USUTU-BNI|pipistrellus_pipistrellus|DE|2013-10-05                             0.00%    passed     98.22%
 178  KJ438730|NA|turdus_merula|DE|2011-09-14                                                    0.00%    passed     98.66%
 179  KJ438737|NA|culex_sp|DE|2011-08-21                                                         0.00%    passed     97.26%
 180  KJ438736|NA|culex_sp|DE|2012-09-01                                                         0.00%    passed     98.16%
 181  KJ438729|NA|turdus_merula|DE|2012-07-18                                                    0.00%    passed     98.36%
 182  KJ438738|NA|turdus_merula|DE|2011-09-16                                                    0.00%    passed     99.05%
 183  KJ438739|NA|turdus_merula|DE|2013-09-10                                                    0.00%    passed     98.66%
 184  KJ438741|NA|turdus_merula|DE|2013-08-26                                                    0.00%    passed     97.05%
 185  KJ859682|BAT1USUTU-BNI|pipistrellus_pipistrellus|DE|2013-09-21                             0.00%    passed     98.88%
 186  KJ438742|NA|turdus_merula|DE|2013-09-23                                                    0.00%    passed     98.47%
 187  KJ438744|NA|turdus_merula|DE|2012-06-23                                                    0.00%    passed     98.34%
 188  KJ438745|NA|turdus_merula|DE|2011-09-16                                                    0.00%    passed     99.02%
 189  KJ438746|NA|turdus_merula|DE|2011-09-27                                                    0.00%    passed     98.87%
 190  KJ438747|NA|turdus_merula|DE|2012-07-17                                                    0.00%    passed     99.18%
 191  KJ438748|NA|turdus_merula|DE|2012-07-23                                                    0.00%    passed     98.47%
 192  KJ438749|NA|turdus_merula|DE|2012-07-18                                                    0.00%    passed     98.84%
 193  KJ438750|NA|turdus_merula|DE|2011-09-14                                                    0.00%    passed     98.43%
 194  KJ438751|NA|turdus_merula|DE|2011-09-15                                                    0.00%    passed     99.34%
 195  KJ438752|NA|turdus_merula|DE|2011-09-15                                                    0.00%    passed     98.62%
 196  KJ438753|NA|turdus_merula|DE|2011-09-16                                                    0.00%    passed     97.90%
 197  KJ438754|NA|turdus_merula|DE|2012-09-18                                                    0.00%    passed     98.51%
 198  KJ438756|NA|turdus_merula|DE|2011-09-26                                                    0.00%    passed     98.24%
 199  KJ438757|NA|turdus_merula|DE|2013-08-26                                                    0.00%    passed     98.70%
 200  KJ438758|NA|turdus_merula|DE|2013-08-13                                                    0.00%    passed     98.44%
 201  KJ438761|NA|turdus_merula|DE|2011-09-15                                                    0.00%    passed     99.05%
 202  KJ438762|NA|turdus_merula|DE|2011-09-18                                                    0.00%    passed     98.67%
 203  KJ438763|NA|turdus_merula|DE|2012-07-17                                                    0.00%    passed     98.60%
 204  KJ438760|NA|turdus_merula|DE|2011-09-16                                                    0.00%    passed     97.08%
 205  MK230890|Villers/2017|turdus_merula|BE|2017-08                                             0.00%    passed     98.63%
 206  MN122170|AS201600197|turdus_merula|NL|2016-10-11                                           0.00%    passed     98.89%
 207  KY426766|NA|turdus_merula|DE|2016-10-11                                                    0.00%    passed     98.43%
 208  KY263624|NA|turdus_merula|BE|2016-10                                                       0.00%    passed     98.33%
 209  KY426770|NA|turdus_merula|DE|2016-09-20                                                    0.00%    passed     99.32%
 210  KY426769|NA|turdus_merula|DE|2016-09-20                                                    0.00%    passed     98.79%
 211  KY199558|NA|turdus_merula|DE|2016                                                          0.00%    passed     97.43%
 212  KJ438769|NA|turdus_merula|DE|2011-09-15                                                    0.00%    passed     98.70%
 213  KJ438770|NA|turdus_merula|DE|2011-09-15                                                    0.00%    passed     99.35%
 214  KJ438771|NA|turdus_merula|DE|2013-05-05                                                    0.00%    passed     98.69%
 215  KJ438773|NA|turdus_merula|DE|2011-09-29                                                    0.00%    passed     98.70%
 216  KJ438774|NA|turdus_merula|DE|2012-09-04                                                    0.00%    passed     97.50%
 217  KJ438775|NA|turdus_merula|DE|2011-09-16                                                    0.00%    passed     98.03%
 218  KJ438776|NA|turdus_merula|DE|2011-09-14                                                    0.00%    passed     98.16%
 219  KJ438777|NA|turdus_merula|DE|2011-09-14                                                    0.00%    passed     99.34%
 220  KJ438778|NA|turdus_merula|DE|2011-09-19                                                    0.00%    passed     98.88%
 221  KJ438768|NA|culex_sp|DE|2013-08-22                                                         0.00%    passed     97.11%
 222  KJ438767|NA|culex_sp|DE|2011-09-08                                                         0.00%    passed     98.58%
 223  KJ438779|NA|turdus_merula|DE|2012-07-12                                                    0.00%    passed     98.49%
 224  KY426751|NA|turdus_pilaris|DE|2015-09-01                                                   0.00%    passed     97.71%
 225  KY426762|NA|turdus_merula|DE|2016-09-26                                                    0.00%    passed     99.44%
 226  KY426760|NA|turdus_merula|DE|2016-09-29                                                    0.00%    passed     99.56%
 227  KJ438780|NA|turdus_merula|DE|2011-09-14                                                    0.00%    passed     98.47%
 228  KJ438781|NA|turdus_merula|DE|2011-09-26                                                    0.00%    passed     96.91%
 229  KJ438766|NA|turdus_merula|DE|2012-09-19                                                    0.00%    passed     97.34%
 230  MK230892|Richelle/2017|turdus_merula|BE|2017-08                                            0.00%    passed     98.84%
 231  KJ438765|NA|turdus_merula|DE|2011-09-15                                                    0.00%    passed     98.83%
 232  MN122172|AS201600221|turdus_merula|NL|2016-09-22                                           0.00%    passed     98.81%
 233  MN122179|AS201600268|turdus_merula|NL|2016-09-30                                           0.00%    passed     98.40%
 234  KX601691|USUV-HautRhin7316/France/2015|turdus_merula|FR|2015-08-05                         0.00%    passed     97.26%
 235  KX601690|USUV-HautRhin7315/France/2015|turdus_merula|FR|2015-08-10                         0.00%    passed     98.82%
 236  OP555956|NA|strix_nebulosa|BE|2017-07-10                                                   0.00%    passed     99.69%
 237  NA|17TV1446|turdus_merula|NL|2017-09-07                                                    0.00%    passed     98.30%
 238  KY426768|NA|turdus_merula|DE|2016-10-12                                                    0.00%    passed     97.61%
 239  KY128481|Snebulosa-7890/Fra/2016|strix_nebulosa|FR|2016-09-22                              0.06%    passed     99.62%
 240  MT580899|NA|strix_nebulosa|DE|2018                                                         0.00%    passed     99.30%
 241  KX816653|206795-3/2012|culex_pipiens|IT|2012-09                                            0.00%    passed     99.82%
 242  KU573073|229615-1/2013|culex_pipiens|IT|2013                                               0.00%    passed     99.43%
 243  KX555629|NA|turdus_merula|IT|2015                                                          0.00%    passed     98.75%
 244  MG888044|NA|culex_pipiens|RS|2014-08                                                       0.00%    passed     99.90%
 245  OR921100|2023TE1837011|culex_pipiens|IT|2023-09-08                                         1.18%    passed     98.23%
 246  MG461306|USUV_269m_Israel15_USUTU_|culex_perexiguus|IL|2015-06-30                          0.00%    passed    100.00%
 247  MG461307|USUV_569m_Israel15_USUTU_|culex_pipiens|IL|2015-09-08                             0.00%    passed     99.97%
 248  MG461308|USUV_593m_Israel15_USUTU_|aedes_albopictus|IL|2015-09-21                          0.00%    passed     99.97%
 249  MG461313|USUV_550m_Israel15_USUTU_|culex_perexiguus|IL|2015-09-08                          0.00%    passed     99.98%
 250  KC754957|ArD192495|culex_neavei|SN|2007                                                    0.00%    passed     99.66%
 251  MT241508|UG09615|culex_univittatus|UG|2012-02                                              0.00%    passed     97.04%
 252  MG461309|USUV_100m_Israel04_USUTU_|culex_pipiens|IL|2004-07-14                             0.00%    passed     99.10%
 253  MG461310|USUV_269m_Israel04_USUTU_|culex_perexiguus|IL|2004-08-24                          0.00%    passed     99.15%
 254  MG461312|USUV_355m_Israel04_USUTU_|culex_perexiguus|IL|2004-09-27                          0.00%    passed     99.36%
 255  KC754955|HB81P08|homo_sapiens|CF|1981                                                      0.00%    passed     96.19%
 256  KC754956|ArD101291|culex_univittatus|SN|1993                                               0.00%    passed     93.10%
 257  MN813492|SARR1776|culex_neavei|ZA|1959                                                     0.00%    passed     98.65%
 258  MH727238|ROD_259466|mastomys_natalensis|SN|2013-10-23                                      0.00%    passed     99.23%
 259  MH727239|ROD_259496|mastomys_natalensis|SN|2013-10-23                                      0.00%    passed     98.23%
 260  MH727240|CROC_259520|soricidae_sp|SN|2013-10-23                                            0.00%    passed     99.04%
 261  MH727241|ROD_259524|mastomys_natalensis|SN|2013-10-24                                      0.00%    passed     98.66%
 262  MH727242|ROD_259552|rattus_rattus|SN|2013-10-24                                            0.00%    passed     98.84%
 263  MN813488|DakPM173701|culex_neavei|SN|2003                                                  0.01%    passed     99.21%
 264  KC754954|ArD19848|culex_perfuscus|SN|1974                                                  0.00%    passed     98.98%
 265  KX268472|HU10279_09|culex_perexiguus|ES|2009                                               0.00%    passed     96.07%
 266  MN813489|HU10279-09|culex_perexiguus|ES|2009                                               0.00%    passed     96.72%
 267  KY426758|NA|turdus_merula|DE|2016-09-25                                                    0.00%    passed     97.91%
 268  KU664608|Usutu_Berlin|strix_nebulosa|DE|2015-08-21                                         0.00%    passed     98.81%
 269  KY199556|NA|strix_nebulosa|DE|2016                                                         0.00%    passed     95.66%
 270  KF573410|NA|culex_pipiens|ES|2006-08-22                                                    0.00%    passed     97.91%
 271  KX601692|USUV-Rhone2705/France/2015|turdus_merula|FR|2015-09-23                            0.00%    passed     96.18%
 272  MN122229|AS201800097|turdus_merula|NL|2018-08-03                                           0.99%    passed     98.12%
 273  PQ677887|Ar2|alectoris_rufa|PT|2023-11-05                                                  0.00%    passed     99.31%
 274  PP482815|AeDet2-batch3_Nansouty_2023-08-18|culex_sp|FR|2023-08-18                          0.00%    passed     99.67%
 275  KY294723|S-1238|turdus_merula|DE|2016                                                      0.00%    passed     99.63%
 276  KY294722|S-1232|turdus_merula|DE|2016                                                      0.00%    passed     99.80%
 277  KY199557|NA|turdus_merula|DE|2016                                                          0.00%    passed     99.94%
 278  MN122238|AS201800115|turdus_merula|NL|2018-08-15                                           0.00%    passed     99.47%
 279  MT863562|HauteVienne4997/France/2018|turdus_merula|FR|2018-07-24                           0.00%    passed     99.92%
 280  MK419834|USU-BE-Scoter/2018|melanitta_nigra|BE|2018-08                                     0.00%    passed     98.52%
 281  PQ041659|USUV_TM_Netherlands_2016|NA|NL|2020                                               0.00%    passed     97.30%
 282  MT188658|NA|turdus_merula|NL|2016                                                          0.00%    passed     96.96%
 283  NA|AS201800175|turdus_merula|NL|2018-08-22                                                 0.00%    passed     98.33%
 284  NA|16TV1045|turdus_merula|NL|2017-08-02                                                    0.00%    passed     99.08%
 285  NA|AS20190490|turdus_merula|NL|2019-08-27                                                  0.00%    passed     94.95%
 286  NA|AS20190438|gracula_religiosa|NL|2019-09-12                                              0.00%    passed     97.56%
 287  NA|18TV0475|turdus_merula|NL|2018-08-18                                                    0.00%    passed     96.84%
 288  NA|AS201700148|strix_nebulosa|NL|2017-07-31                                                0.00%    passed     98.36%
 289  MT795154|NA|turdus_merula|DE|2016-09-30                                                    0.00%    passed     97.54%
 290  KM659877|NA|turdus_merula|DE|2014-09-11                                                    0.00%    passed     98.78%
 291  KY426761|NA|turdus_merula|DE|2016-09-04                                                    0.00%    passed     98.60%
 292  MN122182|AS201600280|turdus_merula|NL|2016-09-26                                           0.00%    passed     98.50%
 293  MN122231|AS201800100|turdus_merula|NL|2018-08-07                                           0.00%    passed     99.11%
 294  MN122232|AS201800101|turdus_merula|NL|2018-08-07                                           0.00%    passed     99.39%
 295  MN122236|AS201800113|turdus_merula|NL|2018-08-14                                           0.00%    passed     97.81%
 296  MN122175|AS201600244|turdus_merula|NL|2016-09-27                                           0.00%    passed     97.54%
 297  MN122249|AS201800129|turdus_merula|NL|2018-08-23                                           0.00%    passed     96.82%
 298  MN122230|AS201800099|turdus_merula|NL|2018-08-07                                           0.00%    passed     96.96%
 299  MN122224|AS201800091|turdus_merula|NL|2018-08-02                                           0.00%    passed     96.55%
 300  MN122227|AS201800094|turdus_merula|NL|2018-08-03                                           0.00%    passed     98.33%
 301  MN122254|AS201800155|turdus_merula|NL|2018-08-31                                           0.00%    passed     95.45%
 302  MN122186|AS201600286|turdus_merula|NL|2016-09-28                                           0.00%    passed     98.25%
 303  MN122201|AS201700121|turdus_merula|NL|2017-08-01                                           0.00%    passed     98.77%
 304  MN122240|AS201800118|turdus_merula|NL|2018-08-16                                           0.00%    passed     99.42%
 305  MN122214|AS201700254|turdus_merula|NL|2017-09-22                                           0.00%    passed     95.28%
 306  MN122220|AS201800087|turdus_merula|NL|2018-08-01                                           0.00%    passed     98.57%
 307  MN122245|AS201800125|turdus_merula|NL|2018-08-22                                           0.00%    passed     98.10%
 308  MN122163|AS201600121|turdus_merula|NL|2016-09-22                                           0.00%    passed     98.00%
 309  MN122233|AS201800102|turdus_merula|NL|2018-08-09                                           0.00%    passed     98.99%
 310  MN122244|AS201800123|turdus_merula|NL|2018-08-21                                           0.00%    passed     99.14%
 311  MN122246|AS201800126|turdus_merula|NL|2018-08-22                                           0.00%    passed     99.43%
 312  MN122151|AS201600057|turdus_merula|NL|2016-09-08                                           0.00%    passed     98.35%
 313  MN122169|AS201600173|turdus_merula|NL|2016-10-07                                           0.00%    passed     98.53%
 314  MN122206|AS201700155|turdus_merula|NL|2017-08-10                                           0.00%    passed     97.54%
 315  NA|AS20221842|turdus_merula|NL|2022-09-04                                                  0.00%    passed     96.20%
 316  NA|AS20221670|turdus_merula|NL|2022-07-24                                                  0.00%    passed     95.58%
 317  NA|AS20221760|turdus_merula|NL|2022-08-24                                                  0.00%    passed     96.33%
 318  NA|22B00207|turdus_merula|NL|2022-11-12                                                    0.00%    passed     96.48%
 319  NA|AS20221627|turdus_merula|NL|2022-07-28                                                  0.00%    passed     96.48%
 320  NA|AS20221838|turdus_merula|NL|2022-08-22                                                  0.00%    passed     94.99%
 321  NA|22B00462|turdus_merula|NL|2022-09-09                                                    0.00%    passed     98.02%
 322  NA|AS20221775|turdus_merula|NL|2022-08-28                                                  0.00%    passed     96.38%
 323  NA|AS20221846|turdus_merula|NL|2022-09-03                                                  0.00%    passed     98.02%
 324  NA|AS20221755|strix_nebulosa|NL|2022-07-21                                                 0.00%    passed     97.40%
 325  NA|AS20221818|turdus_merula|NL|2022-08-31                                                  0.00%    passed     97.05%
 326  NA|AS20221803|turdus_merula|NL|2022-09-02                                                  0.00%    passed     94.59%
 327  NA|AS20221889|turdus_merula|NL|2022-09-18                                                  0.00%    passed     96.61%
 328  NA|AS20221860|turdus_merula|NL|2022-09-14                                                  0.00%    passed     97.29%
 329  NA|AS20221918|cyanistes_caeruleus|NL|2022-09-15                                            0.00%    passed     95.58%
 330  NA|AS20221913|turdus_merula|NL|2022-09-11                                                  0.00%    passed     97.56%
 331  NA|AS20221884|turdus_merula|NL|2022-09-14                                                  0.00%    passed     97.60%
 332  NA|AS20221875|turdus_merula|NL|2022-09-11                                                  0.00%    passed     98.36%
 333  NA|AS20221942|turdus_merula|NL|2022-09-20                                                  0.00%    passed     95.45%
 334  NA|AS20221958|turdus_merula|NL|2022-09-25                                                  0.00%    passed     97.62%
 335  OM202464|Greater_London_2021|turdus_merula|UK|2021-09                                      0.00%    passed     98.13%
 336  MW001216|NA|turdus_merula|UK|2020-07                                                       0.01%    passed     96.97%
 337  NA|AS20221923|turdus_merula|NL|2022-09-04                                                  0.00%    passed     97.19%
 338  NA|AS20190579|prunella_modularis|NL|2019-09-19                                             0.00%    passed     98.27%
 339  NA|AS20200605|turdus_merula|NL|2020-08-22                                                  0.00%    passed     95.69%
 340  NA|AS20200689|turdus_merula|NL|2020-09-30                                                  0.00%    passed     95.51%
 341  NA|AS20210914|turdus_merula|NL|2021-08-30                                                  0.00%    passed     95.83%
 342  NA|22TV3658|turdus_merula|NL|2022-08-27                                                    0.00%    passed     97.55%
 343  KY426765|NA|turdus_merula|DE|2016-09-30                                                    0.00%    passed     97.89%
 344  NA|Blackbird_London_2022_b|turdus_merula|UK|2022-09                                        0.00%    passed     97.82%
 345  NA|Blackbird_London_2022_a|turdus_merula|UK|2022-09                                        0.00%    passed     98.04%
 346  NA|Blackbird_Cambridgeshire_2023_a|turdus_merula|UK|2023-08                                0.00%    passed     98.13%
 347  NA|22TV3780|turdus_merula|NL|2022-09-11                                                    0.00%    passed     98.25%
 348  NA|AS201700173|strix_nebulosa|NL|2017-08-25                                                0.00%    passed     99.78%
 349  NA|AS201700198|strix_nebulosa|NL|2017-09-05                                                0.00%    passed     99.88%
 350  NA|AS20190450|turdus_merula|NL|2019-09-03                                                  0.00%    passed     99.40%
 351  NA|AS201600067|strix_nebulosa|NL|2016-09-09                                                0.00%    passed     99.59%
 352  NA|AS201600269|strix_nebulosa|NL|2016-09-25                                                0.00%    passed     99.30%
 353  NA|18TV1517|turdus_merula|NL|2018-10-11                                                    0.00%    passed     99.15%
 354  NA|AS20190494|turdus_merula|NL|2019-08-28                                                  0.00%    passed     99.28%
 355  NA|19TV0102|passer_domesticus|NL|2019-04-24                                                0.00%    passed     99.39%
 356  NA|18TV0252|turdus_merula|NL|2018-10-31                                                    0.00%    passed     99.28%
 357  NA|AS20190716|copsychus_malabaricus|NL|2019-10-07                                          0.00%    passed     99.92%
 358  NA|AS20200561|turdus_merula|NL|2020-09-27                                                  0.00%    passed     99.99%
 359  KY426764|NA|turdus_merula|DE|2016-10-04                                                    0.00%    passed     99.70%
 360  NA|17TV1510|turdus_merula|NL|2018-10-06                                                    0.99%    passed     99.22%
 361  MN122251|AS201800151|turdus_merula|NL|2018-08-30                                           0.00%    passed    100.00%
 362  MN122155|AS201600095|turdus_merula|NL|2016-09-21                                           0.00%    passed     98.66%
 363  MN122194|AS201700090|turdus_merula|NL|2017-07-13                                           0.00%    passed     99.28%
 364  NA|AS201600289_BEC009|strix_nebulosa|NL|2016                                               0.00%    passed     98.81%
 365  MN122234|AS201800103|turdus_merula|NL|2018-08-10                                           0.00%    passed     99.30%
 366  MN122237|AS201800114|turdus_merula|NL|2018-08-15                                           0.00%    passed     98.39%
 367  MN122218|AS201800084|turdus_merula|NL|2018-07-31                                           0.00%    passed     99.39%
 368  MN122183|AS201600281|turdus_merula|NL|2016-09-25                                           0.00%    passed     99.68%
 369  MN122204|AS201700130|turdus_merula|NL|2017-08-16                                           0.00%    passed     99.39%
 370  MN122200|AS201700118|turdus_merula|NL|2017-08-03                                           0.00%    passed     99.15%
 371  MN122165|AS201600127|turdus_merula|NL|2016-09-23                                           0.00%    passed     99.52%
 372  MN122208|AS201700170|turdus_merula|NL|2017-08-25                                           0.00%    passed     99.82%
 373  MN122241|AS201800120|turdus_merula|NL|2018-08-17                                           0.00%    passed     99.54%
 374  MN122202|AS201700124|turdus_merula|NL|2017-08-01                                           0.00%    passed     99.78%
 375  MN122239|AS201800116|turdus_merula|NL|2018-08-16                                           0.00%    passed     99.74%
 376  MN122199|AS201700112|turdus_merula|NL|2017-07-27                                           0.00%    passed     99.42%
 377  MN122209|AS201700174|turdus_merula|NL|2017-08-29                                           0.00%    passed     99.54%
 378  MN122242|AS201800121|turdus_merula|NL|2018-08-17                                           0.00%    passed     99.54%
 379  MN122149|AS201600048|turdus_merula|NL|2016-09-07                                           0.00%    passed     99.92%
 380  MN122153|AS201600062|turdus_merula|NL|2016-09-13                                           0.00%    passed     99.84%
 381  MN122193|AS201700087|turdus_merula|NL|2017-07-11                                           0.00%    passed     99.84%
 382  MN122184|AS201600283|turdus_merula|NL|2016-09-27                                           0.00%    passed     99.84%
 383  MN122161|AS201600115|turdus_merula|NL|2016-09-22                                           0.00%    passed     99.55%
 384  MN122195|AS201700096|turdus_merula|NL|2017-07-14                                           0.00%    passed     99.91%
 385  MN122228|AS201800095|turdus_merula|NL|2018-08-06                                           0.00%    passed     99.63%
 386  MN122247|AS201800127|turdus_merula|NL|2018-08-22                                           0.00%    passed     99.89%
 387  MN122221|AS201800088|turdus_merula|NL|2018-08-01                                           0.00%    passed     99.87%
 388  MN122159|AS201600107|turdus_merula|NL|2016-09-22                                           0.00%    passed     99.78%
 389  MN122255|AS201800156|turdus_merula|NL|2018-08-31                                           0.00%    passed     99.92%
 390  MN122191|AS201700084|turdus_merula|NL|2017-07-05                                           0.00%    passed     99.88%
 391  MN122168|AS201600148|turdus_merula|NL|2016-09-23                                           0.00%    passed     99.78%
 392  NA|AS20221789|turdus_merula|NL|2022-08-24                                                  0.00%    passed     99.97%
 393  MN122160|AS201600110|turdus_merula|NL|2016-09-22                                           0.00%    passed     99.62%
 394  MN122226|AS201800093|turdus_merula|NL|2018-08-03                                           0.00%    passed     99.78%
 395  MN122197|AS201700106|turdus_merula|NL|2017-07-25                                           0.00%    passed     99.59%
 396  MN122222|AS201800089|turdus_merula|NL|2018-08-02                                           0.00%    passed     99.59%
 397  MN122217|AS201800082|turdus_merula|NL|2018-07-27                                           0.00%    passed     99.64%
 398  MN122256|AS201800157|turdus_merula|NL|2018-09-04                                           0.00%    passed     99.55%
 399  MN122252|AS201800152|turdus_merula|NL|2018-08-30                                           0.00%    passed     99.89%
 400  MN122253|AS201800154|turdus_merula|NL|2018-08-31                                           0.00%    passed     99.63%
 401  MN122225|AS201800092|turdus_merula|NL|2018-08-02                                           0.00%    passed     99.69%
 402  MN122157|AS201600101|turdus_merula|NL|2016-09-22                                           0.00%    passed     99.87%
 403  MN122212|AS201700189|turdus_merula|NL|2017-09-14                                           0.00%    passed     99.77%
 404  MN122178|AS201600265|turdus_merula|NL|2016-09-30                                           0.00%    passed     99.79%
 405  MN122167|AS201600136|turdus_merula|NL|2016-09-23                                           0.00%    passed     99.78%
 406  MN122210|AS201700177|turdus_merula|NL|2017-09-15                                           0.00%    passed     99.70%
 407  MN122216|AS201800081|turdus_merula|NL|2018-07-27                                           0.00%    passed     99.28%
 408  NA|AS20221828|turdus_merula|NL|2022-08-26                                                  0.00%    passed     99.72%
 409  MN122250|AS201800150|turdus_merula|NL|2018-08-30                                           0.00%    passed     99.71%
 410  NA|AS20222401|turdus_merula|NL|2022-11-10                                                  0.00%    passed     99.54%
 411  MN122146|AS201600036|turdus_merula|NL|2016-09-06                                           0.00%    passed     98.93%
 412  MN122248|AS201800128|turdus_merula|NL|2018-08-22                                           0.00%    passed     99.26%
 413  MN122223|AS201800090|turdus_merula|NL|2018-08-02                                           0.00%    passed     99.42%
 414  KY128482|Snebulosa-6004/NL/2016|strix_nebulosa|NL|2016-09                                  0.00%    passed     99.84%
 415  NA|AS20221851|turdus_merula|NL|2022-09-03                                                  0.00%    passed     99.64%
 416  NA|21TV5071|turdus_merula|NL|2022-07-29                                                    0.00%    passed     99.78%
 417  KY263625|NA|turdus_merula|BE|2016-10                                                       0.00%    passed     99.47%
 418  MK230891|Seraing/2017|turdus_merula|BE|2017-08                                             0.00%    passed     99.92%
 419  KY426754|NA|turdus_merula|DE|2015-09-09                                                    0.00%    passed     99.51%
 420  NA|AS20221780|turdus_merula|NL|2022-08-26                                                  0.00%    passed     98.88%
 421  NA|AS20210829|turdus_merula|NL|2021-09-19                                                  0.00%    passed     99.72%
 422  NA|22TV2594|cyanistes_caeruleus|NL|2022-08-24                                              0.00%    passed     99.84%
 423  NA|AS201700142|strix_nebulosa|NL|2017-08-09                                                0.00%    passed     99.12%
 424  KY426757|NA|turdus_merula|DE|2016-09-23                                                    0.00%    passed     99.71%
 425  OU674388|NA|turdus_merula|LU|2020-09                                                       0.01%    passed     99.54%
 426  NA|AS20200367|turdus_merula|NL|2020-08-16                                                  0.00%    passed     97.48%
 427  NA|18TV1221|turdus_merula|NL|2018-10-13                                                    0.90%    passed     98.99%
 428  OP921077|16TV1039_Ixodesfrontalis|ixodes_frontalis|NL|2016-10-07                           3.69%    passed     98.55%
 429  NA|AS20221880|turdus_merula|NL|2022-09-12                                                  0.99%    passed     98.18%
 430  NA|AS20221994|passer_domesticus|NL|2022-09-19                                              2.16%    passed     96.10%
 431  PQ633267|USUV/NL/2022/SCBC7P30|NA|NL|2022-11-18                                            2.72%    passed     99.14%
 432  NA|AS20221637|turdus_merula|NL|2022-08-04                                                  2.70%    passed     98.52%
 433  MN122207|AS201700167|turdus_merula|NL|2017-09-01                                           2.70%    passed     99.04%
 434  NA|AS20221952|streptopelia_decaocto|NL|2022-09-27                                          2.67%    passed     97.45%
 435  NA|AS20221660|turdus_merula|NL|2022-08-08                                                  2.70%    passed     99.18%
 436  ON755216|Turdusmerula14_feather_WLC_Day0|turdus_merula|NL|2016                             1.22%    passed     91.64%
 437  ON755217|Turdusmerula15_feather_WLC_Day0|turdus_merula|NL|2016                             1.22%    passed     95.97%
 438  ON755210|Turdusmerula17_feather_WLC_Day43|turdus_merula|NL|2016                            1.22%    passed     98.37%
 439  ON755222|Turdusmerula13_feather_3W2L_Day43|turdus_merula|NL|2016                           1.22%    passed     98.45%
 440  ON755212|Turdusmerula20_feather_WLC_Day43|turdus_merula|NL|2016                            1.22%    passed     99.85%
 441  OP007489|WBVR_bird-X-2016|strix_nebulosa|NL|2016-09-09                                     1.69%    passed     99.60%
 442  NA|22B00749|turdidae_sp|NL|2022-09-21                                                      3.12%    passed     99.13%
 443  NA|AS20221928|turdus_merula|NL|2022-09-25                                                  2.60%    passed     94.37%
 444  OP921078|18TV0973_Turdusphilomelos|turdidae_sp|NL|2018-08-18                               4.59%    passed     99.88%
 445  OP921081|16TV1131_Ixodesricinus_6|ixodes_ricinus|NL|2016-10-16                             2.77%    passed     96.77%
 446  ON755219|Turdusmerula18_feather_WLC_Day0|turdus_merula|NL|2016                             3.98%    passed     81.67%
 447  NA|18TV1196|turdidae_sp|NL|2018-09-16                                                      3.05%    passed     95.66%
 448  KU573074|245735-8/2013|culex_pipiens|IT|2013                                               0.17%    passed     99.94%
 449  OR757496|1740423|NA|IT|2023-07-15                                                          0.37%    passed     99.99%
 450  ON813229|SN2005_ArD_173133|culex_neavei|SN|2005                                            0.45%    passed     98.77%
 451  KX816646|200092/2010|turdus_merula|IT|2010-08                                              1.01%    passed     99.14%
 452  PV541149|7096_2024|homo_sapiens|HU|2024-08-07                                              0.45%    passed     99.83%
 453  PV523802|9731|homo_sapiens|HU|2024-10-12                                                   0.44%    passed     99.49%
 454  PV501209|373|culex_sp|HU|2024-08-16                                                        0.44%    passed     99.82%
 455  PV501208|296|culex_sp|HU|2024-08-02                                                        0.52%    passed     99.99%
 456  PV501211|412|culex_sp|HU|2024-08-07                                                        0.48%    passed     99.68%
 457  PV501210|406|culex_sp|HU|2024-08-24                                                        0.44%    passed     99.96%
 458  PV501212|416|culex_sp|HU|2024-07-31                                                        0.44%    passed     99.90%
 459  PV235993|USUV/NL/2019/CMV442|culex_sp|NL|2019-08-22                                        5.01%    passed     93.68%
 460  PV235995|USUV/NL/2022/CMV3308|culex_sp|NL|2022-07-13                                       0.44%    passed     91.72%
 461  PV235996|USUV/NL/2022/CMV3394|culex_sp|NL|2022-07-26                                       0.48%    passed     97.06%
 462  PV235994|USUV/NL/2021/CMV2045|culex_sp|NL|2021-07-26                                       0.44%    passed     97.84%
 463  PV207916|WNV0001|homo_sapiens|ES|2024-09-09                                                0.44%    passed     97.62%
 464  OR921101|2023TE1838411|culex_pipiens|IT|2023-09-08                                         0.59%    passed     99.84%
 465  OR921099|2023TE1908111|turdus_merula|IT|2023-09-15                                         0.69%    passed     99.58%
 466  OP734249|NA|culex_pipiens|IT|2022-08-01                                                    0.90%    passed    100.00%
 467  OP734258|NA|culex_pipiens|IT|2022-07-27                                                    3.22%    passed     97.18%
 468  OR921098|2023TE1683511|columba_palumbus|IT|2023-08-23                                      1.41%    passed     99.72%
 469  OR921105|2023TE1839111|phoenicurus_phoenicurus|IT|2023-09-08                               1.40%    passed     99.47%
 470  ON813226|SN2005_173459|culex_neavei|SN|2005                                                1.41%    passed     97.87%
 471  OR757495|1740422|culex_pipiens|IT|2023-07-18                                               1.96%    passed     99.90%
 472  PP104384|TE2518112|culex_pipiens|IT|2023-09-22                                             3.54%    passed     99.43%
 473  OR921093|2023TE1639111|culex_pipiens|IT|2023-08-11                                         2.53%    passed     99.81%
 474  OP734259|NA|culex_pipiens|IT|2022-07-25                                                    2.29%    passed     98.88%
 475  ON813225|SN2013_260237|culex_neavei|SN|2013                                                2.53%    passed     97.58%
 476  OP734248|NA|culex_pipiens|IT|2022-07-29                                                    2.36%    passed     99.62%
 477  OP734255|NA|culex_pipiens|IT|2022-07-27                                                    2.37%    passed     99.67%
 478  ON813220|SN2016_286066|culex_neavei|SN|2016                                                4.58%    passed     97.40%
 479  ON813224|SN2016_286099|culex_poicilipes|SN|2016                                            4.14%    passed     98.81%
 480  OP734245|NA|culex_pipiens|IT|2022-07-01                                                    2.46%    passed     99.67%
 481  PP104386|TE2518312|culex_pipiens|IT|2023-09-08                                             2.38%    passed     99.17%
 482  OR757488|1572124|culex_pipiens|IT|2023-07-06                                               2.39%    passed     99.91%
 483  PP104389|TE2518712|culex_pipiens|IT|2023-09-22                                             2.84%    passed     99.32%
 484  ON813223|SN2016_286125|culex_neavei|SN|2016                                                4.50%    passed     98.30%
 485  OR757491|17404212|laridae_sp|IT|2023-07-20                                                 2.40%    passed     99.64%
 486  OR921095|2023TE1639211|culex_pipiens|IT|2023-08-11                                         2.41%    passed     99.60%
 487  PP104385|TE2518212|culex_pipiens|IT|2023-09-22                                             2.40%    passed     99.95%
 488  ON813222|SN2016_288158|culex_neavei|SN|2016                                                2.46%    passed     99.87%
 489  ON813221|SN2016_288129|culex_neavei|SN|2016                                                2.45%    passed     99.56%
 490  OP734261|NA|culex_pipiens|IT|2022-07-08                                                    4.36%    passed     99.28%
 491  OR921096|2023TE1822511|turdus_merula|IT|2023-09-07                                         2.83%    passed     99.79%
 492  ON813236|305920/2021|culex_pipiens|IT|2021                                                 4.99%    passed     99.98%
 493  PP104390|TE2518812|columbidae_sp|IT|2023-08-25                                             3.65%    passed     99.24%
****  TOTAL                                                                                      0.30%  0 sequences failed composition chi2 test (p-value<5%; df=3)
Creating fast initial parsimony tree by random order stepwise addition...
2.725 seconds, parsimony score: 6570 (based on 3136 sites)
Generating 1000 samples for ultrafast bootstrap (seed: 161274)...

NOTE: 63 MB RAM (0 GB) is required!
Measuring multi-threading efficiency up to 16 CPU cores
Increase to 10 rounds for branch lengths
30 trees examined
Threads: 1 / Time: 16.226 sec / Speedup: 1.000 / Efficiency: 100% / LogL: -385363
Threads: 2 / Time: 10.859 sec / Speedup: 1.494 / Efficiency: 75% / LogL: -385363
Threads: 3 / Time: 7.802 sec / Speedup: 2.080 / Efficiency: 69% / LogL: -385363
Threads: 4 / Time: 6.416 sec / Speedup: 2.529 / Efficiency: 63% / LogL: -385363
Threads: 5 / Time: 5.740 sec / Speedup: 2.827 / Efficiency: 57% / LogL: -385363
Threads: 6 / Time: 5.139 sec / Speedup: 3.158 / Efficiency: 53% / LogL: -385363
Threads: 7 / Time: 6.581 sec / Speedup: 2.466 / Efficiency: 35% / LogL: -385363
BEST NUMBER OF THREADS: 6

Estimate model parameters (epsilon = 0.100)
1. Initial log-likelihood: -71157.566
2. Current log-likelihood: -66601.656
3. Current log-likelihood: -65348.696
Optimal log-likelihood: -65348.638
Rate parameters:  A-C: 0.91636  A-G: 8.84010  A-T: 1.19127  C-G: 0.23654  C-T: 28.23895  G-T: 1.00000
Base frequencies:  A: 0.270  C: 0.228  G: 0.284  T: 0.218
Parameters optimization took 3 rounds (1.076 sec)
Wrote distance file to... 
Computing ML distances based on estimated model parameters...
Calculating distance matrix: done in 0.178133 secs using 598.8% CPU
Computing ML distances took 0.179854 sec (of wall-clock time) 1.074225 sec (of CPU time)
Setting up auxiliary I and S matrices: done in 0.000892878 secs using 437.2% CPU
Computing RapidNJ tree took 0.020480 sec (of wall-clock time) 0.131668 sec (of CPU time)
Log-likelihood of RapidNJ tree: -65798.777
--------------------------------------------------------------------
|             INITIALIZING CANDIDATE TREE SET                      |
--------------------------------------------------------------------
Generating 98 parsimony trees... 3.657 second
Computing log-likelihood of 98 initial trees ... 2.214 seconds
Current best score: -65291.076

Do NNI search on 20 best initial trees
Estimate model parameters (epsilon = 0.100)
BETTER TREE FOUND at iteration 1: -65262.588
Estimate model parameters (epsilon = 0.100)
BETTER TREE FOUND at iteration 3: -65261.683
Estimate model parameters (epsilon = 0.100)
BETTER TREE FOUND at iteration 4: -65254.873
Estimate model parameters (epsilon = 0.100)
BETTER TREE FOUND at iteration 7: -65251.566
Iteration 10 / LogL: -65275.075 / Time: 0h:1m:20s
